#-----------------------------------------------------------
# Vivado v2019.2 (64-bit)
# SW Build 2708876 on Wed Nov  6 21:40:23 MST 2019
# IP Build 2700528 on Thu Nov  7 00:09:20 MST 2019
# Start of session at: Fri Nov  1 16:08:54 2024
# Process ID: 27032
# Current directory: H:/FPGA_basicproject/hdmi/project/project_HDMI
# Command line: vivado.exe -gui_launcher_event rodinguilauncherevent2916 H:\FPGA_basicproject\hdmi\project\project_HDMI\project_HDMI.xpr
# Log file: H:/FPGA_basicproject/hdmi/project/project_HDMI/vivado.log
# Journal file: H:/FPGA_basicproject/hdmi/project/project_HDMI\vivado.jou
#-----------------------------------------------------------
start_gui
open_project H:/FPGA_basicproject/hdmi/project/project_HDMI/project_HDMI.xpr
Scanning sources...
Finished scanning sources
INFO: [IP_Flow 19-234] Refreshing IP repositories
INFO: [IP_Flow 19-1704] No user IP repositories specified
INFO: [IP_Flow 19-2313] Loaded Vivado IP repository 'H:/vivado/Vivado/2019.2/data/ip'.
open_project: Time (s): cpu = 00:00:21 ; elapsed = 00:00:09 . Memory (MB): peak = 956.082 ; gain = 230.723
update_compile_order -fileset sources_1
exit
INFO: [Common 17-206] Exiting Vivado at Fri Nov  1 16:16:50 2024...
