#-----------------------------------------------------------
# Vivado v2019.2 (64-bit)
# SW Build 2708876 on Wed Nov  6 21:40:23 MST 2019
# IP Build 2700528 on Thu Nov  7 00:09:20 MST 2019
# Start of session at: Mon Nov  4 21:16:17 2024
# Process ID: 32192
# Current directory: H:/FPGA_basicproject/hdmi/project/project_HDMI
# Command line: vivado.exe -gui_launcher_event rodinguilauncherevent16724 H:\FPGA_basicproject\hdmi\project\project_HDMI\project_HDMI.xpr
# Log file: H:/FPGA_basicproject/hdmi/project/project_HDMI/vivado.log
# Journal file: H:/FPGA_basicproject/hdmi/project/project_HDMI\vivado.jou
#-----------------------------------------------------------
start_gui
open_project H:/FPGA_basicproject/hdmi/project/project_HDMI/project_HDMI.xpr
Scanning sources...
Finished scanning sources
INFO: [IP_Flow 19-234] Refreshing IP repositories
INFO: [IP_Flow 19-1704] No user IP repositories specified
INFO: [IP_Flow 19-2313] Loaded Vivado IP repository 'H:/vivado/Vivado/2019.2/data/ip'.
open_project: Time (s): cpu = 00:00:11 ; elapsed = 00:00:07 . Memory (MB): peak = 925.961 ; gain = 220.316
update_compile_order -fileset sources_1
add_files -norecurse H:/FPGA_basicproject/hdmi/TMDS.v
update_compile_order -fileset sources_1
export_ip_user_files -of_objects  [get_files H:/FPGA_basicproject/hdmi/TMDS.v] -no_script -reset -force -quiet
remove_files  H:/FPGA_basicproject/hdmi/TMDS.v
exit
INFO: [Common 17-206] Exiting Vivado at Mon Nov  4 21:19:11 2024...
