#-----------------------------------------------------------
# Vivado v2021.2 (64-bit)
# SW Build 3367213 on Tue Oct 19 02:48:09 MDT 2021
# IP Build 3369179 on Thu Oct 21 08:25:16 MDT 2021
# Start of session at: Tue Dec 17 15:18:13 2024
# Process ID: 23884
# Current directory: H:/FPGA_basicproject/ARP/project/project_arp
# Command line: vivado.exe -gui_launcher_event rodinguilauncherevent23016 H:\FPGA_basicproject\ARP\project\project_arp\project_arp.xpr
# Log file: H:/FPGA_basicproject/ARP/project/project_arp/vivado.log
# Journal file: H:/FPGA_basicproject/ARP/project/project_arp\vivado.jou
# Running On: DESKTOP-DQRH7QF, OS: Windows, CPU Frequency: 2304 MHz, CPU Physical cores: 8, Host memory: 16893 MB
#-----------------------------------------------------------
start_gui
open_project H:/FPGA_basicproject/ARP/project/project_arp/project_arp.xpr
WARNING: [Board 49-26] cannot add Board Part xilinx.com:kc705:part0:1.6 available at D:/vivado/Vivado/2021.2/data/xhub/boards/XilinxBoardStore/boards/Xilinx/kc705/1.6/board.xml as part xc7k325tffg900-2 specified in board_part file is either invalid or not available
WARNING: [Board 49-26] cannot add Board Part xilinx.com:kcu105:part0:1.6 available at D:/vivado/Vivado/2021.2/data/xhub/boards/XilinxBoardStore/boards/Xilinx/kcu105/1.6/board.xml as part xcku040-ffva1156-2-e specified in board_part file is either invalid or not available
WARNING: [Board 49-26] cannot add Board Part xilinx.com:kcu105:part0:1.7 available at D:/vivado/Vivado/2021.2/data/xhub/boards/XilinxBoardStore/boards/Xilinx/kcu105/1.7/board.xml as part xcku040-ffva1156-2-e specified in board_part file is either invalid or not available
WARNING: [Board 49-26] cannot add Board Part xilinx.com:kcu1500:part0:1.2 available at D:/vivado/Vivado/2021.2/data/xhub/boards/XilinxBoardStore/boards/Xilinx/kcu1500/1.2/board.xml as part xcku115-flvb2104-2-e specified in board_part file is either invalid or not available
WARNING: [Board 49-26] cannot add Board Part xilinx.com:vc707:part0:1.4 available at D:/vivado/Vivado/2021.2/data/xhub/boards/XilinxBoardStore/boards/Xilinx/vc707/1.4/board.xml as part xc7vx485tffg1761-2 specified in board_part file is either invalid or not available
WARNING: [Board 49-26] cannot add Board Part xilinx.com:vc709:part0:1.8 available at D:/vivado/Vivado/2021.2/data/xhub/boards/XilinxBoardStore/boards/Xilinx/vc709/1.8/board.xml as part xc7vx690tffg1761-2 specified in board_part file is either invalid or not available
WARNING: [Board 49-26] cannot add Board Part xilinx.com:vck190:part0:2.2 available at D:/vivado/Vivado/2021.2/data/xhub/boards/XilinxBoardStore/boards/Xilinx/vck190/production/2.2/board.xml as part xcvc1902-vsva2197-2mp-e-s specified in board_part file is either invalid or not available
WARNING: [Board 49-26] cannot add Board Part xilinx.com:vck190_es:part0:1.3 available at D:/vivado/Vivado/2021.2/data/xhub/boards/XilinxBoardStore/boards/Xilinx/vck190/es/1.3/board.xml as part xcvc1902-vsva2197-2mp-e-s-es1 specified in board_part file is either invalid or not available
WARNING: [Board 49-26] cannot add Board Part xilinx.com:vcu108:part0:1.6 available at D:/vivado/Vivado/2021.2/data/xhub/boards/XilinxBoardStore/boards/Xilinx/vcu108/1.6/board.xml as part xcvu095-ffva2104-2-e specified in board_part file is either invalid or not available
WARNING: [Board 49-26] cannot add Board Part xilinx.com:vcu108:part0:1.7 available at D:/vivado/Vivado/2021.2/data/xhub/boards/XilinxBoardStore/boards/Xilinx/vcu108/1.7/board.xml as part xcvu095-ffva2104-2-e specified in board_part file is either invalid or not available
WARNING: [Board 49-26] cannot add Board Part xilinx.com:vcu110:part0:1.4 available at D:/vivado/Vivado/2021.2/data/xhub/boards/XilinxBoardStore/boards/Xilinx/vcu110/1.4/board.xml as part xcvu190-flgc2104-2-e specified in board_part file is either invalid or not available
WARNING: [Board 49-26] cannot add Board Part xilinx.com:vcu118:part0:2.0 available at D:/vivado/Vivado/2021.2/data/xhub/boards/XilinxBoardStore/boards/Xilinx/vcu118/2.0/board.xml as part xcvu9p-flga2104-2l-e specified in board_part file is either invalid or not available
WARNING: [Board 49-26] cannot add Board Part xilinx.com:vcu118:part0:2.3 available at D:/vivado/Vivado/2021.2/data/xhub/boards/XilinxBoardStore/boards/Xilinx/vcu118/2.3/board.xml as part xcvu9p-flga2104-2l-e specified in board_part file is either invalid or not available
WARNING: [Board 49-26] cannot add Board Part xilinx.com:vcu118:part0:2.4 available at D:/vivado/Vivado/2021.2/data/xhub/boards/XilinxBoardStore/boards/Xilinx/vcu118/2.4/board.xml as part xcvu9p-flga2104-2l-e specified in board_part file is either invalid or not available
WARNING: [Board 49-26] cannot add Board Part xilinx.com:vcu128:part0:1.0 available at D:/vivado/Vivado/2021.2/data/xhub/boards/XilinxBoardStore/boards/Xilinx/vcu128/production/1.0/board.xml as part xcvu37p-fsvh2892-2l-e specified in board_part file is either invalid or not available
WARNING: [Board 49-26] cannot add Board Part xilinx.com:vcu129:part0:1.0 available at D:/vivado/Vivado/2021.2/data/xhub/boards/XilinxBoardStore/boards/Xilinx/vcu129/production/1.0/board.xml as part xcvu29p-fsga2577-2l-e specified in board_part file is either invalid or not available
WARNING: [Board 49-26] cannot add Board Part xilinx.com:vcu1525:part0:1.3 available at D:/vivado/Vivado/2021.2/data/xhub/boards/XilinxBoardStore/boards/Xilinx/vcu1525/1.3/board.xml as part xcvu9p-fsgd2104-2l-e specified in board_part file is either invalid or not available
WARNING: [Board 49-26] cannot add Board Part xilinx.com:vermeo_t1_mpsoc:part0:1.0 available at D:/vivado/Vivado/2021.2/data/xhub/boards/XilinxBoardStore/boards/Xilinx/vermeo_t1_mpsoc/1.0/board.xml as part xczu19eg-ffvd1760-2l-e specified in board_part file is either invalid or not available
WARNING: [Board 49-26] cannot add Board Part xilinx.com:vermeo_t1_rfsoc:part0:1.0 available at D:/vivado/Vivado/2021.2/data/xhub/boards/XilinxBoardStore/boards/Xilinx/vermeo_t1_rfsoc/1.0/board.xml as part xczu21dr-ffvd1156-2l-e specified in board_part file is either invalid or not available
WARNING: [Board 49-26] cannot add Board Part xilinx.com:vmk180:part0:2.2 available at D:/vivado/Vivado/2021.2/data/xhub/boards/XilinxBoardStore/boards/Xilinx/vmk180/production/2.2/board.xml as part xcvm1802-vsva2197-2mp-e-s specified in board_part file is either invalid or not available
WARNING: [Board 49-26] cannot add Board Part xilinx.com:vmk180_es:part0:1.3 available at D:/vivado/Vivado/2021.2/data/xhub/boards/XilinxBoardStore/boards/Xilinx/vmk180/es/1.3/board.xml as part xcvm1802-vsva2197-2mp-e-s-es1 specified in board_part file is either invalid or not available
WARNING: [Board 49-26] cannot add Board Part xilinx.com:vpk120_es:part0:1.2 available at D:/vivado/Vivado/2021.2/data/xhub/boards/XilinxBoardStore/boards/Xilinx/vpk120/es/1.2/board.xml as part xcvp1202-vsva2785-2mp-e-s-es1 specified in board_part file is either invalid or not available
WARNING: [Board 49-26] cannot add Board Part xilinx.com:zc706:part0:1.4 available at D:/vivado/Vivado/2021.2/data/xhub/boards/XilinxBoardStore/boards/Xilinx/zc706/1.4/board.xml as part xc7z045ffg900-2 specified in board_part file is either invalid or not available
WARNING: [Board 49-26] cannot add Board Part xilinx.com:zcu102:part0:3.3 available at D:/vivado/Vivado/2021.2/data/xhub/boards/XilinxBoardStore/boards/Xilinx/zcu102/3.3/board.xml as part xczu9eg-ffvb1156-2-e specified in board_part file is either invalid or not available
WARNING: [Board 49-26] cannot add Board Part xilinx.com:zcu102:part0:3.4 available at D:/vivado/Vivado/2021.2/data/xhub/boards/XilinxBoardStore/boards/Xilinx/zcu102/3.4/board.xml as part xczu9eg-ffvb1156-2-e specified in board_part file is either invalid or not available
WARNING: [Board 49-26] cannot add Board Part xilinx.com:zcu111:part0:1.2 available at D:/vivado/Vivado/2021.2/data/xhub/boards/XilinxBoardStore/boards/Xilinx/zcu111/1.2/board.xml as part xczu28dr-ffvg1517-2-e specified in board_part file is either invalid or not available
WARNING: [Board 49-26] cannot add Board Part xilinx.com:zcu111:part0:1.3 available at D:/vivado/Vivado/2021.2/data/xhub/boards/XilinxBoardStore/boards/Xilinx/zcu111/1.3/board.xml as part xczu28dr-ffvg1517-2-e specified in board_part file is either invalid or not available
WARNING: [Board 49-26] cannot add Board Part xilinx.com:zcu111:part0:1.4 available at D:/vivado/Vivado/2021.2/data/xhub/boards/XilinxBoardStore/boards/Xilinx/zcu111/1.4/board.xml as part xczu28dr-ffvg1517-2-e specified in board_part file is either invalid or not available
WARNING: [Board 49-26] cannot add Board Part xilinx.com:zcu1275:part0:1.0 available at D:/vivado/Vivado/2021.2/data/xhub/boards/XilinxBoardStore/boards/Xilinx/zcu1275/1.0/board.xml as part xczu29dr-ffvf1760-2-e specified in board_part file is either invalid or not available
WARNING: [Board 49-26] cannot add Board Part xilinx.com:zcu1285:part0:1.0 available at D:/vivado/Vivado/2021.2/data/xhub/boards/XilinxBoardStore/boards/Xilinx/zcu1285/1.0/board.xml as part xczu39dr-ffvf1760-2-i specified in board_part file is either invalid or not available
WARNING: [Board 49-26] cannot add Board Part xilinx.com:zcu208:part0:2.0 available at D:/vivado/Vivado/2021.2/data/xhub/boards/XilinxBoardStore/boards/Xilinx/zcu208/production/2.0/board.xml as part xczu48dr-fsvg1517-2-e specified in board_part file is either invalid or not available
WARNING: [Board 49-26] cannot add Board Part xilinx.com:zcu208_es:part0:1.0 available at D:/vivado/Vivado/2021.2/data/xhub/boards/XilinxBoardStore/boards/Xilinx/zcu208/es/1.0/board.xml as part xczu48dr-fsvg1517-2-e-es1 specified in board_part file is either invalid or not available
WARNING: [Board 49-26] cannot add Board Part xilinx.com:zcu208_es:part0:1.1 available at D:/vivado/Vivado/2021.2/data/xhub/boards/XilinxBoardStore/boards/Xilinx/zcu208/es/1.1/board.xml as part xczu48dr-fsvg1517-2-e-es1 specified in board_part file is either invalid or not available
WARNING: [Board 49-26] cannot add Board Part xilinx.com:zcu208_es:part0:1.2 available at D:/vivado/Vivado/2021.2/data/xhub/boards/XilinxBoardStore/boards/Xilinx/zcu208/es/1.2/board.xml as part xczu48dr-fsvg1517-2-e-es1 specified in board_part file is either invalid or not available
WARNING: [Board 49-26] cannot add Board Part xilinx.com:zcu208ld:part0:2.0 available at D:/vivado/Vivado/2021.2/data/xhub/boards/XilinxBoardStore/boards/Xilinx/zcu208ld/production/2.0/board.xml as part xczu58dr-fsvg1517-2-i specified in board_part file is either invalid or not available
WARNING: [Board 49-26] cannot add Board Part xilinx.com:zcu208ld_es:part0:1.0 available at D:/vivado/Vivado/2021.2/data/xhub/boards/XilinxBoardStore/boards/Xilinx/zcu208ld/es/1.0/board.xml as part xczu58dr-fsvg1517-2-i-es1 specified in board_part file is either invalid or not available
WARNING: [Board 49-26] cannot add Board Part xilinx.com:zcu216:part0:2.0 available at D:/vivado/Vivado/2021.2/data/xhub/boards/XilinxBoardStore/boards/Xilinx/zcu216/production/2.0/board.xml as part xczu49dr-ffvf1760-2-e specified in board_part file is either invalid or not available
WARNING: [Board 49-26] cannot add Board Part xilinx.com:zcu216_es:part0:1.0 available at D:/vivado/Vivado/2021.2/data/xhub/boards/XilinxBoardStore/boards/Xilinx/zcu216/es/1.0/board.xml as part xczu49dr-ffvf1760-2-e-es1 specified in board_part file is either invalid or not available
WARNING: [Board 49-26] cannot add Board Part xilinx.com:zcu216_es:part0:1.1 available at D:/vivado/Vivado/2021.2/data/xhub/boards/XilinxBoardStore/boards/Xilinx/zcu216/es/1.1/board.xml as part xczu49dr-ffvf1760-2-e-es1 specified in board_part file is either invalid or not available
WARNING: [Board 49-26] cannot add Board Part xilinx.com:zcu216_es:part0:1.2 available at D:/vivado/Vivado/2021.2/data/xhub/boards/XilinxBoardStore/boards/Xilinx/zcu216/es/1.2/board.xml as part xczu49dr-ffvf1760-2-e-es1 specified in board_part file is either invalid or not available
WARNING: [Board 49-26] cannot add Board Part xilinx.com:zcu216ld:part0:2.0 available at D:/vivado/Vivado/2021.2/data/xhub/boards/XilinxBoardStore/boards/Xilinx/zcu216ld/production/2.0/board.xml as part xczu59dr-ffvf1760-2-i specified in board_part file is either invalid or not available
WARNING: [Board 49-26] cannot add Board Part xilinx.com:zcu216ld_es:part0:1.0 available at D:/vivado/Vivado/2021.2/data/xhub/boards/XilinxBoardStore/boards/Xilinx/zcu216ld/es/1.0/board.xml as part xczu59dr-ffvf1760-2-i-es1 specified in board_part file is either invalid or not available
WARNING: [Board 49-26] cannot add Board Part xilinx.com:zcu670:part0:1.0 available at D:/vivado/Vivado/2021.2/data/xhub/boards/XilinxBoardStore/boards/Xilinx/zcu670/1.0/board.xml as part xczu67dr-fsve1156-2-i specified in board_part file is either invalid or not available
INFO: [filemgmt 56-3] Default IP Output Path : Could not find the directory 'H:/FPGA_basicproject/ARP/project/project_arp/project_arp.gen/sources_1'.
Scanning sources...
Finished scanning sources
INFO: [IP_Flow 19-234] Refreshing IP repositories
INFO: [IP_Flow 19-1704] No user IP repositories specified
INFO: [IP_Flow 19-2313] Loaded Vivado IP repository 'D:/vivado/Vivado/2021.2/data/ip'.
open_project: Time (s): cpu = 00:00:15 ; elapsed = 00:00:07 . Memory (MB): peak = 1254.797 ; gain = 0.000
update_compile_order -fileset sources_1
synth_design -rtl -rtl_skip_mlo -name rtl_1
Command: synth_design -rtl -rtl_skip_mlo -name rtl_1
Starting synth_design
Using part: xc7a35tfgg484-1
Top: top_arp
INFO: [Device 21-403] Loading part xc7a35tfgg484-1
---------------------------------------------------------------------------------
Starting RTL Elaboration : Time (s): cpu = 00:00:04 ; elapsed = 00:00:04 . Memory (MB): peak = 1747.281 ; gain = 335.566
---------------------------------------------------------------------------------
INFO: [Synth 8-6157] synthesizing module 'top_arp' [H:/FPGA_basicproject/ARP/top_arp.v:1]
INFO: [Synth 8-6157] synthesizing module 'arp_ctrl' [H:/FPGA_basicproject/ARP/arp_ctrl.v:1]
INFO: [Synth 8-6155] done synthesizing module 'arp_ctrl' (1#1) [H:/FPGA_basicproject/ARP/arp_ctrl.v:1]
INFO: [Synth 8-6157] synthesizing module 'arp' [H:/FPGA_basicproject/ARP/arp.v:1]
INFO: [Synth 8-6157] synthesizing module 'arp_tx' [H:/FPGA_basicproject/ARP/arp_tx.v:1]
INFO: [Synth 8-155] case statement is not full and has no default [H:/FPGA_basicproject/ARP/arp_tx.v:186]
INFO: [Synth 8-6155] done synthesizing module 'arp_tx' (2#1) [H:/FPGA_basicproject/ARP/arp_tx.v:1]
INFO: [Synth 8-6157] synthesizing module 'arp_rx' [H:/FPGA_basicproject/ARP/arp_rx.v:1]
INFO: [Synth 8-6155] done synthesizing module 'arp_rx' (3#1) [H:/FPGA_basicproject/ARP/arp_rx.v:1]
INFO: [Synth 8-6157] synthesizing module 'crc' [H:/FPGA_basicproject/ARP/crc32.v:1]
INFO: [Synth 8-6155] done synthesizing module 'crc' (4#1) [H:/FPGA_basicproject/ARP/crc32.v:1]
INFO: [Synth 8-6155] done synthesizing module 'arp' (5#1) [H:/FPGA_basicproject/ARP/arp.v:1]
INFO: [Synth 8-6157] synthesizing module 'top_rgmii' [H:/FPGA_basicproject/ARP/top_rgmii.v:1]
INFO: [Synth 8-6157] synthesizing module 'rgmii_rx' [H:/FPGA_basicproject/ARP/RGMII_rx.v:2]
INFO: [Synth 8-6157] synthesizing module 'IDDR' [D:/vivado/Vivado/2021.2/scripts/rt/data/unisim_comp.v:57178]
	Parameter DDR_CLK_EDGE bound to: SAME_EDGE_PIPELINED - type: string 
	Parameter INIT_Q1 bound to: 1'b0 
	Parameter INIT_Q2 bound to: 1'b0 
	Parameter SRTYPE bound to: SYNC - type: string 
INFO: [Synth 8-6155] done synthesizing module 'IDDR' (6#1) [D:/vivado/Vivado/2021.2/scripts/rt/data/unisim_comp.v:57178]
INFO: [Synth 8-6157] synthesizing module 'BUFG' [D:/vivado/Vivado/2021.2/scripts/rt/data/unisim_comp.v:1083]
INFO: [Synth 8-6155] done synthesizing module 'BUFG' (7#1) [D:/vivado/Vivado/2021.2/scripts/rt/data/unisim_comp.v:1083]
INFO: [Synth 8-6157] synthesizing module 'BUFIO' [D:/vivado/Vivado/2021.2/scripts/rt/data/unisim_comp.v:1344]
INFO: [Synth 8-6155] done synthesizing module 'BUFIO' (8#1) [D:/vivado/Vivado/2021.2/scripts/rt/data/unisim_comp.v:1344]
INFO: [Synth 8-6155] done synthesizing module 'rgmii_rx' (9#1) [H:/FPGA_basicproject/ARP/RGMII_rx.v:2]
INFO: [Synth 8-6157] synthesizing module 'rgmii_tx' [H:/FPGA_basicproject/ARP/RGMII_tx.v:2]
INFO: [Synth 8-6157] synthesizing module 'ODDR' [D:/vivado/Vivado/2021.2/scripts/rt/data/unisim_comp.v:74749]
	Parameter DDR_CLK_EDGE bound to: SAME_EDGE - type: string 
	Parameter INIT bound to: 1'b0 
	Parameter SRTYPE bound to: SYNC - type: string 
INFO: [Synth 8-6155] done synthesizing module 'ODDR' (10#1) [D:/vivado/Vivado/2021.2/scripts/rt/data/unisim_comp.v:74749]
INFO: [Synth 8-6155] done synthesizing module 'rgmii_tx' (11#1) [H:/FPGA_basicproject/ARP/RGMII_tx.v:2]
INFO: [Synth 8-6155] done synthesizing module 'top_rgmii' (12#1) [H:/FPGA_basicproject/ARP/top_rgmii.v:1]
INFO: [Synth 8-6155] done synthesizing module 'top_arp' (13#1) [H:/FPGA_basicproject/ARP/top_arp.v:1]
WARNING: [Synth 8-7129] Port des_ip[31] in module arp_tx is either unconnected or has no load
WARNING: [Synth 8-7129] Port des_ip[30] in module arp_tx is either unconnected or has no load
WARNING: [Synth 8-7129] Port des_ip[29] in module arp_tx is either unconnected or has no load
WARNING: [Synth 8-7129] Port des_ip[28] in module arp_tx is either unconnected or has no load
WARNING: [Synth 8-7129] Port des_ip[27] in module arp_tx is either unconnected or has no load
WARNING: [Synth 8-7129] Port des_ip[26] in module arp_tx is either unconnected or has no load
WARNING: [Synth 8-7129] Port des_ip[25] in module arp_tx is either unconnected or has no load
WARNING: [Synth 8-7129] Port des_ip[24] in module arp_tx is either unconnected or has no load
WARNING: [Synth 8-7129] Port des_ip[23] in module arp_tx is either unconnected or has no load
WARNING: [Synth 8-7129] Port des_ip[22] in module arp_tx is either unconnected or has no load
WARNING: [Synth 8-7129] Port des_ip[21] in module arp_tx is either unconnected or has no load
WARNING: [Synth 8-7129] Port des_ip[20] in module arp_tx is either unconnected or has no load
WARNING: [Synth 8-7129] Port des_ip[19] in module arp_tx is either unconnected or has no load
WARNING: [Synth 8-7129] Port des_ip[18] in module arp_tx is either unconnected or has no load
WARNING: [Synth 8-7129] Port des_ip[17] in module arp_tx is either unconnected or has no load
WARNING: [Synth 8-7129] Port des_ip[16] in module arp_tx is either unconnected or has no load
WARNING: [Synth 8-7129] Port des_ip[15] in module arp_tx is either unconnected or has no load
WARNING: [Synth 8-7129] Port des_ip[14] in module arp_tx is either unconnected or has no load
WARNING: [Synth 8-7129] Port des_ip[13] in module arp_tx is either unconnected or has no load
WARNING: [Synth 8-7129] Port des_ip[12] in module arp_tx is either unconnected or has no load
WARNING: [Synth 8-7129] Port des_ip[11] in module arp_tx is either unconnected or has no load
WARNING: [Synth 8-7129] Port des_ip[10] in module arp_tx is either unconnected or has no load
WARNING: [Synth 8-7129] Port des_ip[9] in module arp_tx is either unconnected or has no load
WARNING: [Synth 8-7129] Port des_ip[8] in module arp_tx is either unconnected or has no load
WARNING: [Synth 8-7129] Port des_ip[7] in module arp_tx is either unconnected or has no load
WARNING: [Synth 8-7129] Port des_ip[6] in module arp_tx is either unconnected or has no load
WARNING: [Synth 8-7129] Port des_ip[5] in module arp_tx is either unconnected or has no load
WARNING: [Synth 8-7129] Port des_ip[4] in module arp_tx is either unconnected or has no load
WARNING: [Synth 8-7129] Port des_ip[3] in module arp_tx is either unconnected or has no load
WARNING: [Synth 8-7129] Port des_ip[2] in module arp_tx is either unconnected or has no load
WARNING: [Synth 8-7129] Port des_ip[1] in module arp_tx is either unconnected or has no load
WARNING: [Synth 8-7129] Port des_ip[0] in module arp_tx is either unconnected or has no load
---------------------------------------------------------------------------------
Finished RTL Elaboration : Time (s): cpu = 00:00:05 ; elapsed = 00:00:05 . Memory (MB): peak = 1810.367 ; gain = 398.652
---------------------------------------------------------------------------------
---------------------------------------------------------------------------------
Start Handling Custom Attributes
---------------------------------------------------------------------------------
---------------------------------------------------------------------------------
Finished Handling Custom Attributes : Time (s): cpu = 00:00:06 ; elapsed = 00:00:06 . Memory (MB): peak = 1810.367 ; gain = 398.652
---------------------------------------------------------------------------------
---------------------------------------------------------------------------------
Finished RTL Optimization Phase 1 : Time (s): cpu = 00:00:06 ; elapsed = 00:00:06 . Memory (MB): peak = 1810.367 ; gain = 398.652
---------------------------------------------------------------------------------
Netlist sorting complete. Time (s): cpu = 00:00:00 ; elapsed = 00:00:00.011 . Memory (MB): peak = 1810.367 ; gain = 0.000
INFO: [Netlist 29-17] Analyzing 10 Unisim elements for replacement
INFO: [Netlist 29-28] Unisim Transformation completed in 0 CPU seconds
INFO: [Project 1-570] Preparing netlist for logic optimization

Processing XDC Constraints
Initializing timing engine
Parsing XDC File [H:/FPGA_basicproject/ARP/project/project_arp/project_arp.srcs/constrs_1/new/pin.xdc]
Finished Parsing XDC File [H:/FPGA_basicproject/ARP/project/project_arp/project_arp.srcs/constrs_1/new/pin.xdc]
INFO: [Project 1-236] Implementation specific constraints were found while reading constraint file [H:/FPGA_basicproject/ARP/project/project_arp/project_arp.srcs/constrs_1/new/pin.xdc]. These constraints will be ignored for synthesis but will be used in implementation. Impacted constraints are listed in the file [.Xil/top_arp_propImpl.xdc].
Resolution: To avoid this warning, move constraints listed in [.Xil/top_arp_propImpl.xdc] to another XDC file and exclude this new file from synthesis with the used_in_synthesis property (File Properties dialog in GUI) and re-run elaboration/synthesis.
Completed Processing XDC Constraints

Netlist sorting complete. Time (s): cpu = 00:00:00 ; elapsed = 00:00:00 . Memory (MB): peak = 1928.676 ; gain = 0.000
INFO: [Project 1-111] Unisim Transformation Summary:
No Unisim elements were transformed.

RTL Elaboration Complete:  : Time (s): cpu = 00:00:15 ; elapsed = 00:00:09 . Memory (MB): peak = 2026.156 ; gain = 614.441
33 Infos, 32 Warnings, 0 Critical Warnings and 0 Errors encountered.
synth_design completed successfully
synth_design: Time (s): cpu = 00:00:18 ; elapsed = 00:00:16 . Memory (MB): peak = 2026.156 ; gain = 771.359
place_ports {ETH_RXD[0]} V19
place_ports {ETH_RXD[1]} W20
place_ports {ETH_RXD[2]} AA20
place_ports {ETH_RXD[3]} AA21
place_ports {ETH_TXD[0]} W21
place_ports {ETH_TXD[1]} W22
place_ports {ETH_TXD[2]} Y21
place_ports {ETH_TXD[3]} Y22
place_ports ETH_RXV V18
place_ports ETH_RXC W19
place_ports ETH_TXC AB21
place_ports ETH_TXV AB22
save_constraints
reset_run synth_1
INFO: [Project 1-1161] Replacing file H:/FPGA_basicproject/ARP/project/project_arp/project_arp.srcs/utils_1/imports/synth_1/top_arp.dcp with file H:/FPGA_basicproject/ARP/project/project_arp/project_arp.runs/synth_1/top_arp.dcp
launch_runs synth_1 -jobs 8
[Tue Dec 17 15:28:42 2024] Launched synth_1...
Run output will be captured here: H:/FPGA_basicproject/ARP/project/project_arp/project_arp.runs/synth_1/runme.log
open_run synth_1 -name synth_1
Design is defaulting to impl run constrset: constrs_1
Design is defaulting to synth run part: xc7a35tfgg484-1
Netlist sorting complete. Time (s): cpu = 00:00:00 ; elapsed = 00:00:00.004 . Memory (MB): peak = 2064.496 ; gain = 0.000
INFO: [Netlist 29-17] Analyzing 11 Unisim elements for replacement
INFO: [Netlist 29-28] Unisim Transformation completed in 0 CPU seconds
INFO: [Project 1-479] Netlist was created with Vivado 2021.2
INFO: [Project 1-570] Preparing netlist for logic optimization
Parsing XDC File [H:/FPGA_basicproject/ARP/project/project_arp/project_arp.srcs/constrs_1/new/pin.xdc]
Finished Parsing XDC File [H:/FPGA_basicproject/ARP/project/project_arp/project_arp.srcs/constrs_1/new/pin.xdc]
INFO: [Opt 31-138] Pushed 0 inverter(s) to 0 load pin(s).
Netlist sorting complete. Time (s): cpu = 00:00:00 ; elapsed = 00:00:00 . Memory (MB): peak = 2084.043 ; gain = 0.000
INFO: [Project 1-111] Unisim Transformation Summary:
No Unisim elements were transformed.

delete_debug_core [get_debug_cores {u_ila_0 }]
create_debug_core u_ila_0 ila
set_property C_DATA_DEPTH 1024 [get_debug_cores u_ila_0]
set_property C_TRIGIN_EN false [get_debug_cores u_ila_0]
set_property C_TRIGOUT_EN false [get_debug_cores u_ila_0]
set_property C_ADV_TRIGGER false [get_debug_cores u_ila_0]
set_property C_INPUT_PIPE_STAGES 0 [get_debug_cores u_ila_0]
set_property C_EN_STRG_QUAL false [get_debug_cores u_ila_0]
set_property ALL_PROBE_SAME_MU true [get_debug_cores u_ila_0]
set_property ALL_PROBE_SAME_MU_CNT 1 [get_debug_cores u_ila_0]
connect_debug_port u_ila_0/clk [get_nets [list ETH_RXC_IBUF_BUFG ]]
set_property port_width 32 [get_debug_ports u_ila_0/probe0]
set_property PROBE_TYPE DATA_AND_TRIGGER [get_debug_ports u_ila_0/probe0]
connect_debug_port u_ila_0/probe0 [get_nets [list {arp_inst/arp_rx_inst/pc_ip[0]} {arp_inst/arp_rx_inst/pc_ip[1]} {arp_inst/arp_rx_inst/pc_ip[2]} {arp_inst/arp_rx_inst/pc_ip[3]} {arp_inst/arp_rx_inst/pc_ip[4]} {arp_inst/arp_rx_inst/pc_ip[5]} {arp_inst/arp_rx_inst/pc_ip[6]} {arp_inst/arp_rx_inst/pc_ip[7]} {arp_inst/arp_rx_inst/pc_ip[8]} {arp_inst/arp_rx_inst/pc_ip[9]} {arp_inst/arp_rx_inst/pc_ip[10]} {arp_inst/arp_rx_inst/pc_ip[11]} {arp_inst/arp_rx_inst/pc_ip[12]} {arp_inst/arp_rx_inst/pc_ip[13]} {arp_inst/arp_rx_inst/pc_ip[14]} {arp_inst/arp_rx_inst/pc_ip[15]} {arp_inst/arp_rx_inst/pc_ip[16]} {arp_inst/arp_rx_inst/pc_ip[17]} {arp_inst/arp_rx_inst/pc_ip[18]} {arp_inst/arp_rx_inst/pc_ip[19]} {arp_inst/arp_rx_inst/pc_ip[20]} {arp_inst/arp_rx_inst/pc_ip[21]} {arp_inst/arp_rx_inst/pc_ip[22]} {arp_inst/arp_rx_inst/pc_ip[23]} {arp_inst/arp_rx_inst/pc_ip[24]} {arp_inst/arp_rx_inst/pc_ip[25]} {arp_inst/arp_rx_inst/pc_ip[26]} {arp_inst/arp_rx_inst/pc_ip[27]} {arp_inst/arp_rx_inst/pc_ip[28]} {arp_inst/arp_rx_inst/pc_ip[29]} {arp_inst/arp_rx_inst/pc_ip[30]} {arp_inst/arp_rx_inst/pc_ip[31]} ]]
create_debug_port u_ila_0 probe
set_property port_width 8 [get_debug_ports u_ila_0/probe1]
set_property PROBE_TYPE DATA_AND_TRIGGER [get_debug_ports u_ila_0/probe1]
connect_debug_port u_ila_0/probe1 [get_nets [list {arp_inst/arp_tx_inst/cnt_byte[0]} {arp_inst/arp_tx_inst/cnt_byte[1]} {arp_inst/arp_tx_inst/cnt_byte[2]} {arp_inst/arp_tx_inst/cnt_byte[3]} {arp_inst/arp_tx_inst/cnt_byte[4]} {arp_inst/arp_tx_inst/cnt_byte[5]} {arp_inst/arp_tx_inst/cnt_byte[6]} {arp_inst/arp_tx_inst/cnt_byte[7]} ]]
create_debug_port u_ila_0 probe
set_property port_width 8 [get_debug_ports u_ila_0/probe2]
set_property PROBE_TYPE DATA_AND_TRIGGER [get_debug_ports u_ila_0/probe2]
connect_debug_port u_ila_0/probe2 [get_nets [list {arp_inst/arp_rx_inst/cnt_byte[0]} {arp_inst/arp_rx_inst/cnt_byte[1]} {arp_inst/arp_rx_inst/cnt_byte[2]} {arp_inst/arp_rx_inst/cnt_byte[3]} {arp_inst/arp_rx_inst/cnt_byte[4]} {arp_inst/arp_rx_inst/cnt_byte[5]} {arp_inst/arp_rx_inst/cnt_byte[6]} {arp_inst/arp_rx_inst/cnt_byte[7]} ]]
create_debug_port u_ila_0 probe
set_property port_width 5 [get_debug_ports u_ila_0/probe3]
set_property PROBE_TYPE DATA_AND_TRIGGER [get_debug_ports u_ila_0/probe3]
connect_debug_port u_ila_0/probe3 [get_nets [list {arp_inst/arp_tx_inst/state[0]} {arp_inst/arp_tx_inst/state[1]} {arp_inst/arp_tx_inst/state[2]} {arp_inst/arp_tx_inst/state[3]} {arp_inst/arp_tx_inst/state[4]} ]]
create_debug_port u_ila_0 probe
set_property port_width 48 [get_debug_ports u_ila_0/probe4]
set_property PROBE_TYPE DATA_AND_TRIGGER [get_debug_ports u_ila_0/probe4]
connect_debug_port u_ila_0/probe4 [get_nets [list {arp_inst/arp_rx_inst/pc_mac[0]} {arp_inst/arp_rx_inst/pc_mac[1]} {arp_inst/arp_rx_inst/pc_mac[2]} {arp_inst/arp_rx_inst/pc_mac[3]} {arp_inst/arp_rx_inst/pc_mac[4]} {arp_inst/arp_rx_inst/pc_mac[5]} {arp_inst/arp_rx_inst/pc_mac[6]} {arp_inst/arp_rx_inst/pc_mac[7]} {arp_inst/arp_rx_inst/pc_mac[8]} {arp_inst/arp_rx_inst/pc_mac[9]} {arp_inst/arp_rx_inst/pc_mac[10]} {arp_inst/arp_rx_inst/pc_mac[11]} {arp_inst/arp_rx_inst/pc_mac[12]} {arp_inst/arp_rx_inst/pc_mac[13]} {arp_inst/arp_rx_inst/pc_mac[14]} {arp_inst/arp_rx_inst/pc_mac[15]} {arp_inst/arp_rx_inst/pc_mac[16]} {arp_inst/arp_rx_inst/pc_mac[17]} {arp_inst/arp_rx_inst/pc_mac[18]} {arp_inst/arp_rx_inst/pc_mac[19]} {arp_inst/arp_rx_inst/pc_mac[20]} {arp_inst/arp_rx_inst/pc_mac[21]} {arp_inst/arp_rx_inst/pc_mac[22]} {arp_inst/arp_rx_inst/pc_mac[23]} {arp_inst/arp_rx_inst/pc_mac[24]} {arp_inst/arp_rx_inst/pc_mac[25]} {arp_inst/arp_rx_inst/pc_mac[26]} {arp_inst/arp_rx_inst/pc_mac[27]} {arp_inst/arp_rx_inst/pc_mac[28]} {arp_inst/arp_rx_inst/pc_mac[29]} {arp_inst/arp_rx_inst/pc_mac[30]} {arp_inst/arp_rx_inst/pc_mac[31]} {arp_inst/arp_rx_inst/pc_mac[32]} {arp_inst/arp_rx_inst/pc_mac[33]} {arp_inst/arp_rx_inst/pc_mac[34]} {arp_inst/arp_rx_inst/pc_mac[35]} {arp_inst/arp_rx_inst/pc_mac[36]} {arp_inst/arp_rx_inst/pc_mac[37]} {arp_inst/arp_rx_inst/pc_mac[38]} {arp_inst/arp_rx_inst/pc_mac[39]} {arp_inst/arp_rx_inst/pc_mac[40]} {arp_inst/arp_rx_inst/pc_mac[41]} {arp_inst/arp_rx_inst/pc_mac[42]} {arp_inst/arp_rx_inst/pc_mac[43]} {arp_inst/arp_rx_inst/pc_mac[44]} {arp_inst/arp_rx_inst/pc_mac[45]} {arp_inst/arp_rx_inst/pc_mac[46]} {arp_inst/arp_rx_inst/pc_mac[47]} ]]
create_debug_port u_ila_0 probe
set_property port_width 5 [get_debug_ports u_ila_0/probe5]
set_property PROBE_TYPE DATA_AND_TRIGGER [get_debug_ports u_ila_0/probe5]
connect_debug_port u_ila_0/probe5 [get_nets [list {arp_inst/arp_rx_inst/state[0]} {arp_inst/arp_rx_inst/state[1]} {arp_inst/arp_rx_inst/state[2]} {arp_inst/arp_rx_inst/state[3]} {arp_inst/arp_rx_inst/state[4]} ]]
create_debug_port u_ila_0 probe
set_property port_width 7 [get_debug_ports u_ila_0/probe6]
set_property PROBE_TYPE DATA_AND_TRIGGER [get_debug_ports u_ila_0/probe6]
connect_debug_port u_ila_0/probe6 [get_nets [list {arp_inst/arp_rx_inst/op[1]} {arp_inst/arp_rx_inst/op[2]} {arp_inst/arp_rx_inst/op[3]} {arp_inst/arp_rx_inst/op[8]} {arp_inst/arp_rx_inst/op[9]} {arp_inst/arp_rx_inst/op[10]} {arp_inst/arp_rx_inst/op[11]} ]]
create_debug_port u_ila_0 probe
set_property port_width 8 [get_debug_ports u_ila_0/probe7]
set_property PROBE_TYPE DATA_AND_TRIGGER [get_debug_ports u_ila_0/probe7]
connect_debug_port u_ila_0/probe7 [get_nets [list {arp_inst/arp_tx_inst/arp_tx_data[0]} {arp_inst/arp_tx_inst/arp_tx_data[1]} {arp_inst/arp_tx_inst/arp_tx_data[2]} {arp_inst/arp_tx_inst/arp_tx_data[3]} {arp_inst/arp_tx_inst/arp_tx_data[4]} {arp_inst/arp_tx_inst/arp_tx_data[5]} {arp_inst/arp_tx_inst/arp_tx_data[6]} {arp_inst/arp_tx_inst/arp_tx_data[7]} ]]
create_debug_port u_ila_0 probe
set_property port_width 1 [get_debug_ports u_ila_0/probe8]
set_property PROBE_TYPE DATA_AND_TRIGGER [get_debug_ports u_ila_0/probe8]
connect_debug_port u_ila_0/probe8 [get_nets [list arp_inst/arp_rx_inst/arp_rx_done ]]
create_debug_port u_ila_0 probe
set_property port_width 1 [get_debug_ports u_ila_0/probe9]
set_property PROBE_TYPE DATA_AND_TRIGGER [get_debug_ports u_ila_0/probe9]
connect_debug_port u_ila_0/probe9 [get_nets [list arp_inst/arp_rx_inst/arp_rx_op ]]
create_debug_port u_ila_0 probe
set_property port_width 1 [get_debug_ports u_ila_0/probe10]
set_property PROBE_TYPE DATA_AND_TRIGGER [get_debug_ports u_ila_0/probe10]
connect_debug_port u_ila_0/probe10 [get_nets [list arp_inst/arp_tx_inst/arp_tx_done ]]
create_debug_port u_ila_0 probe
set_property port_width 1 [get_debug_ports u_ila_0/probe11]
set_property PROBE_TYPE DATA_AND_TRIGGER [get_debug_ports u_ila_0/probe11]
connect_debug_port u_ila_0/probe11 [get_nets [list arp_ctrl_inst/arp_tx_en ]]
create_debug_port u_ila_0 probe
set_property port_width 1 [get_debug_ports u_ila_0/probe12]
set_property PROBE_TYPE DATA_AND_TRIGGER [get_debug_ports u_ila_0/probe12]
connect_debug_port u_ila_0/probe12 [get_nets [list arp_ctrl_inst/arp_tx_op ]]
create_debug_port u_ila_0 probe
set_property port_width 1 [get_debug_ports u_ila_0/probe13]
set_property PROBE_TYPE DATA_AND_TRIGGER [get_debug_ports u_ila_0/probe13]
connect_debug_port u_ila_0/probe13 [get_nets [list arp_inst/arp_tx_inst/arp_tx_valid ]]
create_debug_port u_ila_0 probe
set_property port_width 1 [get_debug_ports u_ila_0/probe14]
set_property PROBE_TYPE DATA_AND_TRIGGER [get_debug_ports u_ila_0/probe14]
connect_debug_port u_ila_0/probe14 [get_nets [list arp_inst/arp_rx_inst/error ]]
save_constraints
launch_runs impl_1 -to_step write_bitstream -jobs 8
INFO: [Timing 38-480] Writing timing data to binary archive.
Writing placer database...
Writing XDEF routing.
Writing XDEF routing logical nets.
Writing XDEF routing special nets.
Write XDEF Complete: Time (s): cpu = 00:00:00 ; elapsed = 00:00:00.033 . Memory (MB): peak = 2182.031 ; gain = 0.000
[Tue Dec 17 15:32:54 2024] Launched impl_1...
Run output will be captured here: H:/FPGA_basicproject/ARP/project/project_arp/project_arp.runs/impl_1/runme.log
open_hw_manager
connect_hw_server -allow_non_jtag
INFO: [Labtools 27-2285] Connecting to hw_server url TCP:localhost:3121
INFO: [Labtools 27-2222] Launching hw_server...
INFO: [Labtools 27-2221] Launch Output:

****** Xilinx hw_server v2021.2
  **** Build date : Oct 19 2021 at 03:13:30
    ** Copyright 1986-2021 Xilinx, Inc. All Rights Reserved.


INFO: [Labtools 27-3415] Connecting to cs_server url TCP:localhost:3042
INFO: [Labtools 27-3417] Launching cs_server...
INFO: [Labtools 27-2221] Launch Output:


******** Xilinx cs_server v2021.2.0
  ****** Build date   : Sep 28 2021-05:44:20
    **** Build number : 2021.2.1632779060
      ** Copyright 2017-2024 Xilinx, Inc. All Rights Reserved.



connect_hw_server: Time (s): cpu = 00:00:01 ; elapsed = 00:00:08 . Memory (MB): peak = 2191.281 ; gain = 9.250
open_hw_target
INFO: [Labtoolstcl 44-466] Opening hw_target localhost:3121/xilinx_tcf/Digilent/H200526FBD90
set_property PROGRAM.FILE {H:/FPGA_basicproject/ARP/project/project_arp/project_arp.runs/impl_1/top_arp.bit} [get_hw_devices xc7a35t_0]
set_property PROBES.FILE {H:/FPGA_basicproject/ARP/project/project_arp/project_arp.runs/impl_1/top_arp.ltx} [get_hw_devices xc7a35t_0]
set_property FULL_PROBES.FILE {H:/FPGA_basicproject/ARP/project/project_arp/project_arp.runs/impl_1/top_arp.ltx} [get_hw_devices xc7a35t_0]
current_hw_device [get_hw_devices xc7a35t_0]
refresh_hw_device [lindex [get_hw_devices xc7a35t_0] 0]
INFO: [Labtools 27-1434] Device xc7a35t (JTAG device index = 0) is programmed with a design that has no supported debug core(s) in it.
WARNING: [Labtools 27-3361] The debug hub core was not detected.
Resolution: 
1. Make sure the clock connected to the debug hub (dbg_hub) core is a free running clock and is active.
2. Make sure the BSCAN_SWITCH_USER_MASK device property in Vivado Hardware Manager reflects the user scan chain setting in the design and refresh the device.  To determine the user scan chain setting in the design, open the implemented design and use 'get_property C_USER_SCAN_CHAIN [get_debug_cores dbg_hub]'.
For more details on setting the scan chain property, consult the Vivado Debug and Programming User Guide (UG908).
WARNING: [Labtools 27-3413] Dropping logic core with cellname:'u_ila_0' at location 'uuid_23E7D65A79BC59F7BC47406C1714DFAE' from probes file, since it cannot be found on the programmed device.
set_property PROBES.FILE {H:/FPGA_basicproject/ARP/project/project_arp/project_arp.runs/impl_1/top_arp.ltx} [get_hw_devices xc7a35t_0]
set_property FULL_PROBES.FILE {H:/FPGA_basicproject/ARP/project/project_arp/project_arp.runs/impl_1/top_arp.ltx} [get_hw_devices xc7a35t_0]
set_property PROGRAM.FILE {H:/FPGA_basicproject/ARP/project/project_arp/project_arp.runs/impl_1/top_arp.bit} [get_hw_devices xc7a35t_0]
program_hw_devices [get_hw_devices xc7a35t_0]
INFO: [Labtools 27-3164] End of startup status: HIGH
refresh_hw_device [lindex [get_hw_devices xc7a35t_0] 0]
INFO: [Labtools 27-2302] Device xc7a35t (JTAG device index = 0) is programmed with a design that has 1 ILA core(s).
ERROR: [Labtools 27-3412] Mismatch between the design programmed into the device 'xc7a35t' (JTAG device index = '0'
 and the probes file(s) 'H:/FPGA_basicproject/ARP/project/project_arp/project_arp.runs/impl_1/top_arp.ltx'.
 The hw_probe 'arp_ctrl_inst/arp_tx_en' in the probes file has port index '11'. This port location for the ILA core at location (uuid_23E7D65A79BC59F7BC47406C1714DFAE), does not support a data probe.
.
Resolution: 
1) Ensure that the clock signal connected to the debug core and/or debug hub is clean and free-running.
2) Ensure that the clock connected to the debug core and/or debug hub meets all timing constraints.
3) Ensure that the JTAG clock frequency is 2.5x times slower than the frequency of the clock connected to your debug hub.
run_hw_ila [get_hw_ilas -of_objects [get_hw_devices xc7a35t_0] -filter {CELL_NAME=~""}]
ERROR: [Labtools 27-188] Use refresh_hw_device command, with a valid [debug_nets.ltx] file before running this command.
run_hw_ila [get_hw_ilas -of_objects [get_hw_devices xc7a35t_0] -filter {CELL_NAME=~""}]
ERROR: [Labtools 27-188] Use refresh_hw_device command, with a valid [debug_nets.ltx] file before running this command.
close_hw_manager
WARNING: [Vivado 12-1023] No nets matched for command 'get_nets -hierarchical -filter {TYPE == "REGIONAL_CLOCK"}'.
WARNING: [Coretcl 2-1122] No objects found.
delete_debug_core [get_debug_cores {u_ila_0 }]
create_debug_core u_ila_0 ila
set_property C_DATA_DEPTH 1024 [get_debug_cores u_ila_0]
set_property C_TRIGIN_EN false [get_debug_cores u_ila_0]
set_property C_TRIGOUT_EN false [get_debug_cores u_ila_0]
set_property C_ADV_TRIGGER false [get_debug_cores u_ila_0]
set_property C_INPUT_PIPE_STAGES 0 [get_debug_cores u_ila_0]
set_property C_EN_STRG_QUAL false [get_debug_cores u_ila_0]
set_property ALL_PROBE_SAME_MU true [get_debug_cores u_ila_0]
set_property ALL_PROBE_SAME_MU_CNT 1 [get_debug_cores u_ila_0]
connect_debug_port u_ila_0/clk [get_nets [list ETH_RXC_IBUF ]]
set_property port_width 32 [get_debug_ports u_ila_0/probe0]
set_property PROBE_TYPE DATA_AND_TRIGGER [get_debug_ports u_ila_0/probe0]
connect_debug_port u_ila_0/probe0 [get_nets [list {arp_inst/arp_rx_inst/pc_ip[0]} {arp_inst/arp_rx_inst/pc_ip[1]} {arp_inst/arp_rx_inst/pc_ip[2]} {arp_inst/arp_rx_inst/pc_ip[3]} {arp_inst/arp_rx_inst/pc_ip[4]} {arp_inst/arp_rx_inst/pc_ip[5]} {arp_inst/arp_rx_inst/pc_ip[6]} {arp_inst/arp_rx_inst/pc_ip[7]} {arp_inst/arp_rx_inst/pc_ip[8]} {arp_inst/arp_rx_inst/pc_ip[9]} {arp_inst/arp_rx_inst/pc_ip[10]} {arp_inst/arp_rx_inst/pc_ip[11]} {arp_inst/arp_rx_inst/pc_ip[12]} {arp_inst/arp_rx_inst/pc_ip[13]} {arp_inst/arp_rx_inst/pc_ip[14]} {arp_inst/arp_rx_inst/pc_ip[15]} {arp_inst/arp_rx_inst/pc_ip[16]} {arp_inst/arp_rx_inst/pc_ip[17]} {arp_inst/arp_rx_inst/pc_ip[18]} {arp_inst/arp_rx_inst/pc_ip[19]} {arp_inst/arp_rx_inst/pc_ip[20]} {arp_inst/arp_rx_inst/pc_ip[21]} {arp_inst/arp_rx_inst/pc_ip[22]} {arp_inst/arp_rx_inst/pc_ip[23]} {arp_inst/arp_rx_inst/pc_ip[24]} {arp_inst/arp_rx_inst/pc_ip[25]} {arp_inst/arp_rx_inst/pc_ip[26]} {arp_inst/arp_rx_inst/pc_ip[27]} {arp_inst/arp_rx_inst/pc_ip[28]} {arp_inst/arp_rx_inst/pc_ip[29]} {arp_inst/arp_rx_inst/pc_ip[30]} {arp_inst/arp_rx_inst/pc_ip[31]} ]]
create_debug_port u_ila_0 probe
set_property port_width 8 [get_debug_ports u_ila_0/probe1]
set_property PROBE_TYPE DATA_AND_TRIGGER [get_debug_ports u_ila_0/probe1]
connect_debug_port u_ila_0/probe1 [get_nets [list {arp_inst/arp_tx_inst/cnt_byte[0]} {arp_inst/arp_tx_inst/cnt_byte[1]} {arp_inst/arp_tx_inst/cnt_byte[2]} {arp_inst/arp_tx_inst/cnt_byte[3]} {arp_inst/arp_tx_inst/cnt_byte[4]} {arp_inst/arp_tx_inst/cnt_byte[5]} {arp_inst/arp_tx_inst/cnt_byte[6]} {arp_inst/arp_tx_inst/cnt_byte[7]} ]]
create_debug_port u_ila_0 probe
set_property port_width 8 [get_debug_ports u_ila_0/probe2]
set_property PROBE_TYPE DATA_AND_TRIGGER [get_debug_ports u_ila_0/probe2]
connect_debug_port u_ila_0/probe2 [get_nets [list {arp_inst/arp_rx_inst/cnt_byte[0]} {arp_inst/arp_rx_inst/cnt_byte[1]} {arp_inst/arp_rx_inst/cnt_byte[2]} {arp_inst/arp_rx_inst/cnt_byte[3]} {arp_inst/arp_rx_inst/cnt_byte[4]} {arp_inst/arp_rx_inst/cnt_byte[5]} {arp_inst/arp_rx_inst/cnt_byte[6]} {arp_inst/arp_rx_inst/cnt_byte[7]} ]]
create_debug_port u_ila_0 probe
set_property port_width 5 [get_debug_ports u_ila_0/probe3]
set_property PROBE_TYPE DATA_AND_TRIGGER [get_debug_ports u_ila_0/probe3]
connect_debug_port u_ila_0/probe3 [get_nets [list {arp_inst/arp_tx_inst/state[0]} {arp_inst/arp_tx_inst/state[1]} {arp_inst/arp_tx_inst/state[2]} {arp_inst/arp_tx_inst/state[3]} {arp_inst/arp_tx_inst/state[4]} ]]
create_debug_port u_ila_0 probe
set_property port_width 48 [get_debug_ports u_ila_0/probe4]
set_property PROBE_TYPE DATA_AND_TRIGGER [get_debug_ports u_ila_0/probe4]
connect_debug_port u_ila_0/probe4 [get_nets [list {arp_inst/arp_rx_inst/pc_mac[0]} {arp_inst/arp_rx_inst/pc_mac[1]} {arp_inst/arp_rx_inst/pc_mac[2]} {arp_inst/arp_rx_inst/pc_mac[3]} {arp_inst/arp_rx_inst/pc_mac[4]} {arp_inst/arp_rx_inst/pc_mac[5]} {arp_inst/arp_rx_inst/pc_mac[6]} {arp_inst/arp_rx_inst/pc_mac[7]} {arp_inst/arp_rx_inst/pc_mac[8]} {arp_inst/arp_rx_inst/pc_mac[9]} {arp_inst/arp_rx_inst/pc_mac[10]} {arp_inst/arp_rx_inst/pc_mac[11]} {arp_inst/arp_rx_inst/pc_mac[12]} {arp_inst/arp_rx_inst/pc_mac[13]} {arp_inst/arp_rx_inst/pc_mac[14]} {arp_inst/arp_rx_inst/pc_mac[15]} {arp_inst/arp_rx_inst/pc_mac[16]} {arp_inst/arp_rx_inst/pc_mac[17]} {arp_inst/arp_rx_inst/pc_mac[18]} {arp_inst/arp_rx_inst/pc_mac[19]} {arp_inst/arp_rx_inst/pc_mac[20]} {arp_inst/arp_rx_inst/pc_mac[21]} {arp_inst/arp_rx_inst/pc_mac[22]} {arp_inst/arp_rx_inst/pc_mac[23]} {arp_inst/arp_rx_inst/pc_mac[24]} {arp_inst/arp_rx_inst/pc_mac[25]} {arp_inst/arp_rx_inst/pc_mac[26]} {arp_inst/arp_rx_inst/pc_mac[27]} {arp_inst/arp_rx_inst/pc_mac[28]} {arp_inst/arp_rx_inst/pc_mac[29]} {arp_inst/arp_rx_inst/pc_mac[30]} {arp_inst/arp_rx_inst/pc_mac[31]} {arp_inst/arp_rx_inst/pc_mac[32]} {arp_inst/arp_rx_inst/pc_mac[33]} {arp_inst/arp_rx_inst/pc_mac[34]} {arp_inst/arp_rx_inst/pc_mac[35]} {arp_inst/arp_rx_inst/pc_mac[36]} {arp_inst/arp_rx_inst/pc_mac[37]} {arp_inst/arp_rx_inst/pc_mac[38]} {arp_inst/arp_rx_inst/pc_mac[39]} {arp_inst/arp_rx_inst/pc_mac[40]} {arp_inst/arp_rx_inst/pc_mac[41]} {arp_inst/arp_rx_inst/pc_mac[42]} {arp_inst/arp_rx_inst/pc_mac[43]} {arp_inst/arp_rx_inst/pc_mac[44]} {arp_inst/arp_rx_inst/pc_mac[45]} {arp_inst/arp_rx_inst/pc_mac[46]} {arp_inst/arp_rx_inst/pc_mac[47]} ]]
create_debug_port u_ila_0 probe
set_property port_width 5 [get_debug_ports u_ila_0/probe5]
set_property PROBE_TYPE DATA_AND_TRIGGER [get_debug_ports u_ila_0/probe5]
connect_debug_port u_ila_0/probe5 [get_nets [list {arp_inst/arp_rx_inst/state[0]} {arp_inst/arp_rx_inst/state[1]} {arp_inst/arp_rx_inst/state[2]} {arp_inst/arp_rx_inst/state[3]} {arp_inst/arp_rx_inst/state[4]} ]]
create_debug_port u_ila_0 probe
set_property port_width 7 [get_debug_ports u_ila_0/probe6]
set_property PROBE_TYPE DATA_AND_TRIGGER [get_debug_ports u_ila_0/probe6]
connect_debug_port u_ila_0/probe6 [get_nets [list {arp_inst/arp_rx_inst/op[1]} {arp_inst/arp_rx_inst/op[2]} {arp_inst/arp_rx_inst/op[3]} {arp_inst/arp_rx_inst/op[8]} {arp_inst/arp_rx_inst/op[9]} {arp_inst/arp_rx_inst/op[10]} {arp_inst/arp_rx_inst/op[11]} ]]
create_debug_port u_ila_0 probe
set_property port_width 8 [get_debug_ports u_ila_0/probe7]
set_property PROBE_TYPE DATA_AND_TRIGGER [get_debug_ports u_ila_0/probe7]
connect_debug_port u_ila_0/probe7 [get_nets [list {arp_inst/arp_tx_inst/arp_tx_data[0]} {arp_inst/arp_tx_inst/arp_tx_data[1]} {arp_inst/arp_tx_inst/arp_tx_data[2]} {arp_inst/arp_tx_inst/arp_tx_data[3]} {arp_inst/arp_tx_inst/arp_tx_data[4]} {arp_inst/arp_tx_inst/arp_tx_data[5]} {arp_inst/arp_tx_inst/arp_tx_data[6]} {arp_inst/arp_tx_inst/arp_tx_data[7]} ]]
create_debug_port u_ila_0 probe
set_property port_width 1 [get_debug_ports u_ila_0/probe8]
set_property PROBE_TYPE DATA_AND_TRIGGER [get_debug_ports u_ila_0/probe8]
connect_debug_port u_ila_0/probe8 [get_nets [list arp_inst/arp_rx_inst/arp_rx_done ]]
create_debug_port u_ila_0 probe
set_property port_width 1 [get_debug_ports u_ila_0/probe9]
set_property PROBE_TYPE DATA_AND_TRIGGER [get_debug_ports u_ila_0/probe9]
connect_debug_port u_ila_0/probe9 [get_nets [list arp_inst/arp_rx_inst/arp_rx_op ]]
create_debug_port u_ila_0 probe
set_property port_width 1 [get_debug_ports u_ila_0/probe10]
set_property PROBE_TYPE DATA_AND_TRIGGER [get_debug_ports u_ila_0/probe10]
connect_debug_port u_ila_0/probe10 [get_nets [list arp_inst/arp_tx_inst/arp_tx_done ]]
create_debug_port u_ila_0 probe
set_property port_width 1 [get_debug_ports u_ila_0/probe11]
set_property PROBE_TYPE DATA_AND_TRIGGER [get_debug_ports u_ila_0/probe11]
connect_debug_port u_ila_0/probe11 [get_nets [list arp_ctrl_inst/arp_tx_en ]]
create_debug_port u_ila_0 probe
set_property port_width 1 [get_debug_ports u_ila_0/probe12]
set_property PROBE_TYPE DATA_AND_TRIGGER [get_debug_ports u_ila_0/probe12]
connect_debug_port u_ila_0/probe12 [get_nets [list arp_ctrl_inst/arp_tx_op ]]
create_debug_port u_ila_0 probe
set_property port_width 1 [get_debug_ports u_ila_0/probe13]
set_property PROBE_TYPE DATA_AND_TRIGGER [get_debug_ports u_ila_0/probe13]
connect_debug_port u_ila_0/probe13 [get_nets [list arp_inst/arp_tx_inst/arp_tx_valid ]]
create_debug_port u_ila_0 probe
set_property port_width 1 [get_debug_ports u_ila_0/probe14]
set_property PROBE_TYPE DATA_AND_TRIGGER [get_debug_ports u_ila_0/probe14]
connect_debug_port u_ila_0/probe14 [get_nets [list arp_inst/arp_rx_inst/error ]]
save_constraints
reset_run impl_1
launch_runs impl_1 -to_step write_bitstream -jobs 8
INFO: [Timing 38-480] Writing timing data to binary archive.
Writing placer database...
Writing XDEF routing.
Writing XDEF routing logical nets.
Writing XDEF routing special nets.
Write XDEF Complete: Time (s): cpu = 00:00:00 ; elapsed = 00:00:00.055 . Memory (MB): peak = 4115.453 ; gain = 0.000
[Tue Dec 17 16:18:34 2024] Launched impl_1...
Run output will be captured here: H:/FPGA_basicproject/ARP/project/project_arp/project_arp.runs/impl_1/runme.log
close_design
open_run impl_1
Netlist sorting complete. Time (s): cpu = 00:00:00 ; elapsed = 00:00:00.083 . Memory (MB): peak = 4116.891 ; gain = 0.000
INFO: [Netlist 29-17] Analyzing 221 Unisim elements for replacement
INFO: [Netlist 29-28] Unisim Transformation completed in 0 CPU seconds
INFO: [Project 1-479] Netlist was created with Vivado 2021.2
INFO: [Project 1-570] Preparing netlist for logic optimization
INFO: [Timing 38-478] Restoring timing data from binary archive.
INFO: [Timing 38-479] Binary timing data restore complete.
INFO: [Project 1-856] Restoring constraints from binary archive.
INFO: [Project 1-853] Binary constraint restore complete.
Reading XDEF placement.
Reading placer database...
Reading XDEF routing.
Read XDEF File: Time (s): cpu = 00:00:00 ; elapsed = 00:00:00.406 . Memory (MB): peak = 4604.734 ; gain = 0.000
Restored from archive | CPU: 0.000000 secs | Memory: 0.000000 MB |
Finished XDEF File Restore: Time (s): cpu = 00:00:00 ; elapsed = 00:00:00.407 . Memory (MB): peak = 4604.734 ; gain = 0.000
Netlist sorting complete. Time (s): cpu = 00:00:00 ; elapsed = 00:00:00.003 . Memory (MB): peak = 4604.734 ; gain = 0.000
INFO: [Project 1-111] Unisim Transformation Summary:
  A total of 130 instances were transformed.
  CFGLUT5 => CFGLUT5 (SRL16E, SRLC32E): 124 instances
  RAM32M => RAM32M (RAMD32(x6), RAMS32(x2)): 6 instances

open_run: Time (s): cpu = 00:00:13 ; elapsed = 00:00:11 . Memory (MB): peak = 4677.578 ; gain = 560.688
open_hw_manager
connect_hw_server -allow_non_jtag
INFO: [Labtools 27-2285] Connecting to hw_server url TCP:localhost:3121
INFO: [Labtools 27-2222] Launching hw_server...
INFO: [Labtools 27-2221] Launch Output:

****** Xilinx hw_server v2021.2
  **** Build date : Oct 19 2021 at 03:13:30
    ** Copyright 1986-2021 Xilinx, Inc. All Rights Reserved.


INFO: [Labtools 27-3415] Connecting to cs_server url TCP:localhost:3042
INFO: [Labtools 27-3417] Launching cs_server...
INFO: [Labtools 27-2221] Launch Output:


******** Xilinx cs_server v2021.2.0
  ****** Build date   : Sep 28 2021-05:44:20
    **** Build number : 2021.2.1632779060
      ** Copyright 2017-2024 Xilinx, Inc. All Rights Reserved.



connect_hw_server: Time (s): cpu = 00:00:01 ; elapsed = 00:00:07 . Memory (MB): peak = 4718.824 ; gain = 0.000
open_hw_target
INFO: [Labtoolstcl 44-466] Opening hw_target localhost:3121/xilinx_tcf/Digilent/H200526FBD90
set_property PROGRAM.FILE {H:/FPGA_basicproject/ARP/project/project_arp/project_arp.runs/impl_1/top_arp.bit} [get_hw_devices xc7a35t_0]
set_property PROBES.FILE {H:/FPGA_basicproject/ARP/project/project_arp/project_arp.runs/impl_1/top_arp.ltx} [get_hw_devices xc7a35t_0]
set_property FULL_PROBES.FILE {H:/FPGA_basicproject/ARP/project/project_arp/project_arp.runs/impl_1/top_arp.ltx} [get_hw_devices xc7a35t_0]
current_hw_device [get_hw_devices xc7a35t_0]
refresh_hw_device [lindex [get_hw_devices xc7a35t_0] 0]
INFO: [Labtools 27-2302] Device xc7a35t (JTAG device index = 0) is programmed with a design that has 1 ILA core(s).
display_hw_ila_data [ get_hw_ila_data hw_ila_data_1 -of_objects [get_hw_ilas -of_objects [get_hw_devices xc7a35t_0] -filter {CELL_NAME=~"u_ila_0"}]]
run_hw_ila [get_hw_ilas -of_objects [get_hw_devices xc7a35t_0] -filter {CELL_NAME=~"u_ila_0"}]
INFO: [Labtools 27-1964] The ILA core 'hw_ila_1' trigger was armed at 2024-Dec-17 16:22:18
wait_on_hw_ila [get_hw_ilas -of_objects [get_hw_devices xc7a35t_0] -filter {CELL_NAME=~"u_ila_0"}]
display_hw_ila_data [upload_hw_ila_data [get_hw_ilas -of_objects [get_hw_devices xc7a35t_0] -filter {CELL_NAME=~"u_ila_0"}]]
INFO: [Labtools 27-1966] The ILA core 'hw_ila_1' triggered at 2024-Dec-17 16:22:18
INFO: [Labtools 27-3304] ILA Waveform data saved to file H:/FPGA_basicproject/ARP/project/project_arp/project_arp.hw/backup/hw_ila_data_1.ila. Use Tcl command 'read_hw_ila_data' or Vivado File->Import->Import ILA Data menu item to import the previously saved data.
open_run synth_1 -name synth_1
Design is defaulting to impl run constrset: constrs_1
Design is defaulting to synth run part: xc7a35tfgg484-1
Netlist sorting complete. Time (s): cpu = 00:00:00 ; elapsed = 00:00:00.004 . Memory (MB): peak = 4748.055 ; gain = 0.000
INFO: [Netlist 29-17] Analyzing 11 Unisim elements for replacement
INFO: [Netlist 29-28] Unisim Transformation completed in 0 CPU seconds
INFO: [Project 1-479] Netlist was created with Vivado 2021.2
INFO: [Project 1-570] Preparing netlist for logic optimization
Parsing XDC File [H:/FPGA_basicproject/ARP/project/project_arp/project_arp.srcs/constrs_1/new/pin.xdc]
Finished Parsing XDC File [H:/FPGA_basicproject/ARP/project/project_arp/project_arp.srcs/constrs_1/new/pin.xdc]
INFO: [Opt 31-138] Pushed 0 inverter(s) to 0 load pin(s).
Netlist sorting complete. Time (s): cpu = 00:00:00 ; elapsed = 00:00:00 . Memory (MB): peak = 4764.398 ; gain = 0.000
INFO: [Project 1-111] Unisim Transformation Summary:
No Unisim elements were transformed.

save_wave_config {H:/FPGA_basicproject/ARP/project/project_arp/project_arp.hw/hw_1/wave/hw_ila_data_1/hw_ila_data_1.wcfg}
close_hw_manager
