#-----------------------------------------------------------
# Vivado v2019.2 (64-bit)
# SW Build 2708876 on Wed Nov  6 21:40:23 MST 2019
# IP Build 2700528 on Thu Nov  7 00:09:20 MST 2019
# Start of session at: Mon Nov 11 18:21:27 2024
# Process ID: 36480
# Current directory: H:/FPGA_basicproject/mig/project/project_mig
# Command line: vivado.exe -gui_launcher_event rodinguilauncherevent42004 H:\FPGA_basicproject\mig\project\project_mig\project_mig.xpr
# Log file: H:/FPGA_basicproject/mig/project/project_mig/vivado.log
# Journal file: H:/FPGA_basicproject/mig/project/project_mig\vivado.jou
#-----------------------------------------------------------
start_gui
open_project H:/FPGA_basicproject/mig/project/project_mig/project_mig.xpr
Scanning sources...
Finished scanning sources
INFO: [IP_Flow 19-234] Refreshing IP repositories
INFO: [IP_Flow 19-1704] No user IP repositories specified
INFO: [IP_Flow 19-2313] Loaded Vivado IP repository 'H:/vivado/Vivado/2019.2/data/ip'.
open_project: Time (s): cpu = 00:00:12 ; elapsed = 00:00:06 . Memory (MB): peak = 985.434 ; gain = 206.508
update_compile_order -fileset sources_1
exit
INFO: [Common 17-206] Exiting Vivado at Mon Nov 11 18:25:59 2024...
