#-----------------------------------------------------------
# Vivado v2019.2 (64-bit)
# SW Build 2708876 on Wed Nov  6 21:40:23 MST 2019
# IP Build 2700528 on Thu Nov  7 00:09:20 MST 2019
# Start of session at: Mon Oct 28 15:53:13 2024
# Process ID: 18948
# Current directory: h:/FPGA_basicproject/mig/project/mig_7series_0_ex
# Command line: vivado.exe -notrace -source h:/FPGA_basicproject/mig/project/project_mig_try/project_mig_try.srcs/sources_1/ip/mig_7series_0/mig_7series_0_ex.tcl
# Log file: h:/FPGA_basicproject/mig/project/mig_7series_0_ex/vivado.log
# Journal file: h:/FPGA_basicproject/mig/project/mig_7series_0_ex\vivado.jou
#-----------------------------------------------------------
start_gui
source h:/FPGA_basicproject/mig/project/project_mig_try/project_mig_try.srcs/sources_1/ip/mig_7series_0/mig_7series_0_ex.tcl -notrace
INFO: [open_example_project] Creating new example project...
INFO: [IP_Flow 19-234] Refreshing IP repositories
INFO: [IP_Flow 19-1704] No user IP repositories specified
INFO: [IP_Flow 19-2313] Loaded Vivado IP repository 'H:/vivado/Vivado/2019.2/data/ip'.
create_project: Time (s): cpu = 00:00:13 ; elapsed = 00:00:06 . Memory (MB): peak = 958.488 ; gain = 240.672
INFO: [open_example_project] Importing original IP ...
WARNING: [IP_Flow 19-3664] IP 'mig_7series_0' generated file not found 'c:/Users/31624/AppData/Roaming/Xilinx/Vivado/.Xil/Vivado-24436-DESKTOP-DQRH7QF/coregen/mig_7series_0/mig_7series_0/user_design/rtl/clocking/mig_7series_v4_2_clk_ibuf.v'. Please regenerate to continue.
WARNING: [IP_Flow 19-3664] IP 'mig_7series_0' generated file not found 'c:/Users/31624/AppData/Roaming/Xilinx/Vivado/.Xil/Vivado-24436-DESKTOP-DQRH7QF/coregen/mig_7series_0/mig_7series_0/user_design/rtl/clocking/mig_7series_v4_2_infrastructure.v'. Please regenerate to continue.
WARNING: [IP_Flow 19-3664] IP 'mig_7series_0' generated file not found 'c:/Users/31624/AppData/Roaming/Xilinx/Vivado/.Xil/Vivado-24436-DESKTOP-DQRH7QF/coregen/mig_7series_0/mig_7series_0/user_design/rtl/clocking/mig_7series_v4_2_iodelay_ctrl.v'. Please regenerate to continue.
WARNING: [IP_Flow 19-3664] IP 'mig_7series_0' generated file not found 'c:/Users/31624/AppData/Roaming/Xilinx/Vivado/.Xil/Vivado-24436-DESKTOP-DQRH7QF/coregen/mig_7series_0/mig_7series_0/user_design/rtl/clocking/mig_7series_v4_2_tempmon.v'. Please regenerate to continue.
WARNING: [IP_Flow 19-3664] IP 'mig_7series_0' generated file not found 'c:/Users/31624/AppData/Roaming/Xilinx/Vivado/.Xil/Vivado-24436-DESKTOP-DQRH7QF/coregen/mig_7series_0/mig_7series_0/user_design/rtl/controller/mig_7series_v4_2_arb_mux.v'. Please regenerate to continue.
WARNING: [IP_Flow 19-3664] IP 'mig_7series_0' generated file not found 'c:/Users/31624/AppData/Roaming/Xilinx/Vivado/.Xil/Vivado-24436-DESKTOP-DQRH7QF/coregen/mig_7series_0/mig_7series_0/user_design/rtl/controller/mig_7series_v4_2_arb_row_col.v'. Please regenerate to continue.
WARNING: [IP_Flow 19-3664] IP 'mig_7series_0' generated file not found 'c:/Users/31624/AppData/Roaming/Xilinx/Vivado/.Xil/Vivado-24436-DESKTOP-DQRH7QF/coregen/mig_7series_0/mig_7series_0/user_design/rtl/controller/mig_7series_v4_2_arb_select.v'. Please regenerate to continue.
WARNING: [IP_Flow 19-3664] IP 'mig_7series_0' generated file not found 'c:/Users/31624/AppData/Roaming/Xilinx/Vivado/.Xil/Vivado-24436-DESKTOP-DQRH7QF/coregen/mig_7series_0/mig_7series_0/user_design/rtl/controller/mig_7series_v4_2_bank_cntrl.v'. Please regenerate to continue.
WARNING: [IP_Flow 19-3664] IP 'mig_7series_0' generated file not found 'c:/Users/31624/AppData/Roaming/Xilinx/Vivado/.Xil/Vivado-24436-DESKTOP-DQRH7QF/coregen/mig_7series_0/mig_7series_0/user_design/rtl/controller/mig_7series_v4_2_bank_common.v'. Please regenerate to continue.
WARNING: [IP_Flow 19-3664] IP 'mig_7series_0' generated file not found 'c:/Users/31624/AppData/Roaming/Xilinx/Vivado/.Xil/Vivado-24436-DESKTOP-DQRH7QF/coregen/mig_7series_0/mig_7series_0/user_design/rtl/controller/mig_7series_v4_2_bank_compare.v'. Please regenerate to continue.
WARNING: [IP_Flow 19-3664] IP 'mig_7series_0' generated file not found 'c:/Users/31624/AppData/Roaming/Xilinx/Vivado/.Xil/Vivado-24436-DESKTOP-DQRH7QF/coregen/mig_7series_0/mig_7series_0/user_design/rtl/controller/mig_7series_v4_2_bank_mach.v'. Please regenerate to continue.
WARNING: [IP_Flow 19-3664] IP 'mig_7series_0' generated file not found 'c:/Users/31624/AppData/Roaming/Xilinx/Vivado/.Xil/Vivado-24436-DESKTOP-DQRH7QF/coregen/mig_7series_0/mig_7series_0/user_design/rtl/controller/mig_7series_v4_2_bank_queue.v'. Please regenerate to continue.
WARNING: [IP_Flow 19-3664] IP 'mig_7series_0' generated file not found 'c:/Users/31624/AppData/Roaming/Xilinx/Vivado/.Xil/Vivado-24436-DESKTOP-DQRH7QF/coregen/mig_7series_0/mig_7series_0/user_design/rtl/controller/mig_7series_v4_2_bank_state.v'. Please regenerate to continue.
WARNING: [IP_Flow 19-3664] IP 'mig_7series_0' generated file not found 'c:/Users/31624/AppData/Roaming/Xilinx/Vivado/.Xil/Vivado-24436-DESKTOP-DQRH7QF/coregen/mig_7series_0/mig_7series_0/user_design/rtl/controller/mig_7series_v4_2_col_mach.v'. Please regenerate to continue.
WARNING: [IP_Flow 19-3664] IP 'mig_7series_0' generated file not found 'c:/Users/31624/AppData/Roaming/Xilinx/Vivado/.Xil/Vivado-24436-DESKTOP-DQRH7QF/coregen/mig_7series_0/mig_7series_0/user_design/rtl/controller/mig_7series_v4_2_mc.v'. Please regenerate to continue.
WARNING: [IP_Flow 19-3664] IP 'mig_7series_0' generated file not found 'c:/Users/31624/AppData/Roaming/Xilinx/Vivado/.Xil/Vivado-24436-DESKTOP-DQRH7QF/coregen/mig_7series_0/mig_7series_0/user_design/rtl/controller/mig_7series_v4_2_rank_cntrl.v'. Please regenerate to continue.
WARNING: [IP_Flow 19-3664] IP 'mig_7series_0' generated file not found 'c:/Users/31624/AppData/Roaming/Xilinx/Vivado/.Xil/Vivado-24436-DESKTOP-DQRH7QF/coregen/mig_7series_0/mig_7series_0/user_design/rtl/controller/mig_7series_v4_2_rank_common.v'. Please regenerate to continue.
WARNING: [IP_Flow 19-3664] IP 'mig_7series_0' generated file not found 'c:/Users/31624/AppData/Roaming/Xilinx/Vivado/.Xil/Vivado-24436-DESKTOP-DQRH7QF/coregen/mig_7series_0/mig_7series_0/user_design/rtl/controller/mig_7series_v4_2_rank_mach.v'. Please regenerate to continue.
WARNING: [IP_Flow 19-3664] IP 'mig_7series_0' generated file not found 'c:/Users/31624/AppData/Roaming/Xilinx/Vivado/.Xil/Vivado-24436-DESKTOP-DQRH7QF/coregen/mig_7series_0/mig_7series_0/user_design/rtl/controller/mig_7series_v4_2_round_robin_arb.v'. Please regenerate to continue.
WARNING: [IP_Flow 19-3664] IP 'mig_7series_0' generated file not found 'c:/Users/31624/AppData/Roaming/Xilinx/Vivado/.Xil/Vivado-24436-DESKTOP-DQRH7QF/coregen/mig_7series_0/mig_7series_0/user_design/rtl/ecc/mig_7series_v4_2_ecc_buf.v'. Please regenerate to continue.
WARNING: [IP_Flow 19-3664] IP 'mig_7series_0' generated file not found 'c:/Users/31624/AppData/Roaming/Xilinx/Vivado/.Xil/Vivado-24436-DESKTOP-DQRH7QF/coregen/mig_7series_0/mig_7series_0/user_design/rtl/ecc/mig_7series_v4_2_ecc_dec_fix.v'. Please regenerate to continue.
WARNING: [IP_Flow 19-3664] IP 'mig_7series_0' generated file not found 'c:/Users/31624/AppData/Roaming/Xilinx/Vivado/.Xil/Vivado-24436-DESKTOP-DQRH7QF/coregen/mig_7series_0/mig_7series_0/user_design/rtl/ecc/mig_7series_v4_2_ecc_gen.v'. Please regenerate to continue.
WARNING: [IP_Flow 19-3664] IP 'mig_7series_0' generated file not found 'c:/Users/31624/AppData/Roaming/Xilinx/Vivado/.Xil/Vivado-24436-DESKTOP-DQRH7QF/coregen/mig_7series_0/mig_7series_0/user_design/rtl/ecc/mig_7series_v4_2_ecc_merge_enc.v'. Please regenerate to continue.
WARNING: [IP_Flow 19-3664] IP 'mig_7series_0' generated file not found 'c:/Users/31624/AppData/Roaming/Xilinx/Vivado/.Xil/Vivado-24436-DESKTOP-DQRH7QF/coregen/mig_7series_0/mig_7series_0/user_design/rtl/ecc/mig_7series_v4_2_fi_xor.v'. Please regenerate to continue.
WARNING: [IP_Flow 19-3664] IP 'mig_7series_0' generated file not found 'c:/Users/31624/AppData/Roaming/Xilinx/Vivado/.Xil/Vivado-24436-DESKTOP-DQRH7QF/coregen/mig_7series_0/mig_7series_0/user_design/rtl/ip_top/mig_7series_v4_2_memc_ui_top_std.v'. Please regenerate to continue.
WARNING: [IP_Flow 19-3664] IP 'mig_7series_0' generated file not found 'c:/Users/31624/AppData/Roaming/Xilinx/Vivado/.Xil/Vivado-24436-DESKTOP-DQRH7QF/coregen/mig_7series_0/mig_7series_0/user_design/rtl/ip_top/mig_7series_v4_2_mem_intfc.v'. Please regenerate to continue.
WARNING: [IP_Flow 19-3664] IP 'mig_7series_0' generated file not found 'c:/Users/31624/AppData/Roaming/Xilinx/Vivado/.Xil/Vivado-24436-DESKTOP-DQRH7QF/coregen/mig_7series_0/mig_7series_0/user_design/rtl/phy/mig_7series_v4_2_ddr_byte_group_io.v'. Please regenerate to continue.
WARNING: [IP_Flow 19-3664] IP 'mig_7series_0' generated file not found 'c:/Users/31624/AppData/Roaming/Xilinx/Vivado/.Xil/Vivado-24436-DESKTOP-DQRH7QF/coregen/mig_7series_0/mig_7series_0/user_design/rtl/phy/mig_7series_v4_2_ddr_byte_lane.v'. Please regenerate to continue.
WARNING: [IP_Flow 19-3664] IP 'mig_7series_0' generated file not found 'c:/Users/31624/AppData/Roaming/Xilinx/Vivado/.Xil/Vivado-24436-DESKTOP-DQRH7QF/coregen/mig_7series_0/mig_7series_0/user_design/rtl/phy/mig_7series_v4_2_ddr_calib_top.v'. Please regenerate to continue.
WARNING: [IP_Flow 19-3664] IP 'mig_7series_0' generated file not found 'c:/Users/31624/AppData/Roaming/Xilinx/Vivado/.Xil/Vivado-24436-DESKTOP-DQRH7QF/coregen/mig_7series_0/mig_7series_0/user_design/rtl/phy/mig_7series_v4_2_ddr_if_post_fifo.v'. Please regenerate to continue.
WARNING: [IP_Flow 19-3664] IP 'mig_7series_0' generated file not found 'c:/Users/31624/AppData/Roaming/Xilinx/Vivado/.Xil/Vivado-24436-DESKTOP-DQRH7QF/coregen/mig_7series_0/mig_7series_0/user_design/rtl/phy/mig_7series_v4_2_ddr_mc_phy.v'. Please regenerate to continue.
WARNING: [IP_Flow 19-3664] IP 'mig_7series_0' generated file not found 'c:/Users/31624/AppData/Roaming/Xilinx/Vivado/.Xil/Vivado-24436-DESKTOP-DQRH7QF/coregen/mig_7series_0/mig_7series_0/user_design/rtl/phy/mig_7series_v4_2_ddr_mc_phy_wrapper.v'. Please regenerate to continue.
WARNING: [IP_Flow 19-3664] IP 'mig_7series_0' generated file not found 'c:/Users/31624/AppData/Roaming/Xilinx/Vivado/.Xil/Vivado-24436-DESKTOP-DQRH7QF/coregen/mig_7series_0/mig_7series_0/user_design/rtl/phy/mig_7series_v4_2_ddr_of_pre_fifo.v'. Please regenerate to continue.
WARNING: [IP_Flow 19-3664] IP 'mig_7series_0' generated file not found 'c:/Users/31624/AppData/Roaming/Xilinx/Vivado/.Xil/Vivado-24436-DESKTOP-DQRH7QF/coregen/mig_7series_0/mig_7series_0/user_design/rtl/phy/mig_7series_v4_2_ddr_phy_4lanes.v'. Please regenerate to continue.
WARNING: [IP_Flow 19-3664] IP 'mig_7series_0' generated file not found 'c:/Users/31624/AppData/Roaming/Xilinx/Vivado/.Xil/Vivado-24436-DESKTOP-DQRH7QF/coregen/mig_7series_0/mig_7series_0/user_design/rtl/phy/mig_7series_v4_2_ddr_phy_ck_addr_cmd_delay.v'. Please regenerate to continue.
WARNING: [IP_Flow 19-3664] IP 'mig_7series_0' generated file not found 'c:/Users/31624/AppData/Roaming/Xilinx/Vivado/.Xil/Vivado-24436-DESKTOP-DQRH7QF/coregen/mig_7series_0/mig_7series_0/user_design/rtl/phy/mig_7series_v4_2_ddr_phy_dqs_found_cal.v'. Please regenerate to continue.
WARNING: [IP_Flow 19-3664] IP 'mig_7series_0' generated file not found 'c:/Users/31624/AppData/Roaming/Xilinx/Vivado/.Xil/Vivado-24436-DESKTOP-DQRH7QF/coregen/mig_7series_0/mig_7series_0/user_design/rtl/phy/mig_7series_v4_2_ddr_phy_dqs_found_cal_hr.v'. Please regenerate to continue.
WARNING: [IP_Flow 19-3664] IP 'mig_7series_0' generated file not found 'c:/Users/31624/AppData/Roaming/Xilinx/Vivado/.Xil/Vivado-24436-DESKTOP-DQRH7QF/coregen/mig_7series_0/mig_7series_0/user_design/rtl/phy/mig_7series_v4_2_ddr_phy_init.v'. Please regenerate to continue.
WARNING: [IP_Flow 19-3664] IP 'mig_7series_0' generated file not found 'c:/Users/31624/AppData/Roaming/Xilinx/Vivado/.Xil/Vivado-24436-DESKTOP-DQRH7QF/coregen/mig_7series_0/mig_7series_0/user_design/rtl/phy/mig_7series_v4_2_ddr_phy_ocd_cntlr.v'. Please regenerate to continue.
WARNING: [IP_Flow 19-3664] IP 'mig_7series_0' generated file not found 'c:/Users/31624/AppData/Roaming/Xilinx/Vivado/.Xil/Vivado-24436-DESKTOP-DQRH7QF/coregen/mig_7series_0/mig_7series_0/user_design/rtl/phy/mig_7series_v4_2_ddr_phy_ocd_data.v'. Please regenerate to continue.
WARNING: [IP_Flow 19-3664] IP 'mig_7series_0' generated file not found 'c:/Users/31624/AppData/Roaming/Xilinx/Vivado/.Xil/Vivado-24436-DESKTOP-DQRH7QF/coregen/mig_7series_0/mig_7series_0/user_design/rtl/phy/mig_7series_v4_2_ddr_phy_ocd_edge.v'. Please regenerate to continue.
WARNING: [IP_Flow 19-3664] IP 'mig_7series_0' generated file not found 'c:/Users/31624/AppData/Roaming/Xilinx/Vivado/.Xil/Vivado-24436-DESKTOP-DQRH7QF/coregen/mig_7series_0/mig_7series_0/user_design/rtl/phy/mig_7series_v4_2_ddr_phy_ocd_lim.v'. Please regenerate to continue.
WARNING: [IP_Flow 19-3664] IP 'mig_7series_0' generated file not found 'c:/Users/31624/AppData/Roaming/Xilinx/Vivado/.Xil/Vivado-24436-DESKTOP-DQRH7QF/coregen/mig_7series_0/mig_7series_0/user_design/rtl/phy/mig_7series_v4_2_ddr_phy_ocd_mux.v'. Please regenerate to continue.
WARNING: [IP_Flow 19-3664] IP 'mig_7series_0' generated file not found 'c:/Users/31624/AppData/Roaming/Xilinx/Vivado/.Xil/Vivado-24436-DESKTOP-DQRH7QF/coregen/mig_7series_0/mig_7series_0/user_design/rtl/phy/mig_7series_v4_2_ddr_phy_ocd_po_cntlr.v'. Please regenerate to continue.
WARNING: [IP_Flow 19-3664] IP 'mig_7series_0' generated file not found 'c:/Users/31624/AppData/Roaming/Xilinx/Vivado/.Xil/Vivado-24436-DESKTOP-DQRH7QF/coregen/mig_7series_0/mig_7series_0/user_design/rtl/phy/mig_7series_v4_2_ddr_phy_ocd_samp.v'. Please regenerate to continue.
WARNING: [IP_Flow 19-3664] IP 'mig_7series_0' generated file not found 'c:/Users/31624/AppData/Roaming/Xilinx/Vivado/.Xil/Vivado-24436-DESKTOP-DQRH7QF/coregen/mig_7series_0/mig_7series_0/user_design/rtl/phy/mig_7series_v4_2_ddr_phy_oclkdelay_cal.v'. Please regenerate to continue.
WARNING: [IP_Flow 19-3664] IP 'mig_7series_0' generated file not found 'c:/Users/31624/AppData/Roaming/Xilinx/Vivado/.Xil/Vivado-24436-DESKTOP-DQRH7QF/coregen/mig_7series_0/mig_7series_0/user_design/rtl/phy/mig_7series_v4_2_ddr_phy_prbs_rdlvl.v'. Please regenerate to continue.
WARNING: [IP_Flow 19-3664] IP 'mig_7series_0' generated file not found 'c:/Users/31624/AppData/Roaming/Xilinx/Vivado/.Xil/Vivado-24436-DESKTOP-DQRH7QF/coregen/mig_7series_0/mig_7series_0/user_design/rtl/phy/mig_7series_v4_2_ddr_phy_rdlvl.v'. Please regenerate to continue.
WARNING: [IP_Flow 19-3664] IP 'mig_7series_0' generated file not found 'c:/Users/31624/AppData/Roaming/Xilinx/Vivado/.Xil/Vivado-24436-DESKTOP-DQRH7QF/coregen/mig_7series_0/mig_7series_0/user_design/rtl/phy/mig_7series_v4_2_ddr_phy_tempmon.v'. Please regenerate to continue.
WARNING: [IP_Flow 19-3664] IP 'mig_7series_0' generated file not found 'c:/Users/31624/AppData/Roaming/Xilinx/Vivado/.Xil/Vivado-24436-DESKTOP-DQRH7QF/coregen/mig_7series_0/mig_7series_0/user_design/rtl/phy/mig_7series_v4_2_ddr_phy_top.v'. Please regenerate to continue.
WARNING: [IP_Flow 19-3664] IP 'mig_7series_0' generated file not found 'c:/Users/31624/AppData/Roaming/Xilinx/Vivado/.Xil/Vivado-24436-DESKTOP-DQRH7QF/coregen/mig_7series_0/mig_7series_0/user_design/rtl/phy/mig_7series_v4_2_ddr_phy_wrcal.v'. Please regenerate to continue.
WARNING: [IP_Flow 19-3664] IP 'mig_7series_0' generated file not found 'c:/Users/31624/AppData/Roaming/Xilinx/Vivado/.Xil/Vivado-24436-DESKTOP-DQRH7QF/coregen/mig_7series_0/mig_7series_0/user_design/rtl/phy/mig_7series_v4_2_ddr_phy_wrlvl.v'. Please regenerate to continue.
WARNING: [IP_Flow 19-3664] IP 'mig_7series_0' generated file not found 'c:/Users/31624/AppData/Roaming/Xilinx/Vivado/.Xil/Vivado-24436-DESKTOP-DQRH7QF/coregen/mig_7series_0/mig_7series_0/user_design/rtl/phy/mig_7series_v4_2_ddr_phy_wrlvl_off_delay.v'. Please regenerate to continue.
WARNING: [IP_Flow 19-3664] IP 'mig_7series_0' generated file not found 'c:/Users/31624/AppData/Roaming/Xilinx/Vivado/.Xil/Vivado-24436-DESKTOP-DQRH7QF/coregen/mig_7series_0/mig_7series_0/user_design/rtl/phy/mig_7series_v4_2_ddr_prbs_gen.v'. Please regenerate to continue.
WARNING: [IP_Flow 19-3664] IP 'mig_7series_0' generated file not found 'c:/Users/31624/AppData/Roaming/Xilinx/Vivado/.Xil/Vivado-24436-DESKTOP-DQRH7QF/coregen/mig_7series_0/mig_7series_0/user_design/rtl/phy/mig_7series_v4_2_ddr_skip_calib_tap.v'. Please regenerate to continue.
WARNING: [IP_Flow 19-3664] IP 'mig_7series_0' generated file not found 'c:/Users/31624/AppData/Roaming/Xilinx/Vivado/.Xil/Vivado-24436-DESKTOP-DQRH7QF/coregen/mig_7series_0/mig_7series_0/user_design/rtl/phy/mig_7series_v4_2_poc_cc.v'. Please regenerate to continue.
WARNING: [IP_Flow 19-3664] IP 'mig_7series_0' generated file not found 'c:/Users/31624/AppData/Roaming/Xilinx/Vivado/.Xil/Vivado-24436-DESKTOP-DQRH7QF/coregen/mig_7series_0/mig_7series_0/user_design/rtl/phy/mig_7series_v4_2_poc_edge_store.v'. Please regenerate to continue.
WARNING: [IP_Flow 19-3664] IP 'mig_7series_0' generated file not found 'c:/Users/31624/AppData/Roaming/Xilinx/Vivado/.Xil/Vivado-24436-DESKTOP-DQRH7QF/coregen/mig_7series_0/mig_7series_0/user_design/rtl/phy/mig_7series_v4_2_poc_meta.v'. Please regenerate to continue.
WARNING: [IP_Flow 19-3664] IP 'mig_7series_0' generated file not found 'c:/Users/31624/AppData/Roaming/Xilinx/Vivado/.Xil/Vivado-24436-DESKTOP-DQRH7QF/coregen/mig_7series_0/mig_7series_0/user_design/rtl/phy/mig_7series_v4_2_poc_pd.v'. Please regenerate to continue.
WARNING: [IP_Flow 19-3664] IP 'mig_7series_0' generated file not found 'c:/Users/31624/AppData/Roaming/Xilinx/Vivado/.Xil/Vivado-24436-DESKTOP-DQRH7QF/coregen/mig_7series_0/mig_7series_0/user_design/rtl/phy/mig_7series_v4_2_poc_tap_base.v'. Please regenerate to continue.
WARNING: [IP_Flow 19-3664] IP 'mig_7series_0' generated file not found 'c:/Users/31624/AppData/Roaming/Xilinx/Vivado/.Xil/Vivado-24436-DESKTOP-DQRH7QF/coregen/mig_7series_0/mig_7series_0/user_design/rtl/phy/mig_7series_v4_2_poc_top.v'. Please regenerate to continue.
WARNING: [IP_Flow 19-3664] IP 'mig_7series_0' generated file not found 'c:/Users/31624/AppData/Roaming/Xilinx/Vivado/.Xil/Vivado-24436-DESKTOP-DQRH7QF/coregen/mig_7series_0/mig_7series_0/user_design/rtl/ui/mig_7series_v4_2_ui_cmd.v'. Please regenerate to continue.
WARNING: [IP_Flow 19-3664] IP 'mig_7series_0' generated file not found 'c:/Users/31624/AppData/Roaming/Xilinx/Vivado/.Xil/Vivado-24436-DESKTOP-DQRH7QF/coregen/mig_7series_0/mig_7series_0/user_design/rtl/ui/mig_7series_v4_2_ui_rd_data.v'. Please regenerate to continue.
WARNING: [IP_Flow 19-3664] IP 'mig_7series_0' generated file not found 'c:/Users/31624/AppData/Roaming/Xilinx/Vivado/.Xil/Vivado-24436-DESKTOP-DQRH7QF/coregen/mig_7series_0/mig_7series_0/user_design/rtl/ui/mig_7series_v4_2_ui_top.v'. Please regenerate to continue.
WARNING: [IP_Flow 19-3664] IP 'mig_7series_0' generated file not found 'c:/Users/31624/AppData/Roaming/Xilinx/Vivado/.Xil/Vivado-24436-DESKTOP-DQRH7QF/coregen/mig_7series_0/mig_7series_0/user_design/rtl/ui/mig_7series_v4_2_ui_wr_data.v'. Please regenerate to continue.
WARNING: [IP_Flow 19-3664] IP 'mig_7series_0' generated file not found 'c:/Users/31624/AppData/Roaming/Xilinx/Vivado/.Xil/Vivado-24436-DESKTOP-DQRH7QF/coregen/mig_7series_0/mig_7series_0/user_design/constraints/mig_7series_0.xdc'. Please regenerate to continue.
WARNING: [IP_Flow 19-3664] IP 'mig_7series_0' generated file not found 'c:/Users/31624/AppData/Roaming/Xilinx/Vivado/.Xil/Vivado-24436-DESKTOP-DQRH7QF/coregen/mig_7series_0/mig_7series_0/user_design/constraints/mig_7series_0_ooc.xdc'. Please regenerate to continue.
WARNING: [IP_Flow 19-3664] IP 'mig_7series_0' generated file not found 'c:/Users/31624/AppData/Roaming/Xilinx/Vivado/.Xil/Vivado-24436-DESKTOP-DQRH7QF/coregen/mig_7series_0/mig_7series_0/user_design/rtl/mig_7series_0.v'. Please regenerate to continue.
WARNING: [IP_Flow 19-3664] IP 'mig_7series_0' generated file not found 'c:/Users/31624/AppData/Roaming/Xilinx/Vivado/.Xil/Vivado-24436-DESKTOP-DQRH7QF/coregen/mig_7series_0/mig_7series_0/user_design/rtl/mig_7series_0_mig.v'. Please regenerate to continue.
WARNING: [IP_Flow 19-3664] IP 'mig_7series_0' generated file not found 'c:/Users/31624/AppData/Roaming/Xilinx/Vivado/.Xil/Vivado-24436-DESKTOP-DQRH7QF/coregen/mig_7series_0/mig_7series_0/user_design/rtl/clocking/mig_7series_v4_2_clk_ibuf.v'. Please regenerate to continue.
WARNING: [IP_Flow 19-3664] IP 'mig_7series_0' generated file not found 'c:/Users/31624/AppData/Roaming/Xilinx/Vivado/.Xil/Vivado-24436-DESKTOP-DQRH7QF/coregen/mig_7series_0/mig_7series_0/user_design/rtl/clocking/mig_7series_v4_2_infrastructure.v'. Please regenerate to continue.
WARNING: [IP_Flow 19-3664] IP 'mig_7series_0' generated file not found 'c:/Users/31624/AppData/Roaming/Xilinx/Vivado/.Xil/Vivado-24436-DESKTOP-DQRH7QF/coregen/mig_7series_0/mig_7series_0/user_design/rtl/clocking/mig_7series_v4_2_iodelay_ctrl.v'. Please regenerate to continue.
WARNING: [IP_Flow 19-3664] IP 'mig_7series_0' generated file not found 'c:/Users/31624/AppData/Roaming/Xilinx/Vivado/.Xil/Vivado-24436-DESKTOP-DQRH7QF/coregen/mig_7series_0/mig_7series_0/user_design/rtl/clocking/mig_7series_v4_2_tempmon.v'. Please regenerate to continue.
WARNING: [IP_Flow 19-3664] IP 'mig_7series_0' generated file not found 'c:/Users/31624/AppData/Roaming/Xilinx/Vivado/.Xil/Vivado-24436-DESKTOP-DQRH7QF/coregen/mig_7series_0/mig_7series_0/user_design/rtl/controller/mig_7series_v4_2_arb_mux.v'. Please regenerate to continue.
WARNING: [IP_Flow 19-3664] IP 'mig_7series_0' generated file not found 'c:/Users/31624/AppData/Roaming/Xilinx/Vivado/.Xil/Vivado-24436-DESKTOP-DQRH7QF/coregen/mig_7series_0/mig_7series_0/user_design/rtl/controller/mig_7series_v4_2_arb_row_col.v'. Please regenerate to continue.
WARNING: [IP_Flow 19-3664] IP 'mig_7series_0' generated file not found 'c:/Users/31624/AppData/Roaming/Xilinx/Vivado/.Xil/Vivado-24436-DESKTOP-DQRH7QF/coregen/mig_7series_0/mig_7series_0/user_design/rtl/controller/mig_7series_v4_2_arb_select.v'. Please regenerate to continue.
WARNING: [IP_Flow 19-3664] IP 'mig_7series_0' generated file not found 'c:/Users/31624/AppData/Roaming/Xilinx/Vivado/.Xil/Vivado-24436-DESKTOP-DQRH7QF/coregen/mig_7series_0/mig_7series_0/user_design/rtl/controller/mig_7series_v4_2_bank_cntrl.v'. Please regenerate to continue.
WARNING: [IP_Flow 19-3664] IP 'mig_7series_0' generated file not found 'c:/Users/31624/AppData/Roaming/Xilinx/Vivado/.Xil/Vivado-24436-DESKTOP-DQRH7QF/coregen/mig_7series_0/mig_7series_0/user_design/rtl/controller/mig_7series_v4_2_bank_common.v'. Please regenerate to continue.
WARNING: [IP_Flow 19-3664] IP 'mig_7series_0' generated file not found 'c:/Users/31624/AppData/Roaming/Xilinx/Vivado/.Xil/Vivado-24436-DESKTOP-DQRH7QF/coregen/mig_7series_0/mig_7series_0/user_design/rtl/controller/mig_7series_v4_2_bank_compare.v'. Please regenerate to continue.
WARNING: [IP_Flow 19-3664] IP 'mig_7series_0' generated file not found 'c:/Users/31624/AppData/Roaming/Xilinx/Vivado/.Xil/Vivado-24436-DESKTOP-DQRH7QF/coregen/mig_7series_0/mig_7series_0/user_design/rtl/controller/mig_7series_v4_2_bank_mach.v'. Please regenerate to continue.
WARNING: [IP_Flow 19-3664] IP 'mig_7series_0' generated file not found 'c:/Users/31624/AppData/Roaming/Xilinx/Vivado/.Xil/Vivado-24436-DESKTOP-DQRH7QF/coregen/mig_7series_0/mig_7series_0/user_design/rtl/controller/mig_7series_v4_2_bank_queue.v'. Please regenerate to continue.
WARNING: [IP_Flow 19-3664] IP 'mig_7series_0' generated file not found 'c:/Users/31624/AppData/Roaming/Xilinx/Vivado/.Xil/Vivado-24436-DESKTOP-DQRH7QF/coregen/mig_7series_0/mig_7series_0/user_design/rtl/controller/mig_7series_v4_2_bank_state.v'. Please regenerate to continue.
WARNING: [IP_Flow 19-3664] IP 'mig_7series_0' generated file not found 'c:/Users/31624/AppData/Roaming/Xilinx/Vivado/.Xil/Vivado-24436-DESKTOP-DQRH7QF/coregen/mig_7series_0/mig_7series_0/user_design/rtl/controller/mig_7series_v4_2_col_mach.v'. Please regenerate to continue.
WARNING: [IP_Flow 19-3664] IP 'mig_7series_0' generated file not found 'c:/Users/31624/AppData/Roaming/Xilinx/Vivado/.Xil/Vivado-24436-DESKTOP-DQRH7QF/coregen/mig_7series_0/mig_7series_0/user_design/rtl/controller/mig_7series_v4_2_mc.v'. Please regenerate to continue.
WARNING: [IP_Flow 19-3664] IP 'mig_7series_0' generated file not found 'c:/Users/31624/AppData/Roaming/Xilinx/Vivado/.Xil/Vivado-24436-DESKTOP-DQRH7QF/coregen/mig_7series_0/mig_7series_0/user_design/rtl/controller/mig_7series_v4_2_rank_cntrl.v'. Please regenerate to continue.
WARNING: [IP_Flow 19-3664] IP 'mig_7series_0' generated file not found 'c:/Users/31624/AppData/Roaming/Xilinx/Vivado/.Xil/Vivado-24436-DESKTOP-DQRH7QF/coregen/mig_7series_0/mig_7series_0/user_design/rtl/controller/mig_7series_v4_2_rank_common.v'. Please regenerate to continue.
WARNING: [IP_Flow 19-3664] IP 'mig_7series_0' generated file not found 'c:/Users/31624/AppData/Roaming/Xilinx/Vivado/.Xil/Vivado-24436-DESKTOP-DQRH7QF/coregen/mig_7series_0/mig_7series_0/user_design/rtl/controller/mig_7series_v4_2_rank_mach.v'. Please regenerate to continue.
WARNING: [IP_Flow 19-3664] IP 'mig_7series_0' generated file not found 'c:/Users/31624/AppData/Roaming/Xilinx/Vivado/.Xil/Vivado-24436-DESKTOP-DQRH7QF/coregen/mig_7series_0/mig_7series_0/user_design/rtl/controller/mig_7series_v4_2_round_robin_arb.v'. Please regenerate to continue.
WARNING: [IP_Flow 19-3664] IP 'mig_7series_0' generated file not found 'c:/Users/31624/AppData/Roaming/Xilinx/Vivado/.Xil/Vivado-24436-DESKTOP-DQRH7QF/coregen/mig_7series_0/mig_7series_0/user_design/rtl/ecc/mig_7series_v4_2_ecc_buf.v'. Please regenerate to continue.
WARNING: [IP_Flow 19-3664] IP 'mig_7series_0' generated file not found 'c:/Users/31624/AppData/Roaming/Xilinx/Vivado/.Xil/Vivado-24436-DESKTOP-DQRH7QF/coregen/mig_7series_0/mig_7series_0/user_design/rtl/ecc/mig_7series_v4_2_ecc_dec_fix.v'. Please regenerate to continue.
WARNING: [IP_Flow 19-3664] IP 'mig_7series_0' generated file not found 'c:/Users/31624/AppData/Roaming/Xilinx/Vivado/.Xil/Vivado-24436-DESKTOP-DQRH7QF/coregen/mig_7series_0/mig_7series_0/user_design/rtl/ecc/mig_7series_v4_2_ecc_gen.v'. Please regenerate to continue.
WARNING: [IP_Flow 19-3664] IP 'mig_7series_0' generated file not found 'c:/Users/31624/AppData/Roaming/Xilinx/Vivado/.Xil/Vivado-24436-DESKTOP-DQRH7QF/coregen/mig_7series_0/mig_7series_0/user_design/rtl/ecc/mig_7series_v4_2_ecc_merge_enc.v'. Please regenerate to continue.
WARNING: [IP_Flow 19-3664] IP 'mig_7series_0' generated file not found 'c:/Users/31624/AppData/Roaming/Xilinx/Vivado/.Xil/Vivado-24436-DESKTOP-DQRH7QF/coregen/mig_7series_0/mig_7series_0/user_design/rtl/ecc/mig_7series_v4_2_fi_xor.v'. Please regenerate to continue.
WARNING: [IP_Flow 19-3664] IP 'mig_7series_0' generated file not found 'c:/Users/31624/AppData/Roaming/Xilinx/Vivado/.Xil/Vivado-24436-DESKTOP-DQRH7QF/coregen/mig_7series_0/mig_7series_0/user_design/rtl/ip_top/mig_7series_v4_2_memc_ui_top_std.v'. Please regenerate to continue.
WARNING: [IP_Flow 19-3664] IP 'mig_7series_0' generated file not found 'c:/Users/31624/AppData/Roaming/Xilinx/Vivado/.Xil/Vivado-24436-DESKTOP-DQRH7QF/coregen/mig_7series_0/mig_7series_0/user_design/rtl/ip_top/mig_7series_v4_2_mem_intfc.v'. Please regenerate to continue.
WARNING: [IP_Flow 19-3664] IP 'mig_7series_0' generated file not found 'c:/Users/31624/AppData/Roaming/Xilinx/Vivado/.Xil/Vivado-24436-DESKTOP-DQRH7QF/coregen/mig_7series_0/mig_7series_0/user_design/rtl/phy/mig_7series_v4_2_ddr_byte_group_io.v'. Please regenerate to continue.
WARNING: [IP_Flow 19-3664] IP 'mig_7series_0' generated file not found 'c:/Users/31624/AppData/Roaming/Xilinx/Vivado/.Xil/Vivado-24436-DESKTOP-DQRH7QF/coregen/mig_7series_0/mig_7series_0/user_design/rtl/phy/mig_7series_v4_2_ddr_byte_lane.v'. Please regenerate to continue.
WARNING: [IP_Flow 19-3664] IP 'mig_7series_0' generated file not found 'c:/Users/31624/AppData/Roaming/Xilinx/Vivado/.Xil/Vivado-24436-DESKTOP-DQRH7QF/coregen/mig_7series_0/mig_7series_0/user_design/rtl/phy/mig_7series_v4_2_ddr_calib_top.v'. Please regenerate to continue.
WARNING: [IP_Flow 19-3664] IP 'mig_7series_0' generated file not found 'c:/Users/31624/AppData/Roaming/Xilinx/Vivado/.Xil/Vivado-24436-DESKTOP-DQRH7QF/coregen/mig_7series_0/mig_7series_0/user_design/rtl/phy/mig_7series_v4_2_ddr_if_post_fifo.v'. Please regenerate to continue.
WARNING: [IP_Flow 19-3664] IP 'mig_7series_0' generated file not found 'c:/Users/31624/AppData/Roaming/Xilinx/Vivado/.Xil/Vivado-24436-DESKTOP-DQRH7QF/coregen/mig_7series_0/mig_7series_0/user_design/rtl/phy/mig_7series_v4_2_ddr_mc_phy.v'. Please regenerate to continue.
INFO: [Common 17-14] Message 'IP_Flow 19-3664' appears 100 times and further instances of the messages will be disabled. Use the Tcl command set_msg_config to change the current settings.
INFO: [open_example_project] Generating the example project IP ...
INFO: [open_example_project] Adding example synthesis HDL files ...
INFO: [open_example_project] Adding example XDC files ...
INFO: [open_example_project] Adding simulation HDL files ...
INFO: [open_example_project] Adding simulation miscellaneous files ...
INFO: [open_example_project] Sourcing example extension scripts ...
Post Processing the example_design
INFO: [open_example_project] Rebuilding all the top level IPs ...
INFO: [IP_Flow 19-1686] Generating 'Change Log' target for IP 'mig_7series_0'...
INFO: [exportsim-Tcl-35] Exporting simulation files for "XSIM" (Xilinx Vivado Simulator)...
INFO: [exportsim-Tcl-29] Script generated: 'H:/FPGA_basicproject/mig/project/mig_7series_0_ex/mig_7series_0_ex.ip_user_files/sim_scripts/mig_7series_0/xsim/mig_7series_0.sh'
INFO: [SIM-utils-43] Exported 'H:/FPGA_basicproject/mig/project/mig_7series_0_ex/mig_7series_0_ex.ip_user_files/sim_scripts/mig_7series_0/xsim/mig_b.prj'
INFO: [exportsim-Tcl-35] Exporting simulation files for "MODELSIM" (Mentor Graphics ModelSim Simulator)...
INFO: [exportsim-Tcl-29] Script generated: 'H:/FPGA_basicproject/mig/project/mig_7series_0_ex/mig_7series_0_ex.ip_user_files/sim_scripts/mig_7series_0/modelsim/mig_7series_0.sh'
INFO: [SIM-utils-43] Exported 'H:/FPGA_basicproject/mig/project/mig_7series_0_ex/mig_7series_0_ex.ip_user_files/sim_scripts/mig_7series_0/modelsim/mig_b.prj'
INFO: [exportsim-Tcl-35] Exporting simulation files for "QUESTA" (Mentor Graphics Questa Advanced Simulator)...
INFO: [exportsim-Tcl-29] Script generated: 'H:/FPGA_basicproject/mig/project/mig_7series_0_ex/mig_7series_0_ex.ip_user_files/sim_scripts/mig_7series_0/questa/mig_7series_0.sh'
INFO: [SIM-utils-43] Exported 'H:/FPGA_basicproject/mig/project/mig_7series_0_ex/mig_7series_0_ex.ip_user_files/sim_scripts/mig_7series_0/questa/mig_b.prj'
INFO: [exportsim-Tcl-35] Exporting simulation files for "IES" (Cadence Incisive Enterprise Simulator)...
INFO: [exportsim-Tcl-29] Script generated: 'H:/FPGA_basicproject/mig/project/mig_7series_0_ex/mig_7series_0_ex.ip_user_files/sim_scripts/mig_7series_0/ies/mig_7series_0.sh'
INFO: [SIM-utils-43] Exported 'H:/FPGA_basicproject/mig/project/mig_7series_0_ex/mig_7series_0_ex.ip_user_files/sim_scripts/mig_7series_0/ies/mig_b.prj'
INFO: [exportsim-Tcl-35] Exporting simulation files for "VCS" (Synopsys Verilog Compiler Simulator)...
INFO: [exportsim-Tcl-29] Script generated: 'H:/FPGA_basicproject/mig/project/mig_7series_0_ex/mig_7series_0_ex.ip_user_files/sim_scripts/mig_7series_0/vcs/mig_7series_0.sh'
INFO: [SIM-utils-43] Exported 'H:/FPGA_basicproject/mig/project/mig_7series_0_ex/mig_7series_0_ex.ip_user_files/sim_scripts/mig_7series_0/vcs/mig_b.prj'
INFO: [exportsim-Tcl-35] Exporting simulation files for "RIVIERA" (Aldec Riviera-PRO Simulator)...
INFO: [exportsim-Tcl-29] Script generated: 'H:/FPGA_basicproject/mig/project/mig_7series_0_ex/mig_7series_0_ex.ip_user_files/sim_scripts/mig_7series_0/riviera/mig_7series_0.sh'
INFO: [SIM-utils-43] Exported 'H:/FPGA_basicproject/mig/project/mig_7series_0_ex/mig_7series_0_ex.ip_user_files/sim_scripts/mig_7series_0/riviera/mig_b.prj'
INFO: [exportsim-Tcl-35] Exporting simulation files for "ACTIVEHDL" (Aldec Active-HDL Simulator)...
INFO: [exportsim-Tcl-29] Script generated: 'H:/FPGA_basicproject/mig/project/mig_7series_0_ex/mig_7series_0_ex.ip_user_files/sim_scripts/mig_7series_0/activehdl/mig_7series_0.sh'
INFO: [SIM-utils-43] Exported 'H:/FPGA_basicproject/mig/project/mig_7series_0_ex/mig_7series_0_ex.ip_user_files/sim_scripts/mig_7series_0/activehdl/mig_b.prj'
INFO: [exportsim-Tcl-35] Exporting simulation files for "XCELIUM" (Cadence Xcelium Parallel Simulator)...
INFO: [exportsim-Tcl-29] Script generated: 'H:/FPGA_basicproject/mig/project/mig_7series_0_ex/mig_7series_0_ex.ip_user_files/sim_scripts/mig_7series_0/xcelium/mig_7series_0.sh'
INFO: [SIM-utils-43] Exported 'H:/FPGA_basicproject/mig/project/mig_7series_0_ex/mig_7series_0_ex.ip_user_files/sim_scripts/mig_7series_0/xcelium/mig_b.prj'
INFO: [open_example_project] Open Example Project completed
update_compile_order -fileset sources_1
update_compile_order -fileset sim_1
exit
INFO: [Common 17-206] Exiting Vivado at Mon Oct 28 15:54:36 2024...
