#-----------------------------------------------------------
# Vivado v2019.2 (64-bit)
# SW Build 2708876 on Wed Nov  6 21:40:23 MST 2019
# IP Build 2700528 on Thu Nov  7 00:09:20 MST 2019
# Start of session at: Wed Nov 13 18:23:38 2024
# Process ID: 29004
# Current directory: H:/FPGA_basicproject/mig_color/project/project_migcolorbar
# Command line: vivado.exe -gui_launcher_event rodinguilauncherevent47720 H:\FPGA_basicproject\mig_color\project\project_migcolorbar\project_migcolorbar.xpr
# Log file: H:/FPGA_basicproject/mig_color/project/project_migcolorbar/vivado.log
# Journal file: H:/FPGA_basicproject/mig_color/project/project_migcolorbar\vivado.jou
#-----------------------------------------------------------
start_gui
open_project H:/FPGA_basicproject/mig_color/project/project_migcolorbar/project_migcolorbar.xpr
Scanning sources...
Finished scanning sources
INFO: [IP_Flow 19-234] Refreshing IP repositories
INFO: [IP_Flow 19-1704] No user IP repositories specified
INFO: [IP_Flow 19-2313] Loaded Vivado IP repository 'H:/vivado/Vivado/2019.2/data/ip'.
open_project: Time (s): cpu = 00:00:12 ; elapsed = 00:00:09 . Memory (MB): peak = 976.805 ; gain = 242.785
update_compile_order -fileset sources_1
reset_run synth_1
launch_runs synth_1 -jobs 8
[Wed Nov 13 18:29:48 2024] Launched synth_1...
Run output will be captured here: H:/FPGA_basicproject/mig_color/project/project_migcolorbar/project_migcolorbar.runs/synth_1/runme.log
launch_runs impl_1 -to_step write_bitstream -jobs 8
[Wed Nov 13 18:30:41 2024] Launched impl_1...
Run output will be captured here: H:/FPGA_basicproject/mig_color/project/project_migcolorbar/project_migcolorbar.runs/impl_1/runme.log
open_run impl_1
INFO: [Device 21-403] Loading part xc7a35tfgg484-1
Netlist sorting complete. Time (s): cpu = 00:00:00 ; elapsed = 00:00:00.187 . Memory (MB): peak = 1307.461 ; gain = 0.000
INFO: [Netlist 29-17] Analyzing 379 Unisim elements for replacement
INFO: [Netlist 29-28] Unisim Transformation completed in 0 CPU seconds
INFO: [Project 1-479] Netlist was created with Vivado 2019.2
INFO: [Project 1-570] Preparing netlist for logic optimization
WARNING: [Constraints 18-550] Could not create 'IBUF_LOW_PWR' constraint because net 'clk_wiz_0_inst/clk_in1' is not directly connected to top level port. Synthesis is ignored for IBUF_LOW_PWR but preserved for implementation.
INFO: [Timing 38-478] Restoring timing data from binary archive.
INFO: [Timing 38-479] Binary timing data restore complete.
INFO: [Project 1-856] Restoring constraints from binary archive.
INFO: [Project 1-853] Binary constraint restore complete.
Reading XDEF placement.
Reading placer database...
Reading XDEF routing.
Read XDEF File: Time (s): cpu = 00:00:01 ; elapsed = 00:00:00.668 . Memory (MB): peak = 2033.742 ; gain = 0.000
Restored from archive | CPU: 1.000000 secs | Memory: 0.000000 MB |
Finished XDEF File Restore: Time (s): cpu = 00:00:01 ; elapsed = 00:00:00.669 . Memory (MB): peak = 2033.742 ; gain = 0.000
Netlist sorting complete. Time (s): cpu = 00:00:00 ; elapsed = 00:00:00.002 . Memory (MB): peak = 2033.742 ; gain = 0.000
INFO: [Project 1-111] Unisim Transformation Summary:
  A total of 131 instances were transformed.
  IOBUFDS_DIFF_OUT_INTERMDISABLE => IOBUFDS_DIFF_OUT_INTERMDISABLE (IBUFDS_INTERMDISABLE_INT(x2), INV, OBUFTDS(x2)): 2 instances
  IOBUF_INTERMDISABLE => IOBUF_INTERMDISABLE (IBUF_INTERMDISABLE, OBUFT): 16 instances
  OBUFDS => OBUFDS_DUAL_BUF (INV, OBUFDS(x2)): 1 instance 
  RAM32M => RAM32M (RAMD32(x6), RAMS32(x2)): 111 instances
  SRLC32E => SRL16E: 1 instance 

open_run: Time (s): cpu = 00:00:25 ; elapsed = 00:00:16 . Memory (MB): peak = 2199.965 ; gain = 1101.527
WARNING: [Timing 38-436] There are set_bus_skew constraint(s) in this design. Please run report_bus_skew to ensure that bus skew requirements are met.
open_hw_manager
connect_hw_server -allow_non_jtag
INFO: [Labtools 27-2285] Connecting to hw_server url TCP:localhost:3121
INFO: [Labtools 27-2222] Launching hw_server...
INFO: [Labtools 27-2221] Launch Output:

****** Xilinx hw_server v2019.2
  **** Build date : Nov  6 2019 at 22:12:23
    ** Copyright 1986-2019 Xilinx, Inc. All Rights Reserved.


INFO: [Labtools 27-3415] Connecting to cs_server url TCP:localhost:3042
INFO: [Labtools 27-3417] Launching cs_server...
INFO: [Labtools 27-2221] Launch Output:


****** Xilinx cs_server v2019.2.0
  **** Build date : Nov 07 2019-13:28:22
    ** Copyright 2017-2019 Xilinx, Inc. All Rights Reserved.



connect_hw_server: Time (s): cpu = 00:00:01 ; elapsed = 00:00:07 . Memory (MB): peak = 2340.391 ; gain = 10.270
open_hw_target
INFO: [Labtoolstcl 44-466] Opening hw_target localhost:3121/xilinx_tcf/Digilent/H200526FBD90
set_property PROGRAM.FILE {H:/FPGA_basicproject/mig_color/project/project_migcolorbar/project_migcolorbar.runs/impl_1/top_mig.bit} [get_hw_devices xc7a35t_0]
current_hw_device [get_hw_devices xc7a35t_0]
refresh_hw_device -update_hw_probes false [lindex [get_hw_devices xc7a35t_0] 0]
INFO: [Labtools 27-1434] Device xc7a35t (JTAG device index = 0) is programmed with a design that has no supported debug core(s) in it.
set_property PROBES.FILE {} [get_hw_devices xc7a35t_0]
set_property FULL_PROBES.FILE {} [get_hw_devices xc7a35t_0]
set_property PROGRAM.FILE {H:/FPGA_basicproject/mig_color/project/project_migcolorbar/project_migcolorbar.runs/impl_1/top_mig.bit} [get_hw_devices xc7a35t_0]
program_hw_devices [get_hw_devices xc7a35t_0]
INFO: [Labtools 27-3164] End of startup status: HIGH
refresh_hw_device [lindex [get_hw_devices xc7a35t_0] 0]
INFO: [Labtools 27-1434] Device xc7a35t (JTAG device index = 0) is programmed with a design that has no supported debug core(s) in it.
close_hw_manager
reset_run synth_1
launch_runs synth_1 -jobs 8
[Wed Nov 13 18:38:50 2024] Launched synth_1...
Run output will be captured here: H:/FPGA_basicproject/mig_color/project/project_migcolorbar/project_migcolorbar.runs/synth_1/runme.log
launch_runs impl_1 -to_step write_bitstream -jobs 8
[Wed Nov 13 18:39:42 2024] Launched impl_1...
Run output will be captured here: H:/FPGA_basicproject/mig_color/project/project_migcolorbar/project_migcolorbar.runs/impl_1/runme.log
open_hw_manager
connect_hw_server -allow_non_jtag
INFO: [Labtools 27-2285] Connecting to hw_server url TCP:localhost:3121
INFO: [Labtools 27-2222] Launching hw_server...
INFO: [Labtools 27-2221] Launch Output:

****** Xilinx hw_server v2019.2
  **** Build date : Nov  6 2019 at 22:12:23
    ** Copyright 1986-2019 Xilinx, Inc. All Rights Reserved.


INFO: [Labtools 27-3415] Connecting to cs_server url TCP:localhost:3042
INFO: [Labtools 27-3417] Launching cs_server...
INFO: [Labtools 27-2221] Launch Output:


****** Xilinx cs_server v2019.2.0
  **** Build date : Nov 07 2019-13:28:22
    ** Copyright 2017-2019 Xilinx, Inc. All Rights Reserved.



connect_hw_server: Time (s): cpu = 00:00:00 ; elapsed = 00:00:06 . Memory (MB): peak = 3599.070 ; gain = 0.000
open_hw_target
INFO: [Labtoolstcl 44-466] Opening hw_target localhost:3121/xilinx_tcf/Digilent/H200526FBD90
set_property PROGRAM.FILE {H:/FPGA_basicproject/mig_color/project/project_migcolorbar/project_migcolorbar.runs/impl_1/top_mig.bit} [get_hw_devices xc7a35t_0]
current_hw_device [get_hw_devices xc7a35t_0]
refresh_hw_device -update_hw_probes false [lindex [get_hw_devices xc7a35t_0] 0]
INFO: [Labtools 27-1434] Device xc7a35t (JTAG device index = 0) is programmed with a design that has no supported debug core(s) in it.
set_property PROBES.FILE {} [get_hw_devices xc7a35t_0]
set_property FULL_PROBES.FILE {} [get_hw_devices xc7a35t_0]
set_property PROGRAM.FILE {H:/FPGA_basicproject/mig_color/project/project_migcolorbar/project_migcolorbar.runs/impl_1/top_mig.bit} [get_hw_devices xc7a35t_0]
program_hw_devices [get_hw_devices xc7a35t_0]
INFO: [Labtools 27-3164] End of startup status: HIGH
refresh_hw_device [lindex [get_hw_devices xc7a35t_0] 0]
INFO: [Labtools 27-1434] Device xc7a35t (JTAG device index = 0) is programmed with a design that has no supported debug core(s) in it.
close_hw_manager
set_property SOURCE_SET sources_1 [get_filesets sim_1]
add_files -fileset sim_1 -norecurse H:/FPGA_basicproject/mig_color/tb_colorbar.v
update_compile_order -fileset sim_1
update_compile_order -fileset sim_1
launch_simulation
Command: launch_simulation 
INFO: [Vivado 12-5698] Checking validity of IPs in the design for the 'XSim' simulator...
INFO: [Vivado 12-5682] Launching behavioral simulation in 'H:/FPGA_basicproject/mig_color/project/project_migcolorbar/project_migcolorbar.sim/sim_1/behav/xsim'
INFO: [Vivado 12-4795] Using compiled simulation libraries for IPs
INFO: [SIM-utils-51] Simulation object is 'sim_1'
INFO: [USF-XSim-7] Finding pre-compiled libraries...
INFO: [USF-XSim-11] File 'H:/vivado/Vivado/2019.2/data/xsim/xsim.ini' copied to run dir:'H:/FPGA_basicproject/mig_color/project/project_migcolorbar/project_migcolorbar.sim/sim_1/behav/xsim'
INFO: [SIM-utils-54] Inspecting design source files for 'tb_colorbar' in fileset 'sim_1'...
INFO: [USF-XSim-97] Finding global include files...
INFO: [USF-XSim-98] Fetching design files from 'sim_1'...
INFO: [USF-XSim-2] XSim::Compile design
INFO: [USF-XSim-61] Executing 'COMPILE and ANALYZE' step in 'H:/FPGA_basicproject/mig_color/project/project_migcolorbar/project_migcolorbar.sim/sim_1/behav/xsim'
"xvlog --incr --relax -prj tb_colorbar_vlog.prj"
INFO: [VRFC 10-2263] Analyzing Verilog file "H:/FPGA_basicproject/mig_color/project/project_migcolorbar/project_migcolorbar.srcs/sources_1/ip/fifo_generator_0/sim/fifo_generator_0.v" into library xil_defaultlib
INFO: [VRFC 10-311] analyzing module fifo_generator_0
INFO: [VRFC 10-2263] Analyzing Verilog file "H:/FPGA_basicproject/mig_color/project/project_migcolorbar/project_migcolorbar.srcs/sources_1/ip/mig_7series_0_1/mig_7series_0/user_design/rtl/clocking/mig_7series_v4_2_clk_ibuf.v" into library xil_defaultlib
INFO: [VRFC 10-311] analyzing module mig_7series_v4_2_clk_ibuf
INFO: [VRFC 10-2263] Analyzing Verilog file "H:/FPGA_basicproject/mig_color/project/project_migcolorbar/project_migcolorbar.srcs/sources_1/ip/mig_7series_0_1/mig_7series_0/user_design/rtl/clocking/mig_7series_v4_2_infrastructure.v" into library xil_defaultlib
INFO: [VRFC 10-311] analyzing module mig_7series_v4_2_infrastructure
INFO: [VRFC 10-2263] Analyzing Verilog file "H:/FPGA_basicproject/mig_color/project/project_migcolorbar/project_migcolorbar.srcs/sources_1/ip/mig_7series_0_1/mig_7series_0/user_design/rtl/clocking/mig_7series_v4_2_iodelay_ctrl.v" into library xil_defaultlib
INFO: [VRFC 10-311] analyzing module mig_7series_v4_2_iodelay_ctrl
INFO: [VRFC 10-2263] Analyzing Verilog file "H:/FPGA_basicproject/mig_color/project/project_migcolorbar/project_migcolorbar.srcs/sources_1/ip/mig_7series_0_1/mig_7series_0/user_design/rtl/clocking/mig_7series_v4_2_tempmon.v" into library xil_defaultlib
INFO: [VRFC 10-311] analyzing module mig_7series_v4_2_tempmon
INFO: [VRFC 10-2263] Analyzing Verilog file "H:/FPGA_basicproject/mig_color/project/project_migcolorbar/project_migcolorbar.srcs/sources_1/ip/mig_7series_0_1/mig_7series_0/user_design/rtl/controller/mig_7series_v4_2_arb_mux.v" into library xil_defaultlib
INFO: [VRFC 10-311] analyzing module mig_7series_v4_2_arb_mux
INFO: [VRFC 10-2263] Analyzing Verilog file "H:/FPGA_basicproject/mig_color/project/project_migcolorbar/project_migcolorbar.srcs/sources_1/ip/mig_7series_0_1/mig_7series_0/user_design/rtl/controller/mig_7series_v4_2_arb_row_col.v" into library xil_defaultlib
INFO: [VRFC 10-311] analyzing module mig_7series_v4_2_arb_row_col
WARNING: [VRFC 10-2654] begin/end is required for generate-for in this mode of verilog [H:/FPGA_basicproject/mig_color/project/project_migcolorbar/project_migcolorbar.srcs/sources_1/ip/mig_7series_0_1/mig_7series_0/user_design/rtl/controller/mig_7series_v4_2_arb_row_col.v:252]
INFO: [VRFC 10-2263] Analyzing Verilog file "H:/FPGA_basicproject/mig_color/project/project_migcolorbar/project_migcolorbar.srcs/sources_1/ip/mig_7series_0_1/mig_7series_0/user_design/rtl/controller/mig_7series_v4_2_arb_select.v" into library xil_defaultlib
INFO: [VRFC 10-311] analyzing module mig_7series_v4_2_arb_select
INFO: [VRFC 10-2263] Analyzing Verilog file "H:/FPGA_basicproject/mig_color/project/project_migcolorbar/project_migcolorbar.srcs/sources_1/ip/mig_7series_0_1/mig_7series_0/user_design/rtl/controller/mig_7series_v4_2_bank_cntrl.v" into library xil_defaultlib
INFO: [VRFC 10-311] analyzing module mig_7series_v4_2_bank_cntrl
INFO: [VRFC 10-2263] Analyzing Verilog file "H:/FPGA_basicproject/mig_color/project/project_migcolorbar/project_migcolorbar.srcs/sources_1/ip/mig_7series_0_1/mig_7series_0/user_design/rtl/controller/mig_7series_v4_2_bank_common.v" into library xil_defaultlib
INFO: [VRFC 10-311] analyzing module mig_7series_v4_2_bank_common
INFO: [VRFC 10-2263] Analyzing Verilog file "H:/FPGA_basicproject/mig_color/project/project_migcolorbar/project_migcolorbar.srcs/sources_1/ip/mig_7series_0_1/mig_7series_0/user_design/rtl/controller/mig_7series_v4_2_bank_compare.v" into library xil_defaultlib
INFO: [VRFC 10-311] analyzing module mig_7series_v4_2_bank_compare
INFO: [VRFC 10-2263] Analyzing Verilog file "H:/FPGA_basicproject/mig_color/project/project_migcolorbar/project_migcolorbar.srcs/sources_1/ip/mig_7series_0_1/mig_7series_0/user_design/rtl/controller/mig_7series_v4_2_bank_mach.v" into library xil_defaultlib
INFO: [VRFC 10-311] analyzing module mig_7series_v4_2_bank_mach
INFO: [VRFC 10-2263] Analyzing Verilog file "H:/FPGA_basicproject/mig_color/project/project_migcolorbar/project_migcolorbar.srcs/sources_1/ip/mig_7series_0_1/mig_7series_0/user_design/rtl/controller/mig_7series_v4_2_bank_queue.v" into library xil_defaultlib
INFO: [VRFC 10-311] analyzing module mig_7series_v4_2_bank_queue
INFO: [VRFC 10-2263] Analyzing Verilog file "H:/FPGA_basicproject/mig_color/project/project_migcolorbar/project_migcolorbar.srcs/sources_1/ip/mig_7series_0_1/mig_7series_0/user_design/rtl/controller/mig_7series_v4_2_bank_state.v" into library xil_defaultlib
INFO: [VRFC 10-311] analyzing module mig_7series_v4_2_bank_state
INFO: [VRFC 10-2263] Analyzing Verilog file "H:/FPGA_basicproject/mig_color/project/project_migcolorbar/project_migcolorbar.srcs/sources_1/ip/mig_7series_0_1/mig_7series_0/user_design/rtl/controller/mig_7series_v4_2_col_mach.v" into library xil_defaultlib
INFO: [VRFC 10-311] analyzing module mig_7series_v4_2_col_mach
INFO: [VRFC 10-2263] Analyzing Verilog file "H:/FPGA_basicproject/mig_color/project/project_migcolorbar/project_migcolorbar.srcs/sources_1/ip/mig_7series_0_1/mig_7series_0/user_design/rtl/controller/mig_7series_v4_2_mc.v" into library xil_defaultlib
INFO: [VRFC 10-311] analyzing module mig_7series_v4_2_mc
INFO: [VRFC 10-2263] Analyzing Verilog file "H:/FPGA_basicproject/mig_color/project/project_migcolorbar/project_migcolorbar.srcs/sources_1/ip/mig_7series_0_1/mig_7series_0/user_design/rtl/controller/mig_7series_v4_2_rank_cntrl.v" into library xil_defaultlib
INFO: [VRFC 10-311] analyzing module mig_7series_v4_2_rank_cntrl
INFO: [VRFC 10-2263] Analyzing Verilog file "H:/FPGA_basicproject/mig_color/project/project_migcolorbar/project_migcolorbar.srcs/sources_1/ip/mig_7series_0_1/mig_7series_0/user_design/rtl/controller/mig_7series_v4_2_rank_common.v" into library xil_defaultlib
INFO: [VRFC 10-311] analyzing module mig_7series_v4_2_rank_common
INFO: [VRFC 10-2263] Analyzing Verilog file "H:/FPGA_basicproject/mig_color/project/project_migcolorbar/project_migcolorbar.srcs/sources_1/ip/mig_7series_0_1/mig_7series_0/user_design/rtl/controller/mig_7series_v4_2_rank_mach.v" into library xil_defaultlib
INFO: [VRFC 10-311] analyzing module mig_7series_v4_2_rank_mach
INFO: [VRFC 10-2263] Analyzing Verilog file "H:/FPGA_basicproject/mig_color/project/project_migcolorbar/project_migcolorbar.srcs/sources_1/ip/mig_7series_0_1/mig_7series_0/user_design/rtl/controller/mig_7series_v4_2_round_robin_arb.v" into library xil_defaultlib
INFO: [VRFC 10-311] analyzing module mig_7series_v4_2_round_robin_arb
INFO: [VRFC 10-2263] Analyzing Verilog file "H:/FPGA_basicproject/mig_color/project/project_migcolorbar/project_migcolorbar.srcs/sources_1/ip/mig_7series_0_1/mig_7series_0/user_design/rtl/ecc/mig_7series_v4_2_ecc_buf.v" into library xil_defaultlib
INFO: [VRFC 10-311] analyzing module mig_7series_v4_2_ecc_buf
INFO: [VRFC 10-2263] Analyzing Verilog file "H:/FPGA_basicproject/mig_color/project/project_migcolorbar/project_migcolorbar.srcs/sources_1/ip/mig_7series_0_1/mig_7series_0/user_design/rtl/ecc/mig_7series_v4_2_ecc_dec_fix.v" into library xil_defaultlib
INFO: [VRFC 10-311] analyzing module mig_7series_v4_2_ecc_dec_fix
INFO: [VRFC 10-2263] Analyzing Verilog file "H:/FPGA_basicproject/mig_color/project/project_migcolorbar/project_migcolorbar.srcs/sources_1/ip/mig_7series_0_1/mig_7series_0/user_design/rtl/ecc/mig_7series_v4_2_ecc_gen.v" into library xil_defaultlib
INFO: [VRFC 10-311] analyzing module mig_7series_v4_2_ecc_gen
INFO: [VRFC 10-2263] Analyzing Verilog file "H:/FPGA_basicproject/mig_color/project/project_migcolorbar/project_migcolorbar.srcs/sources_1/ip/mig_7series_0_1/mig_7series_0/user_design/rtl/ecc/mig_7series_v4_2_ecc_merge_enc.v" into library xil_defaultlib
INFO: [VRFC 10-311] analyzing module mig_7series_v4_2_ecc_merge_enc
INFO: [VRFC 10-2263] Analyzing Verilog file "H:/FPGA_basicproject/mig_color/project/project_migcolorbar/project_migcolorbar.srcs/sources_1/ip/mig_7series_0_1/mig_7series_0/user_design/rtl/ecc/mig_7series_v4_2_fi_xor.v" into library xil_defaultlib
INFO: [VRFC 10-311] analyzing module mig_7series_v4_2_fi_xor
INFO: [VRFC 10-2263] Analyzing Verilog file "H:/FPGA_basicproject/mig_color/project/project_migcolorbar/project_migcolorbar.srcs/sources_1/ip/mig_7series_0_1/mig_7series_0/user_design/rtl/ip_top/mig_7series_v4_2_memc_ui_top_std.v" into library xil_defaultlib
INFO: [VRFC 10-311] analyzing module mig_7series_v4_2_memc_ui_top_std
INFO: [VRFC 10-2263] Analyzing Verilog file "H:/FPGA_basicproject/mig_color/project/project_migcolorbar/project_migcolorbar.srcs/sources_1/ip/mig_7series_0_1/mig_7series_0/user_design/rtl/ip_top/mig_7series_v4_2_mem_intfc.v" into library xil_defaultlib
INFO: [VRFC 10-311] analyzing module mig_7series_v4_2_mem_intfc
INFO: [VRFC 10-2263] Analyzing Verilog file "H:/FPGA_basicproject/mig_color/project/project_migcolorbar/project_migcolorbar.srcs/sources_1/ip/mig_7series_0_1/mig_7series_0/user_design/rtl/phy/mig_7series_v4_2_ddr_byte_group_io.v" into library xil_defaultlib
INFO: [VRFC 10-311] analyzing module mig_7series_v4_2_ddr_byte_group_io
INFO: [VRFC 10-2263] Analyzing Verilog file "H:/FPGA_basicproject/mig_color/project/project_migcolorbar/project_migcolorbar.srcs/sources_1/ip/mig_7series_0_1/mig_7series_0/user_design/rtl/phy/mig_7series_v4_2_ddr_byte_lane.v" into library xil_defaultlib
INFO: [VRFC 10-311] analyzing module mig_7series_v4_2_ddr_byte_lane
INFO: [VRFC 10-2263] Analyzing Verilog file "H:/FPGA_basicproject/mig_color/project/project_migcolorbar/project_migcolorbar.srcs/sources_1/ip/mig_7series_0_1/mig_7series_0/user_design/rtl/phy/mig_7series_v4_2_ddr_calib_top.v" into library xil_defaultlib
INFO: [VRFC 10-311] analyzing module mig_7series_v4_2_ddr_calib_top
INFO: [VRFC 10-2263] Analyzing Verilog file "H:/FPGA_basicproject/mig_color/project/project_migcolorbar/project_migcolorbar.srcs/sources_1/ip/mig_7series_0_1/mig_7series_0/user_design/rtl/phy/mig_7series_v4_2_ddr_if_post_fifo.v" into library xil_defaultlib
INFO: [VRFC 10-311] analyzing module mig_7series_v4_2_ddr_if_post_fifo
INFO: [VRFC 10-2263] Analyzing Verilog file "H:/FPGA_basicproject/mig_color/project/project_migcolorbar/project_migcolorbar.srcs/sources_1/ip/mig_7series_0_1/mig_7series_0/user_design/rtl/phy/mig_7series_v4_2_ddr_mc_phy.v" into library xil_defaultlib
INFO: [VRFC 10-311] analyzing module mig_7series_v4_2_ddr_mc_phy
INFO: [VRFC 10-2263] Analyzing Verilog file "H:/FPGA_basicproject/mig_color/project/project_migcolorbar/project_migcolorbar.srcs/sources_1/ip/mig_7series_0_1/mig_7series_0/user_design/rtl/phy/mig_7series_v4_2_ddr_mc_phy_wrapper.v" into library xil_defaultlib
INFO: [VRFC 10-311] analyzing module mig_7series_v4_2_ddr_mc_phy_wrapper
INFO: [VRFC 10-2263] Analyzing Verilog file "H:/FPGA_basicproject/mig_color/project/project_migcolorbar/project_migcolorbar.srcs/sources_1/ip/mig_7series_0_1/mig_7series_0/user_design/rtl/phy/mig_7series_v4_2_ddr_of_pre_fifo.v" into library xil_defaultlib
INFO: [VRFC 10-311] analyzing module mig_7series_v4_2_ddr_of_pre_fifo
INFO: [VRFC 10-2263] Analyzing Verilog file "H:/FPGA_basicproject/mig_color/project/project_migcolorbar/project_migcolorbar.srcs/sources_1/ip/mig_7series_0_1/mig_7series_0/user_design/rtl/phy/mig_7series_v4_2_ddr_phy_4lanes.v" into library xil_defaultlib
INFO: [VRFC 10-311] analyzing module mig_7series_v4_2_ddr_phy_4lanes
INFO: [VRFC 10-2263] Analyzing Verilog file "H:/FPGA_basicproject/mig_color/project/project_migcolorbar/project_migcolorbar.srcs/sources_1/ip/mig_7series_0_1/mig_7series_0/user_design/rtl/phy/mig_7series_v4_2_ddr_phy_ck_addr_cmd_delay.v" into library xil_defaultlib
INFO: [VRFC 10-311] analyzing module mig_7series_v4_2_ddr_phy_ck_addr_cmd_delay
INFO: [VRFC 10-2263] Analyzing Verilog file "H:/FPGA_basicproject/mig_color/project/project_migcolorbar/project_migcolorbar.srcs/sources_1/ip/mig_7series_0_1/mig_7series_0/user_design/rtl/phy/mig_7series_v4_2_ddr_phy_dqs_found_cal.v" into library xil_defaultlib
INFO: [VRFC 10-311] analyzing module mig_7series_v4_2_ddr_phy_dqs_found_cal
INFO: [VRFC 10-2263] Analyzing Verilog file "H:/FPGA_basicproject/mig_color/project/project_migcolorbar/project_migcolorbar.srcs/sources_1/ip/mig_7series_0_1/mig_7series_0/user_design/rtl/phy/mig_7series_v4_2_ddr_phy_dqs_found_cal_hr.v" into library xil_defaultlib
INFO: [VRFC 10-311] analyzing module mig_7series_v4_2_ddr_phy_dqs_found_cal_hr
INFO: [VRFC 10-2263] Analyzing Verilog file "H:/FPGA_basicproject/mig_color/project/project_migcolorbar/project_migcolorbar.srcs/sources_1/ip/mig_7series_0_1/mig_7series_0/user_design/rtl/phy/mig_7series_v4_2_ddr_phy_init.v" into library xil_defaultlib
INFO: [VRFC 10-311] analyzing module mig_7series_v4_2_ddr_phy_init
INFO: [VRFC 10-2263] Analyzing Verilog file "H:/FPGA_basicproject/mig_color/project/project_migcolorbar/project_migcolorbar.srcs/sources_1/ip/mig_7series_0_1/mig_7series_0/user_design/rtl/phy/mig_7series_v4_2_ddr_phy_ocd_cntlr.v" into library xil_defaultlib
INFO: [VRFC 10-311] analyzing module mig_7series_v4_2_ddr_phy_ocd_cntlr
INFO: [VRFC 10-2263] Analyzing Verilog file "H:/FPGA_basicproject/mig_color/project/project_migcolorbar/project_migcolorbar.srcs/sources_1/ip/mig_7series_0_1/mig_7series_0/user_design/rtl/phy/mig_7series_v4_2_ddr_phy_ocd_data.v" into library xil_defaultlib
INFO: [VRFC 10-311] analyzing module mig_7series_v4_2_ddr_phy_ocd_data
INFO: [VRFC 10-2263] Analyzing Verilog file "H:/FPGA_basicproject/mig_color/project/project_migcolorbar/project_migcolorbar.srcs/sources_1/ip/mig_7series_0_1/mig_7series_0/user_design/rtl/phy/mig_7series_v4_2_ddr_phy_ocd_edge.v" into library xil_defaultlib
INFO: [VRFC 10-311] analyzing module mig_7series_v4_2_ddr_phy_ocd_edge
INFO: [VRFC 10-2263] Analyzing Verilog file "H:/FPGA_basicproject/mig_color/project/project_migcolorbar/project_migcolorbar.srcs/sources_1/ip/mig_7series_0_1/mig_7series_0/user_design/rtl/phy/mig_7series_v4_2_ddr_phy_ocd_lim.v" into library xil_defaultlib
INFO: [VRFC 10-311] analyzing module mig_7series_v4_2_ddr_phy_ocd_lim
INFO: [VRFC 10-2263] Analyzing Verilog file "H:/FPGA_basicproject/mig_color/project/project_migcolorbar/project_migcolorbar.srcs/sources_1/ip/mig_7series_0_1/mig_7series_0/user_design/rtl/phy/mig_7series_v4_2_ddr_phy_ocd_mux.v" into library xil_defaultlib
INFO: [VRFC 10-311] analyzing module mig_7series_v4_2_ddr_phy_ocd_mux
INFO: [VRFC 10-2263] Analyzing Verilog file "H:/FPGA_basicproject/mig_color/project/project_migcolorbar/project_migcolorbar.srcs/sources_1/ip/mig_7series_0_1/mig_7series_0/user_design/rtl/phy/mig_7series_v4_2_ddr_phy_ocd_po_cntlr.v" into library xil_defaultlib
INFO: [VRFC 10-311] analyzing module mig_7series_v4_2_ddr_phy_ocd_po_cntlr
INFO: [VRFC 10-2263] Analyzing Verilog file "H:/FPGA_basicproject/mig_color/project/project_migcolorbar/project_migcolorbar.srcs/sources_1/ip/mig_7series_0_1/mig_7series_0/user_design/rtl/phy/mig_7series_v4_2_ddr_phy_ocd_samp.v" into library xil_defaultlib
INFO: [VRFC 10-311] analyzing module mig_7series_v4_2_ddr_phy_ocd_samp
INFO: [VRFC 10-2263] Analyzing Verilog file "H:/FPGA_basicproject/mig_color/project/project_migcolorbar/project_migcolorbar.srcs/sources_1/ip/mig_7series_0_1/mig_7series_0/user_design/rtl/phy/mig_7series_v4_2_ddr_phy_oclkdelay_cal.v" into library xil_defaultlib
INFO: [VRFC 10-311] analyzing module mig_7series_v4_2_ddr_phy_oclkdelay_cal
INFO: [VRFC 10-2263] Analyzing Verilog file "H:/FPGA_basicproject/mig_color/project/project_migcolorbar/project_migcolorbar.srcs/sources_1/ip/mig_7series_0_1/mig_7series_0/user_design/rtl/phy/mig_7series_v4_2_ddr_phy_prbs_rdlvl.v" into library xil_defaultlib
INFO: [VRFC 10-311] analyzing module mig_7series_v4_2_ddr_phy_prbs_rdlvl
INFO: [VRFC 10-2263] Analyzing Verilog file "H:/FPGA_basicproject/mig_color/project/project_migcolorbar/project_migcolorbar.srcs/sources_1/ip/mig_7series_0_1/mig_7series_0/user_design/rtl/phy/mig_7series_v4_2_ddr_phy_rdlvl.v" into library xil_defaultlib
INFO: [VRFC 10-311] analyzing module mig_7series_v4_2_ddr_phy_rdlvl
INFO: [VRFC 10-2263] Analyzing Verilog file "H:/FPGA_basicproject/mig_color/project/project_migcolorbar/project_migcolorbar.srcs/sources_1/ip/mig_7series_0_1/mig_7series_0/user_design/rtl/phy/mig_7series_v4_2_ddr_phy_tempmon.v" into library xil_defaultlib
INFO: [VRFC 10-311] analyzing module mig_7series_v4_2_ddr_phy_tempmon
INFO: [VRFC 10-2263] Analyzing Verilog file "H:/FPGA_basicproject/mig_color/project/project_migcolorbar/project_migcolorbar.srcs/sources_1/ip/mig_7series_0_1/mig_7series_0/user_design/rtl/phy/mig_7series_v4_2_ddr_phy_top.v" into library xil_defaultlib
INFO: [VRFC 10-311] analyzing module mig_7series_v4_2_ddr_phy_top
INFO: [VRFC 10-2263] Analyzing Verilog file "H:/FPGA_basicproject/mig_color/project/project_migcolorbar/project_migcolorbar.srcs/sources_1/ip/mig_7series_0_1/mig_7series_0/user_design/rtl/phy/mig_7series_v4_2_ddr_phy_wrcal.v" into library xil_defaultlib
INFO: [VRFC 10-311] analyzing module mig_7series_v4_2_ddr_phy_wrcal
INFO: [VRFC 10-2263] Analyzing Verilog file "H:/FPGA_basicproject/mig_color/project/project_migcolorbar/project_migcolorbar.srcs/sources_1/ip/mig_7series_0_1/mig_7series_0/user_design/rtl/phy/mig_7series_v4_2_ddr_phy_wrlvl.v" into library xil_defaultlib
INFO: [VRFC 10-311] analyzing module mig_7series_v4_2_ddr_phy_wrlvl
INFO: [VRFC 10-2263] Analyzing Verilog file "H:/FPGA_basicproject/mig_color/project/project_migcolorbar/project_migcolorbar.srcs/sources_1/ip/mig_7series_0_1/mig_7series_0/user_design/rtl/phy/mig_7series_v4_2_ddr_phy_wrlvl_off_delay.v" into library xil_defaultlib
INFO: [VRFC 10-311] analyzing module mig_7series_v4_2_ddr_phy_wrlvl_off_delay
INFO: [VRFC 10-2263] Analyzing Verilog file "H:/FPGA_basicproject/mig_color/project/project_migcolorbar/project_migcolorbar.srcs/sources_1/ip/mig_7series_0_1/mig_7series_0/user_design/rtl/phy/mig_7series_v4_2_ddr_prbs_gen.v" into library xil_defaultlib
INFO: [VRFC 10-311] analyzing module mig_7series_v4_2_ddr_prbs_gen
INFO: [VRFC 10-2263] Analyzing Verilog file "H:/FPGA_basicproject/mig_color/project/project_migcolorbar/project_migcolorbar.srcs/sources_1/ip/mig_7series_0_1/mig_7series_0/user_design/rtl/phy/mig_7series_v4_2_ddr_skip_calib_tap.v" into library xil_defaultlib
INFO: [VRFC 10-311] analyzing module mig_7series_v4_2_ddr_skip_calib_tap
INFO: [VRFC 10-2263] Analyzing Verilog file "H:/FPGA_basicproject/mig_color/project/project_migcolorbar/project_migcolorbar.srcs/sources_1/ip/mig_7series_0_1/mig_7series_0/user_design/rtl/phy/mig_7series_v4_2_poc_cc.v" into library xil_defaultlib
INFO: [VRFC 10-311] analyzing module mig_7series_v4_2_poc_cc
INFO: [VRFC 10-2263] Analyzing Verilog file "H:/FPGA_basicproject/mig_color/project/project_migcolorbar/project_migcolorbar.srcs/sources_1/ip/mig_7series_0_1/mig_7series_0/user_design/rtl/phy/mig_7series_v4_2_poc_edge_store.v" into library xil_defaultlib
INFO: [VRFC 10-311] analyzing module mig_7series_v4_2_poc_edge_store
INFO: [VRFC 10-2263] Analyzing Verilog file "H:/FPGA_basicproject/mig_color/project/project_migcolorbar/project_migcolorbar.srcs/sources_1/ip/mig_7series_0_1/mig_7series_0/user_design/rtl/phy/mig_7series_v4_2_poc_meta.v" into library xil_defaultlib
INFO: [VRFC 10-311] analyzing module mig_7series_v4_2_poc_meta
INFO: [VRFC 10-2263] Analyzing Verilog file "H:/FPGA_basicproject/mig_color/project/project_migcolorbar/project_migcolorbar.srcs/sources_1/ip/mig_7series_0_1/mig_7series_0/user_design/rtl/phy/mig_7series_v4_2_poc_pd.v" into library xil_defaultlib
INFO: [VRFC 10-311] analyzing module mig_7series_v4_2_poc_pd
INFO: [VRFC 10-2263] Analyzing Verilog file "H:/FPGA_basicproject/mig_color/project/project_migcolorbar/project_migcolorbar.srcs/sources_1/ip/mig_7series_0_1/mig_7series_0/user_design/rtl/phy/mig_7series_v4_2_poc_tap_base.v" into library xil_defaultlib
INFO: [VRFC 10-311] analyzing module mig_7series_v4_2_poc_tap_base
INFO: [VRFC 10-2263] Analyzing Verilog file "H:/FPGA_basicproject/mig_color/project/project_migcolorbar/project_migcolorbar.srcs/sources_1/ip/mig_7series_0_1/mig_7series_0/user_design/rtl/phy/mig_7series_v4_2_poc_top.v" into library xil_defaultlib
INFO: [VRFC 10-311] analyzing module mig_7series_v4_2_poc_top
INFO: [VRFC 10-2263] Analyzing Verilog file "H:/FPGA_basicproject/mig_color/project/project_migcolorbar/project_migcolorbar.srcs/sources_1/ip/mig_7series_0_1/mig_7series_0/user_design/rtl/ui/mig_7series_v4_2_ui_cmd.v" into library xil_defaultlib
INFO: [VRFC 10-311] analyzing module mig_7series_v4_2_ui_cmd
INFO: [VRFC 10-2263] Analyzing Verilog file "H:/FPGA_basicproject/mig_color/project/project_migcolorbar/project_migcolorbar.srcs/sources_1/ip/mig_7series_0_1/mig_7series_0/user_design/rtl/ui/mig_7series_v4_2_ui_rd_data.v" into library xil_defaultlib
INFO: [VRFC 10-311] analyzing module mig_7series_v4_2_ui_rd_data
INFO: [VRFC 10-2263] Analyzing Verilog file "H:/FPGA_basicproject/mig_color/project/project_migcolorbar/project_migcolorbar.srcs/sources_1/ip/mig_7series_0_1/mig_7series_0/user_design/rtl/ui/mig_7series_v4_2_ui_top.v" into library xil_defaultlib
INFO: [VRFC 10-311] analyzing module mig_7series_v4_2_ui_top
INFO: [VRFC 10-2263] Analyzing Verilog file "H:/FPGA_basicproject/mig_color/project/project_migcolorbar/project_migcolorbar.srcs/sources_1/ip/mig_7series_0_1/mig_7series_0/user_design/rtl/ui/mig_7series_v4_2_ui_wr_data.v" into library xil_defaultlib
INFO: [VRFC 10-311] analyzing module mig_7series_v4_2_ui_wr_data
INFO: [VRFC 10-2263] Analyzing Verilog file "H:/FPGA_basicproject/mig_color/project/project_migcolorbar/project_migcolorbar.srcs/sources_1/ip/mig_7series_0_1/mig_7series_0/user_design/rtl/mig_7series_0_mig_sim.v" into library xil_defaultlib
INFO: [VRFC 10-311] analyzing module mig_7series_0_mig
INFO: [VRFC 10-2458] undeclared symbol dbg_sel_po_incdec, assumed default net type wire [H:/FPGA_basicproject/mig_color/project/project_migcolorbar/project_migcolorbar.srcs/sources_1/ip/mig_7series_0_1/mig_7series_0/user_design/rtl/mig_7series_0_mig_sim.v:1094]
INFO: [VRFC 10-2458] undeclared symbol dbg_po_f_inc, assumed default net type wire [H:/FPGA_basicproject/mig_color/project/project_migcolorbar/project_migcolorbar.srcs/sources_1/ip/mig_7series_0_1/mig_7series_0/user_design/rtl/mig_7series_0_mig_sim.v:1098]
INFO: [VRFC 10-2458] undeclared symbol dbg_po_f_stg23_sel, assumed default net type wire [H:/FPGA_basicproject/mig_color/project/project_migcolorbar/project_migcolorbar.srcs/sources_1/ip/mig_7series_0_1/mig_7series_0/user_design/rtl/mig_7series_0_mig_sim.v:1099]
INFO: [VRFC 10-2458] undeclared symbol dbg_po_f_dec, assumed default net type wire [H:/FPGA_basicproject/mig_color/project/project_migcolorbar/project_migcolorbar.srcs/sources_1/ip/mig_7series_0_1/mig_7series_0/user_design/rtl/mig_7series_0_mig_sim.v:1100]
INFO: [VRFC 10-2263] Analyzing Verilog file "H:/FPGA_basicproject/mig_color/project/project_migcolorbar/project_migcolorbar.srcs/sources_1/ip/mig_7series_0_1/mig_7series_0/user_design/rtl/mig_7series_0.v" into library xil_defaultlib
INFO: [VRFC 10-311] analyzing module mig_7series_0
INFO: [VRFC 10-2263] Analyzing Verilog file "H:/FPGA_basicproject/mig_color/project/project_migcolorbar/project_migcolorbar.srcs/sources_1/ip/clk_wiz_0/clk_wiz_0_clk_wiz.v" into library xil_defaultlib
INFO: [VRFC 10-311] analyzing module clk_wiz_0_clk_wiz
INFO: [VRFC 10-2263] Analyzing Verilog file "H:/FPGA_basicproject/mig_color/project/project_migcolorbar/project_migcolorbar.srcs/sources_1/ip/clk_wiz_0/clk_wiz_0.v" into library xil_defaultlib
INFO: [VRFC 10-311] analyzing module clk_wiz_0
INFO: [VRFC 10-2263] Analyzing Verilog file "H:/FPGA_basicproject/mig_color/HDMI_piso.v" into library xil_defaultlib
INFO: [VRFC 10-311] analyzing module PISO
INFO: [VRFC 10-2263] Analyzing Verilog file "H:/FPGA_basicproject/mig_color/VGA.v" into library xil_defaultlib
INFO: [VRFC 10-311] analyzing module VTC
INFO: [VRFC 10-2263] Analyzing Verilog file "H:/FPGA_basicproject/mig_color/encode.v" into library xil_defaultlib
INFO: [VRFC 10-311] analyzing module Encoder
INFO: [VRFC 10-2263] Analyzing Verilog file "H:/FPGA_basicproject/mig_color/mig_ctrl.v" into library xil_defaultlib
INFO: [VRFC 10-311] analyzing module mig_ctrl
INFO: [VRFC 10-2263] Analyzing Verilog file "H:/FPGA_basicproject/mig_color/mig_ctrl_rd.v" into library xil_defaultlib
INFO: [VRFC 10-311] analyzing module mig_ctrl_rd
WARNING: [VRFC 10-3380] identifier 'cnt_rd' is used before its declaration [H:/FPGA_basicproject/mig_color/mig_ctrl_rd.v:48]
INFO: [VRFC 10-2263] Analyzing Verilog file "H:/FPGA_basicproject/mig_color/mig_ctrl_wr.v" into library xil_defaultlib
INFO: [VRFC 10-311] analyzing module mig_ctrl_wr
WARNING: [VRFC 10-3380] identifier 'wr_valid' is used before its declaration [H:/FPGA_basicproject/mig_color/mig_ctrl_wr.v:47]
INFO: [VRFC 10-2263] Analyzing Verilog file "H:/FPGA_basicproject/mig_color/rd_color.v" into library xil_defaultlib
INFO: [VRFC 10-311] analyzing module rd_color
INFO: [VRFC 10-2263] Analyzing Verilog file "H:/FPGA_basicproject/mig_color/top_TMDS.v" into library xil_defaultlib
INFO: [VRFC 10-311] analyzing module top_TMDS
INFO: [VRFC 10-2263] Analyzing Verilog file "H:/FPGA_basicproject/mig_color/top_mig.v" into library xil_defaultlib
INFO: [VRFC 10-311] analyzing module top_mig
INFO: [VRFC 10-2458] undeclared symbol de, assumed default net type wire [H:/FPGA_basicproject/mig_color/top_mig.v:205]
INFO: [VRFC 10-2458] undeclared symbol rgb_data, assumed default net type wire [H:/FPGA_basicproject/mig_color/top_mig.v:206]
WARNING: [VRFC 10-2938] 'rgb_data' is already implicitly declared on line 206 [H:/FPGA_basicproject/mig_color/top_mig.v:209]
WARNING: [VRFC 10-2938] 'de' is already implicitly declared on line 205 [H:/FPGA_basicproject/mig_color/top_mig.v:211]
INFO: [VRFC 10-2263] Analyzing Verilog file "H:/FPGA_basicproject/mig_color/wr_color.v" into library xil_defaultlib
INFO: [VRFC 10-311] analyzing module wr_color
INFO: [VRFC 10-2263] Analyzing Verilog file "H:/FPGA_basicproject/mig_color/tb_colorbar.v" into library xil_defaultlib
INFO: [VRFC 10-311] analyzing module tb_colorbar
INFO: [VRFC 10-2263] Analyzing Verilog file "H:/FPGA_basicproject/mig_color/project/project_migcolorbar/project_migcolorbar.sim/sim_1/behav/xsim/glbl.v" into library xil_defaultlib
INFO: [VRFC 10-311] analyzing module glbl
"xvhdl --incr --relax -prj tb_colorbar_vhdl.prj"
run_program: Time (s): cpu = 00:00:00 ; elapsed = 00:00:14 . Memory (MB): peak = 3624.777 ; gain = 7.402
INFO: [USF-XSim-69] 'compile' step finished in '14' seconds
INFO: [USF-XSim-3] XSim::Elaborate design
INFO: [USF-XSim-61] Executing 'ELABORATE' step in 'H:/FPGA_basicproject/mig_color/project/project_migcolorbar/project_migcolorbar.sim/sim_1/behav/xsim'
"xelab -wto 2e986453ffd64a099dc590d6b32166a1 --incr --debug typical --relax --mt 2 -L fifo_generator_v13_2_5 -L xil_defaultlib -L unisims_ver -L unimacro_ver -L secureip -L xpm --snapshot tb_colorbar_behav xil_defaultlib.tb_colorbar xil_defaultlib.glbl -log elaborate.log"
Vivado Simulator 2019.2
Copyright 1986-1999, 2001-2019 Xilinx, Inc. All Rights Reserved.
Running: H:/vivado/Vivado/2019.2/bin/unwrapped/win64.o/xelab.exe -wto 2e986453ffd64a099dc590d6b32166a1 --incr --debug typical --relax --mt 2 -L fifo_generator_v13_2_5 -L xil_defaultlib -L unisims_ver -L unimacro_ver -L secureip -L xpm --snapshot tb_colorbar_behav xil_defaultlib.tb_colorbar xil_defaultlib.glbl -log elaborate.log 
Using 2 slave threads.
Starting static elaboration
Pass Through NonSizing Optimizer
WARNING: [VRFC 10-3091] actual bit length 12 differs from formal bit length 8 for port 'pi_dqs_found_lanes' [H:/FPGA_basicproject/mig_color/project/project_migcolorbar/project_migcolorbar.srcs/sources_1/ip/mig_7series_0_1/mig_7series_0/user_design/rtl/phy/mig_7series_v4_2_ddr_mc_phy_wrapper.v:1671]
WARNING: [VRFC 10-3091] actual bit length 12 differs from formal bit length 8 for port 'pi_phase_locked_lanes' [H:/FPGA_basicproject/mig_color/project/project_migcolorbar/project_migcolorbar.srcs/sources_1/ip/mig_7series_0_1/mig_7series_0/user_design/rtl/phy/mig_7series_v4_2_ddr_mc_phy_wrapper.v:1679]
WARNING: [VRFC 10-3091] actual bit length 12 differs from formal bit length 8 for port 'pi_dqs_found_lanes' [H:/FPGA_basicproject/mig_color/project/project_migcolorbar/project_migcolorbar.srcs/sources_1/ip/mig_7series_0_1/mig_7series_0/user_design/rtl/phy/mig_7series_v4_2_ddr_phy_top.v:1340]
WARNING: [VRFC 10-5021] port 'complex_oclk_prech_req' is not connected on this instance [H:/FPGA_basicproject/mig_color/project/project_migcolorbar/project_migcolorbar.srcs/sources_1/ip/mig_7series_0_1/mig_7series_0/user_design/rtl/phy/mig_7series_v4_2_ddr_calib_top.v:1318]
Completed static elaboration
Starting simulation data flow analysis
Completed simulation data flow analysis
Time Resolution for simulation is 1fs
Compiling module unisims_ver.IBUF
Compiling module unisims_ver.MMCME2_ADV(CLKFBOUT_MULT_F=22.5,...
Compiling module unisims_ver.BUFG
Compiling module xil_defaultlib.clk_wiz_0_clk_wiz
Compiling module xil_defaultlib.clk_wiz_0
Compiling module xil_defaultlib.mig_ctrl_wr
Compiling module xil_defaultlib.mig_ctrl_rd
Compiling module xil_defaultlib.mig_ctrl
Compiling module unisims_ver.IDELAYCTRL_default
Compiling module xil_defaultlib.mig_7series_v4_2_iodelay_ctrl(IO...
Compiling module xil_defaultlib.mig_7series_v4_2_clk_ibuf(SYSCLK...
Compiling module unisims_ver.XADC(INIT_40=16'b01000000000000,...
Compiling module xil_defaultlib.mig_7series_v4_2_tempmon_default
Compiling module unisims_ver.PLLE2_ADV(CLKFBOUT_MULT=4,CLKIN1...
Compiling module unisims_ver.BUFH
Compiling module unisims_ver.MMCME2_ADV(BANDWIDTH="HIGH",CLKF...
Compiling module xil_defaultlib.mig_7series_v4_2_infrastructure(...
Compiling module unisims_ver.SRLC32E_default
Compiling module xil_defaultlib.mig_7series_v4_2_rank_cntrl(DQRD...
Compiling module xil_defaultlib.mig_7series_v4_2_round_robin_arb...
Compiling module xil_defaultlib.mig_7series_v4_2_round_robin_arb...
Compiling module xil_defaultlib.mig_7series_v4_2_rank_common(MAI...
Compiling module xil_defaultlib.mig_7series_v4_2_rank_mach(CS_WI...
Compiling module xil_defaultlib.mig_7series_v4_2_bank_compare(CO...
Compiling module xil_defaultlib.mig_7series_v4_2_bank_state(DATA...
Compiling module xil_defaultlib.mig_7series_v4_2_bank_queue(ORDE...
Compiling module xil_defaultlib.mig_7series_v4_2_bank_cntrl(COL_...
Compiling module xil_defaultlib.mig_7series_v4_2_bank_state(DATA...
Compiling module xil_defaultlib.mig_7series_v4_2_bank_queue(ORDE...
Compiling module xil_defaultlib.mig_7series_v4_2_bank_cntrl(COL_...
Compiling module xil_defaultlib.mig_7series_v4_2_bank_state(DATA...
Compiling module xil_defaultlib.mig_7series_v4_2_bank_queue(ORDE...
Compiling module xil_defaultlib.mig_7series_v4_2_bank_cntrl(COL_...
Compiling module xil_defaultlib.mig_7series_v4_2_bank_state(DATA...
Compiling module xil_defaultlib.mig_7series_v4_2_bank_queue(ORDE...
Compiling module xil_defaultlib.mig_7series_v4_2_bank_cntrl(COL_...
Compiling module xil_defaultlib.mig_7series_v4_2_bank_common(LOW...
Compiling module xil_defaultlib.mig_7series_v4_2_round_robin_arb...
Compiling module xil_defaultlib.mig_7series_v4_2_arb_row_col(nCK...
Compiling module xil_defaultlib.mig_7series_v4_2_arb_select(CS_W...
Compiling module xil_defaultlib.mig_7series_v4_2_arb_mux(CS_WIDT...
Compiling module xil_defaultlib.mig_7series_v4_2_bank_mach(COL_W...
Compiling module unisims_ver.RAM32M
Compiling module xil_defaultlib.mig_7series_v4_2_col_mach(COL_WI...
Compiling module xil_defaultlib.mig_7series_v4_2_mc(CL=6,COL_WID...
Compiling module unisims_ver.OBUF
Compiling module unisims_ver.OBUFT
Compiling module unisims_ver.IOBUF_INTERMDISABLE(IBUF_LOW_PWR...
Compiling module unisims_ver.IOBUFDS_DIFF_OUT_INTERMDISABLE(D...
Compiling module unisims_ver.IDDR
Compiling module xil_defaultlib.mig_7series_v4_2_poc_pd_default
Compiling module xil_defaultlib.mig_7series_v4_2_ddr_of_pre_fifo...
Compiling module xil_defaultlib.mig_7series_v4_2_ddr_of_pre_fifo...
Compiling module unisims_ver.BUFIO
Compiling module xil_defaultlib.mig_7series_v4_2_ddr_if_post_fif...
Compiling module xil_defaultlib.mig_7series_v4_2_ddr_of_pre_fifo...
Compiling module unisims_ver.PHASER_IN_PHY(BURST_MODE="TRUE",...
Compiling module unisims_ver.PHASER_OUT_PHY(CLKOUT_DIV=2,DATA...
Compiling module unisims_ver.IN_FIFO
Compiling module unisims_ver.OUT_FIFO
Compiling module unisims_ver.ISERDESE2(INTERFACE_TYPE="MEMORY...
Compiling module unisims_ver.IDELAYE2(HIGH_PERFORMANCE_MODE="...
Compiling module unisims_ver.OSERDESE2(INIT_OQ=1'b1,INIT_TQ=1...
Compiling module unisims_ver.OSERDESE2(INIT_OQ=1'b1,INIT_TQ=1...
Compiling module unisims_ver.ODDR(DDR_CLK_EDGE="SAME_EDGE")
Compiling module xil_defaultlib.mig_7series_v4_2_ddr_byte_group_...
Compiling module xil_defaultlib.mig_7series_v4_2_ddr_byte_lane(P...
Compiling module xil_defaultlib.mig_7series_v4_2_ddr_byte_group_...
Compiling module xil_defaultlib.mig_7series_v4_2_ddr_byte_lane(A...
Compiling module unisims_ver.PHY_CONTROL(AO_TOGGLE=1,BURST_MO...
Compiling module unisims_ver.PHASER_REF
Compiling module xil_defaultlib.mig_7series_v4_2_ddr_phy_4lanes(...
Compiling module unisims_ver.PHASER_OUT_PHY(FINE_DELAY=60,MEM...
Compiling module unisims_ver.OUT_FIFO(ARRAY_MODE="ARRAY_MODE_...
Compiling module unisims_ver.OSERDESE2(DATA_RATE_OQ="SDR",DAT...
Compiling module xil_defaultlib.mig_7series_v4_2_ddr_byte_group_...
Compiling module xil_defaultlib.mig_7series_v4_2_ddr_byte_lane(B...
Compiling module xil_defaultlib.mig_7series_v4_2_ddr_byte_group_...
Compiling module unisims_ver.OBUFDS
Compiling module xil_defaultlib.mig_7series_v4_2_ddr_byte_lane(A...
Compiling module xil_defaultlib.mig_7series_v4_2_ddr_byte_group_...
Compiling module xil_defaultlib.mig_7series_v4_2_ddr_byte_lane(A...
Compiling module xil_defaultlib.mig_7series_v4_2_ddr_byte_group_...
Compiling module xil_defaultlib.mig_7series_v4_2_ddr_byte_lane(A...
Compiling module unisims_ver.PHY_CONTROL(AO_TOGGLE=1,BURST_MO...
Compiling module xil_defaultlib.mig_7series_v4_2_ddr_phy_4lanes(...
Compiling module xil_defaultlib.mig_7series_v4_2_ddr_mc_phy(BYTE...
Compiling module xil_defaultlib.mig_7series_v4_2_ddr_mc_phy_wrap...
Compiling module xil_defaultlib.mig_7series_v4_2_ddr_prbs_gen(DQ...
Compiling module xil_defaultlib.mig_7series_v4_2_ddr_phy_init(tC...
Compiling module xil_defaultlib.mig_7series_v4_2_ddr_phy_wrcal(n...
Compiling module xil_defaultlib.mig_7series_v4_2_ddr_phy_wrlvl(D...
Compiling module xil_defaultlib.mig_7series_v4_2_ddr_phy_ck_addr...
Compiling module xil_defaultlib.mig_7series_v4_2_ddr_phy_dqs_fou...
Compiling module xil_defaultlib.mig_7series_v4_2_ddr_phy_rdlvl(n...
Compiling module xil_defaultlib.mig_7series_v4_2_ddr_phy_prbs_rd...
Compiling module xil_defaultlib.mig_7series_v4_2_ddr_phy_tempmon...
Compiling module xil_defaultlib.mig_7series_v4_2_ddr_calib_top(n...
Compiling module xil_defaultlib.mig_7series_v4_2_ddr_phy_top(DDR...
Compiling module xil_defaultlib.mig_7series_v4_2_mem_intfc(DDR3_...
Compiling module xil_defaultlib.mig_7series_v4_2_ui_cmd(ADDR_WID...
Compiling module xil_defaultlib.mig_7series_v4_2_ui_wr_data(APP_...
Compiling module xil_defaultlib.mig_7series_v4_2_ui_rd_data(APP_...
Compiling module xil_defaultlib.mig_7series_v4_2_ui_top(APP_DATA...
Compiling module xil_defaultlib.mig_7series_v4_2_memc_ui_top_std...
Compiling module xil_defaultlib.mig_7series_0_mig_default
Compiling module xil_defaultlib.mig_7series_0
Compiling module xil_defaultlib.wr_color
Compiling module fifo_generator_v13_2_5.fifo_generator_v13_2_5_sync_stag...
Compiling module fifo_generator_v13_2_5.fifo_generator_v13_2_5_sync_stag...
Compiling module fifo_generator_v13_2_5.fifo_generator_v13_2_5_bhv_ver_a...
Compiling module fifo_generator_v13_2_5.fifo_generator_v13_2_5_bhv_ver_p...
Compiling module fifo_generator_v13_2_5.fifo_generator_v13_2_5_CONV_VER(...
Compiling module fifo_generator_v13_2_5.fifo_generator_vlog_beh(C_DATA_C...
Compiling module xil_defaultlib.fifo_generator_0
Compiling module xil_defaultlib.rd_color
Compiling module xil_defaultlib.VTC_default
Compiling module xil_defaultlib.Encoder
Compiling module unisims_ver.OSERDESE2(DATA_RATE_TQ="SDR",DAT...
Compiling module unisims_ver.OSERDESE2(DATA_WIDTH=10,SERDES_M...
Compiling module xil_defaultlib.PISO
Compiling module unisims_ver.OBUFDS(IOSTANDARD="TMDS_33")
Compiling module xil_defaultlib.top_TMDS
Compiling module xil_defaultlib.top_mig
Compiling module xil_defaultlib.tb_colorbar
Compiling module xil_defaultlib.glbl
Built simulation snapshot tb_colorbar_behav

****** Webtalk v2019.2 (64-bit)
  **** SW Build 2708876 on Wed Nov  6 21:40:23 MST 2019
  **** IP Build 2700528 on Thu Nov  7 00:09:20 MST 2019
    ** Copyright 1986-2019 Xilinx, Inc. All Rights Reserved.

source H:/FPGA_basicproject/mig_color/project/project_migcolorbar/project_migcolorbar.sim/sim_1/behav/xsim/xsim.dir/tb_colorbar_behav/webtalk/xsim_webtalk.tcl -notrace
INFO: [Common 17-206] Exiting Webtalk at Wed Nov 13 18:53:09 2024...
run_program: Time (s): cpu = 00:00:01 ; elapsed = 00:00:32 . Memory (MB): peak = 3624.777 ; gain = 0.000
INFO: [USF-XSim-69] 'elaborate' step finished in '32' seconds
INFO: [USF-XSim-4] XSim::Simulate design
INFO: [USF-XSim-61] Executing 'SIMULATE' step in 'H:/FPGA_basicproject/mig_color/project/project_migcolorbar/project_migcolorbar.sim/sim_1/behav/xsim'
INFO: [USF-XSim-98] *** Running xsim
   with args "tb_colorbar_behav -key {Behavioral:sim_1:Functional:tb_colorbar} -tclbatch {tb_colorbar.tcl} -log {simulate.log}"
INFO: [USF-XSim-8] Loading simulator feature
Vivado Simulator 2019.2
Time resolution is 1 fs
source tb_colorbar.tcl
# set curr_wave [current_wave_config]
# if { [string length $curr_wave] == 0 } {
#   if { [llength [get_objects]] > 0} {
#     add_wave /
#     set_property needs_save false [current_wave_config]
#   } else {
#      send_msg_id Add_Wave-1 WARNING "No top level signals found. Simulator will start without a wave window. If you want to open a wave window go to 'File->New Waveform Configuration' or type 'create_wave_config' in the TCL console."
#   }
# }
# run 1000ns
WARNING: file design.txt could not be opened
 *** Warning: The analog data file design.txt for XADC instance tb_colorbar.top_mig_inst.u_mig_7series_0.u_mig_7series_0_mig.temp_mon_enabled.u_tempmon.xadc_supplied_temperature.XADC_inst was not found. Use the SIM_MONITOR_FILE parameter to specify the analog data file name or use the default name: design.txt.

############# Write Clocks PLLE2_ADV Parameters #############

nCK_PER_CLK      =       4
CLK_PERIOD       =    5000
CLKIN1_PERIOD    =   5.000
DIVCLK_DIVIDE    =       1
CLKFBOUT_MULT    =       4
VCO_PERIOD       =  1250.0
CLKOUT0_DIVIDE_F =       1
CLKOUT1_DIVIDE   =       2
CLKOUT2_DIVIDE   =      32
CLKOUT3_DIVIDE   =       8
CLKOUT0_PERIOD   =    1250
CLKOUT1_PERIOD   =    2500
CLKOUT2_PERIOD   =   40000
CLKOUT3_PERIOD   =   10000
CLKOUT4_PERIOD   =    5000
############################################################

############# MMCME2_ADV Parameters #############

MMCM_MULT_F           =           8
MMCM_VCO_FREQ (MHz)   = 800.000
MMCM_VCO_PERIOD       = 1250.000
#################################################

tb_colorbar.top_mig_inst.u_mig_7series_0.u_mig_7series_0_mig.u_memc_ui_top_std.mem_intfc0.ddr_phy_top0.u_ddr_mc_phy_wrapper.u_ddr_mc_phy : BYTE_LANES_B0 = 3 BYTE_LANES_B1 = f DATA_CTL_B0 = 3 DATA_CTL_B1 = 0
tb_colorbar.top_mig_inst.u_mig_7series_0.u_mig_7series_0_mig.u_memc_ui_top_std.mem_intfc0.ddr_phy_top0.u_ddr_mc_phy_wrapper.u_ddr_mc_phy : HIGHEST_LANE =           8 HIGHEST_LANE_B0 =           4 HIGHEST_LANE_B1 =           4
tb_colorbar.top_mig_inst.u_mig_7series_0.u_mig_7series_0_mig.u_memc_ui_top_std.mem_intfc0.ddr_phy_top0.u_ddr_mc_phy_wrapper.u_ddr_mc_phy : HIGHEST_BANK =           2
tb_colorbar.top_mig_inst.u_mig_7series_0.u_mig_7series_0_mig.u_memc_ui_top_std.mem_intfc0.ddr_phy_top0.u_ddr_mc_phy_wrapper.u_ddr_mc_phy : FREQ_REF_PERIOD         = 1250.00 
tb_colorbar.top_mig_inst.u_mig_7series_0.u_mig_7series_0_mig.u_memc_ui_top_std.mem_intfc0.ddr_phy_top0.u_ddr_mc_phy_wrapper.u_ddr_mc_phy : DDR_TCK                 = 2500 
tb_colorbar.top_mig_inst.u_mig_7series_0.u_mig_7series_0_mig.u_memc_ui_top_std.mem_intfc0.ddr_phy_top0.u_ddr_mc_phy_wrapper.u_ddr_mc_phy : PO_S2_TAPS_SIZE         = 9.77 
tb_colorbar.top_mig_inst.u_mig_7series_0.u_mig_7series_0_mig.u_memc_ui_top_std.mem_intfc0.ddr_phy_top0.u_ddr_mc_phy_wrapper.u_ddr_mc_phy : PO_CIRC_BUF_EARLY       = 1 
tb_colorbar.top_mig_inst.u_mig_7series_0.u_mig_7series_0_mig.u_memc_ui_top_std.mem_intfc0.ddr_phy_top0.u_ddr_mc_phy_wrapper.u_ddr_mc_phy : PO_CIRC_BUF_OFFSET      = 1219.75 
tb_colorbar.top_mig_inst.u_mig_7series_0.u_mig_7series_0_mig.u_memc_ui_top_std.mem_intfc0.ddr_phy_top0.u_ddr_mc_phy_wrapper.u_ddr_mc_phy : PO_CIRC_BUF_META_ZONE   = 200.00 
tb_colorbar.top_mig_inst.u_mig_7series_0.u_mig_7series_0_mig.u_memc_ui_top_std.mem_intfc0.ddr_phy_top0.u_ddr_mc_phy_wrapper.u_ddr_mc_phy : PO_STG2_FINE_INTR_DLY   = 769.25 
tb_colorbar.top_mig_inst.u_mig_7series_0.u_mig_7series_0_mig.u_memc_ui_top_std.mem_intfc0.ddr_phy_top0.u_ddr_mc_phy_wrapper.u_ddr_mc_phy : PO_STG2_COARSE_INTR_DLY = 511.00 
tb_colorbar.top_mig_inst.u_mig_7series_0.u_mig_7series_0_mig.u_memc_ui_top_std.mem_intfc0.ddr_phy_top0.u_ddr_mc_phy_wrapper.u_ddr_mc_phy : PO_STG2_INTRINSIC_DELAY = 1280.25 
tb_colorbar.top_mig_inst.u_mig_7series_0.u_mig_7series_0_mig.u_memc_ui_top_std.mem_intfc0.ddr_phy_top0.u_ddr_mc_phy_wrapper.u_ddr_mc_phy : PO_CIRC_BUF_DELAY       = 60 
tb_colorbar.top_mig_inst.u_mig_7series_0.u_mig_7series_0_mig.u_memc_ui_top_std.mem_intfc0.ddr_phy_top0.u_ddr_mc_phy_wrapper.u_ddr_mc_phy : PO_INTRINSIC_DELAY      = 1280.25 
tb_colorbar.top_mig_inst.u_mig_7series_0.u_mig_7series_0_mig.u_memc_ui_top_std.mem_intfc0.ddr_phy_top0.u_ddr_mc_phy_wrapper.u_ddr_mc_phy : PO_DELAY                = 1866.19 
tb_colorbar.top_mig_inst.u_mig_7series_0.u_mig_7series_0_mig.u_memc_ui_top_std.mem_intfc0.ddr_phy_top0.u_ddr_mc_phy_wrapper.u_ddr_mc_phy : PO_OCLK_DELAY           = 0 
tb_colorbar.top_mig_inst.u_mig_7series_0.u_mig_7series_0_mig.u_memc_ui_top_std.mem_intfc0.ddr_phy_top0.u_ddr_mc_phy_wrapper.u_ddr_mc_phy : L_PHY_0_PO_FINE_DELAY   = 60 
tb_colorbar.top_mig_inst.u_mig_7series_0.u_mig_7series_0_mig.u_memc_ui_top_std.mem_intfc0.ddr_phy_top0.u_ddr_mc_phy_wrapper.u_ddr_mc_phy : PI_STG1_INTRINSIC_DELAY = 0.00 
tb_colorbar.top_mig_inst.u_mig_7series_0.u_mig_7series_0_mig.u_memc_ui_top_std.mem_intfc0.ddr_phy_top0.u_ddr_mc_phy_wrapper.u_ddr_mc_phy : PI_STG2_INTRINSIC_DELAY = 744.00 
tb_colorbar.top_mig_inst.u_mig_7series_0.u_mig_7series_0_mig.u_memc_ui_top_std.mem_intfc0.ddr_phy_top0.u_ddr_mc_phy_wrapper.u_ddr_mc_phy : PI_INTRINSIC_DELAY      = 744.00 
tb_colorbar.top_mig_inst.u_mig_7series_0.u_mig_7series_0_mig.u_memc_ui_top_std.mem_intfc0.ddr_phy_top0.u_ddr_mc_phy_wrapper.u_ddr_mc_phy : PI_MAX_STG2_DELAY       = 615.23 
tb_colorbar.top_mig_inst.u_mig_7series_0.u_mig_7series_0_mig.u_memc_ui_top_std.mem_intfc0.ddr_phy_top0.u_ddr_mc_phy_wrapper.u_ddr_mc_phy : PI_OFFSET               = -78.00 
tb_colorbar.top_mig_inst.u_mig_7series_0.u_mig_7series_0_mig.u_memc_ui_top_std.mem_intfc0.ddr_phy_top0.u_ddr_mc_phy_wrapper.u_ddr_mc_phy : a negative PI_OFFSET means that rclk path is longer than oclk path so rclk will be delayed to next oclk edge and the negedge of rclk may be used.
tb_colorbar.top_mig_inst.u_mig_7series_0.u_mig_7series_0_mig.u_memc_ui_top_std.mem_intfc0.ddr_phy_top0.u_ddr_mc_phy_wrapper.u_ddr_mc_phy : PI_STG2_DELAY           = 615.23 
tb_colorbar.top_mig_inst.u_mig_7series_0.u_mig_7series_0_mig.u_memc_ui_top_std.mem_intfc0.ddr_phy_top0.u_ddr_mc_phy_wrapper.u_ddr_mc_phy :PI_STG2_DELAY_CAND       = 1172.00 
tb_colorbar.top_mig_inst.u_mig_7series_0.u_mig_7series_0_mig.u_memc_ui_top_std.mem_intfc0.ddr_phy_top0.u_ddr_mc_phy_wrapper.u_ddr_mc_phy : DEFAULT_RCLK_DELAY      = 63 
tb_colorbar.top_mig_inst.u_mig_7series_0.u_mig_7series_0_mig.u_memc_ui_top_std.mem_intfc0.ddr_phy_top0.u_ddr_mc_phy_wrapper.u_ddr_mc_phy : RCLK_SELECT_EDGE        = 0 
WARNING: tb_colorbar.top_mig_inst.u_mig_7series_0.u_mig_7series_0_mig.u_memc_ui_top_std.mem_intfc0.ddr_phy_top0.u_ddr_mc_phy_wrapper.u_ddr_mc_phy: The required delay though the phaser_in to internally match the aux_out clock  to ddr clock exceeds the maximum allowable delay. The clock edge  will occur at the output registers of aux_out 556.77 ps before the ddr clock  edge. If aux_out is used for memory inputs, this may violate setup or hold time.
WARNING: Behavioral models for independent clock FIFO configurations do not model synchronization delays. The behavioral models are functionally correct, and will represent the behavior of the configured FIFO. See the FIFO Generator User Guide for more information.
INFO: [USF-XSim-96] XSim completed. Design snapshot 'tb_colorbar_behav' loaded.
INFO: [USF-XSim-97] XSim simulation ran for 1000ns
launch_simulation: Time (s): cpu = 00:00:10 ; elapsed = 00:00:51 . Memory (MB): peak = 3702.438 ; gain = 98.250
run all
PHY_INIT: Memory Initialization completed at          14200100000
run: Time (s): cpu = 00:01:16 ; elapsed = 00:05:25 . Memory (MB): peak = 3828.539 ; gain = 1.531
run all
run: Time (s): cpu = 00:02:43 ; elapsed = 00:26:16 . Memory (MB): peak = 3832.691 ; gain = 1.188
reset_run synth_1
WARNING: [Vivado 12-1017] Problems encountered:
1. Failed to delete one or more files in run directory H:/FPGA_basicproject/mig_color/project/project_migcolorbar/project_migcolorbar.runs/synth_1

launch_runs synth_1 -jobs 8
[Wed Nov 13 19:29:20 2024] Launched synth_1...
Run output will be captured here: H:/FPGA_basicproject/mig_color/project/project_migcolorbar/project_migcolorbar.runs/synth_1/runme.log
launch_runs impl_1 -to_step write_bitstream -jobs 8
[Wed Nov 13 19:32:24 2024] Launched impl_1...
Run output will be captured here: H:/FPGA_basicproject/mig_color/project/project_migcolorbar/project_migcolorbar.runs/impl_1/runme.log
reset_run synth_1
WARNING: [Vivado 12-1017] Problems encountered:
1. Failed to delete one or more files in run directory H:/FPGA_basicproject/mig_color/project/project_migcolorbar/project_migcolorbar.runs/synth_1

launch_runs synth_1 -jobs 8
[Wed Nov 13 19:42:04 2024] Launched synth_1...
Run output will be captured here: H:/FPGA_basicproject/mig_color/project/project_migcolorbar/project_migcolorbar.runs/synth_1/runme.log
reset_run synth_1
WARNING: [Vivado 12-1017] Problems encountered:
1. Failed to delete one or more files in run directory H:/FPGA_basicproject/mig_color/project/project_migcolorbar/project_migcolorbar.runs/synth_1

launch_runs synth_1 -jobs 8
[Wed Nov 13 19:47:49 2024] Launched synth_1...
Run output will be captured here: H:/FPGA_basicproject/mig_color/project/project_migcolorbar/project_migcolorbar.runs/synth_1/runme.log
launch_runs impl_1 -to_step write_bitstream -jobs 8
[Wed Nov 13 19:51:55 2024] Launched impl_1...
Run output will be captured here: H:/FPGA_basicproject/mig_color/project/project_migcolorbar/project_migcolorbar.runs/impl_1/runme.log
reset_run synth_1
WARNING: [Vivado 12-1017] Problems encountered:
1. Failed to delete one or more files in run directory H:/FPGA_basicproject/mig_color/project/project_migcolorbar/project_migcolorbar.runs/synth_1

launch_runs synth_1 -jobs 8
[Wed Nov 13 20:05:20 2024] Launched synth_1...
Run output will be captured here: H:/FPGA_basicproject/mig_color/project/project_migcolorbar/project_migcolorbar.runs/synth_1/runme.log
launch_runs impl_1 -to_step write_bitstream -jobs 8
[Wed Nov 13 20:06:20 2024] Launched impl_1...
Run output will be captured here: H:/FPGA_basicproject/mig_color/project/project_migcolorbar/project_migcolorbar.runs/impl_1/runme.log
open_hw_manager
connect_hw_server -allow_non_jtag
INFO: [Labtools 27-2285] Connecting to hw_server url TCP:localhost:3121
INFO: [Labtools 27-2222] Launching hw_server...
INFO: [Labtools 27-2221] Launch Output:

****** Xilinx hw_server v2019.2
  **** Build date : Nov  6 2019 at 22:12:23
    ** Copyright 1986-2019 Xilinx, Inc. All Rights Reserved.


INFO: [Labtools 27-3415] Connecting to cs_server url TCP:localhost:3042
INFO: [Labtools 27-3417] Launching cs_server...
INFO: [Labtools 27-2221] Launch Output:


****** Xilinx cs_server v2019.2.0
  **** Build date : Nov 07 2019-13:28:22
    ** Copyright 2017-2019 Xilinx, Inc. All Rights Reserved.



connect_hw_server: Time (s): cpu = 00:00:00 ; elapsed = 00:00:06 . Memory (MB): peak = 5352.949 ; gain = 0.000
open_hw_target
INFO: [Labtoolstcl 44-466] Opening hw_target localhost:3121/xilinx_tcf/Digilent/H200526FBD90
set_property PROGRAM.FILE {H:/FPGA_basicproject/mig_color/project/project_migcolorbar/project_migcolorbar.runs/impl_1/top_mig.bit} [get_hw_devices xc7a35t_0]
current_hw_device [get_hw_devices xc7a35t_0]
refresh_hw_device -update_hw_probes false [lindex [get_hw_devices xc7a35t_0] 0]
INFO: [Labtools 27-1434] Device xc7a35t (JTAG device index = 0) is programmed with a design that has no supported debug core(s) in it.
set_property PROBES.FILE {} [get_hw_devices xc7a35t_0]
set_property FULL_PROBES.FILE {} [get_hw_devices xc7a35t_0]
set_property PROGRAM.FILE {H:/FPGA_basicproject/mig_color/project/project_migcolorbar/project_migcolorbar.runs/impl_1/top_mig.bit} [get_hw_devices xc7a35t_0]
program_hw_devices [get_hw_devices xc7a35t_0]
INFO: [Labtools 27-3164] End of startup status: HIGH
refresh_hw_device [lindex [get_hw_devices xc7a35t_0] 0]
INFO: [Labtools 27-1434] Device xc7a35t (JTAG device index = 0) is programmed with a design that has no supported debug core(s) in it.
close_hw_manager
reset_run synth_1
WARNING: [Vivado 12-1017] Problems encountered:
1. Failed to delete one or more files in run directory H:/FPGA_basicproject/mig_color/project/project_migcolorbar/project_migcolorbar.runs/synth_1

launch_runs synth_1 -jobs 8
[Wed Nov 13 20:14:38 2024] Launched synth_1...
Run output will be captured here: H:/FPGA_basicproject/mig_color/project/project_migcolorbar/project_migcolorbar.runs/synth_1/runme.log
launch_runs impl_1 -to_step write_bitstream -jobs 8
[Wed Nov 13 20:16:24 2024] Launched impl_1...
Run output will be captured here: H:/FPGA_basicproject/mig_color/project/project_migcolorbar/project_migcolorbar.runs/impl_1/runme.log
open_hw_manager
connect_hw_server -allow_non_jtag
INFO: [Labtools 27-2285] Connecting to hw_server url TCP:localhost:3121
INFO: [Labtools 27-2222] Launching hw_server...
INFO: [Labtools 27-2221] Launch Output:

****** Xilinx hw_server v2019.2
  **** Build date : Nov  6 2019 at 22:12:23
    ** Copyright 1986-2019 Xilinx, Inc. All Rights Reserved.


INFO: [Labtools 27-3415] Connecting to cs_server url TCP:localhost:3042
INFO: [Labtools 27-3417] Launching cs_server...
INFO: [Labtools 27-2221] Launch Output:


****** Xilinx cs_server v2019.2.0
  **** Build date : Nov 07 2019-13:28:22
    ** Copyright 2017-2019 Xilinx, Inc. All Rights Reserved.



connect_hw_server: Time (s): cpu = 00:00:01 ; elapsed = 00:00:07 . Memory (MB): peak = 5366.488 ; gain = 0.000
open_hw_target
INFO: [Labtoolstcl 44-466] Opening hw_target localhost:3121/xilinx_tcf/Digilent/H200526FBD90
set_property PROGRAM.FILE {H:/FPGA_basicproject/mig_color/project/project_migcolorbar/project_migcolorbar.runs/impl_1/top_mig.bit} [get_hw_devices xc7a35t_0]
current_hw_device [get_hw_devices xc7a35t_0]
refresh_hw_device -update_hw_probes false [lindex [get_hw_devices xc7a35t_0] 0]
INFO: [Labtools 27-1434] Device xc7a35t (JTAG device index = 0) is programmed with a design that has no supported debug core(s) in it.
set_property PROBES.FILE {} [get_hw_devices xc7a35t_0]
set_property FULL_PROBES.FILE {} [get_hw_devices xc7a35t_0]
set_property PROGRAM.FILE {H:/FPGA_basicproject/mig_color/project/project_migcolorbar/project_migcolorbar.runs/impl_1/top_mig.bit} [get_hw_devices xc7a35t_0]
program_hw_devices [get_hw_devices xc7a35t_0]
INFO: [Labtools 27-3164] End of startup status: HIGH
refresh_hw_device [lindex [get_hw_devices xc7a35t_0] 0]
INFO: [Labtools 27-1434] Device xc7a35t (JTAG device index = 0) is programmed with a design that has no supported debug core(s) in it.
close_hw_manager
reset_run synth_1
WARNING: [Vivado 12-1017] Problems encountered:
1. Failed to delete one or more files in run directory H:/FPGA_basicproject/mig_color/project/project_migcolorbar/project_migcolorbar.runs/synth_1

launch_runs synth_1 -jobs 8
[Wed Nov 13 21:11:58 2024] Launched synth_1...
Run output will be captured here: H:/FPGA_basicproject/mig_color/project/project_migcolorbar/project_migcolorbar.runs/synth_1/runme.log
launch_runs impl_1 -to_step write_bitstream -jobs 8
[Wed Nov 13 21:13:03 2024] Launched impl_1...
Run output will be captured here: H:/FPGA_basicproject/mig_color/project/project_migcolorbar/project_migcolorbar.runs/impl_1/runme.log
reset_run synth_1
WARNING: [Vivado 12-1017] Problems encountered:
1. Failed to delete one or more files in run directory H:/FPGA_basicproject/mig_color/project/project_migcolorbar/project_migcolorbar.runs/synth_1

launch_runs synth_1 -jobs 8
[Wed Nov 13 21:16:50 2024] Launched synth_1...
Run output will be captured here: H:/FPGA_basicproject/mig_color/project/project_migcolorbar/project_migcolorbar.runs/synth_1/runme.log
launch_runs impl_1 -to_step write_bitstream -jobs 8
[Wed Nov 13 21:17:34 2024] Launched impl_1...
Run output will be captured here: H:/FPGA_basicproject/mig_color/project/project_migcolorbar/project_migcolorbar.runs/impl_1/runme.log
open_hw_manager
connect_hw_server -allow_non_jtag
INFO: [Labtools 27-2285] Connecting to hw_server url TCP:localhost:3121
INFO: [Labtools 27-2222] Launching hw_server...
INFO: [Labtools 27-2221] Launch Output:

****** Xilinx hw_server v2019.2
  **** Build date : Nov  6 2019 at 22:12:23
    ** Copyright 1986-2019 Xilinx, Inc. All Rights Reserved.


INFO: [Labtools 27-3415] Connecting to cs_server url TCP:localhost:3042
INFO: [Labtools 27-3417] Launching cs_server...
INFO: [Labtools 27-2221] Launch Output:


****** Xilinx cs_server v2019.2.0
  **** Build date : Nov 07 2019-13:28:22
    ** Copyright 2017-2019 Xilinx, Inc. All Rights Reserved.



connect_hw_server: Time (s): cpu = 00:00:01 ; elapsed = 00:00:06 . Memory (MB): peak = 5367.098 ; gain = 0.000
open_hw_target
INFO: [Labtoolstcl 44-466] Opening hw_target localhost:3121/xilinx_tcf/Digilent/H200526FBD90
set_property PROGRAM.FILE {H:/FPGA_basicproject/mig_color/project/project_migcolorbar/project_migcolorbar.runs/impl_1/top_mig.bit} [get_hw_devices xc7a35t_0]
current_hw_device [get_hw_devices xc7a35t_0]
refresh_hw_device -update_hw_probes false [lindex [get_hw_devices xc7a35t_0] 0]
INFO: [Labtools 27-1434] Device xc7a35t (JTAG device index = 0) is programmed with a design that has no supported debug core(s) in it.
set_property PROBES.FILE {} [get_hw_devices xc7a35t_0]
set_property FULL_PROBES.FILE {} [get_hw_devices xc7a35t_0]
set_property PROGRAM.FILE {H:/FPGA_basicproject/mig_color/project/project_migcolorbar/project_migcolorbar.runs/impl_1/top_mig.bit} [get_hw_devices xc7a35t_0]
program_hw_devices [get_hw_devices xc7a35t_0]
INFO: [Labtools 27-3164] End of startup status: HIGH
refresh_hw_device [lindex [get_hw_devices xc7a35t_0] 0]
INFO: [Labtools 27-1434] Device xc7a35t (JTAG device index = 0) is programmed with a design that has no supported debug core(s) in it.
reset_run synth_1
WARNING: [Vivado 12-1017] Problems encountered:
1. Failed to delete one or more files in run directory H:/FPGA_basicproject/mig_color/project/project_migcolorbar/project_migcolorbar.runs/synth_1

launch_runs synth_1 -jobs 8
[Wed Nov 13 21:44:54 2024] Launched synth_1...
Run output will be captured here: H:/FPGA_basicproject/mig_color/project/project_migcolorbar/project_migcolorbar.runs/synth_1/runme.log
launch_runs impl_1 -to_step write_bitstream -jobs 8
[Wed Nov 13 21:46:00 2024] Launched impl_1...
Run output will be captured here: H:/FPGA_basicproject/mig_color/project/project_migcolorbar/project_migcolorbar.runs/impl_1/runme.log
set_property PROBES.FILE {} [get_hw_devices xc7a35t_0]
set_property FULL_PROBES.FILE {} [get_hw_devices xc7a35t_0]
set_property PROGRAM.FILE {H:/FPGA_basicproject/mig_color/project/project_migcolorbar/project_migcolorbar.runs/impl_1/top_mig.bit} [get_hw_devices xc7a35t_0]
program_hw_devices [get_hw_devices xc7a35t_0]
INFO: [Labtools 27-3164] End of startup status: HIGH
refresh_hw_device [lindex [get_hw_devices xc7a35t_0] 0]
INFO: [Labtools 27-1434] Device xc7a35t (JTAG device index = 0) is programmed with a design that has no supported debug core(s) in it.
close_hw_manager
reset_run synth_1
WARNING: [Vivado 12-1017] Problems encountered:
1. Failed to delete one or more files in run directory H:/FPGA_basicproject/mig_color/project/project_migcolorbar/project_migcolorbar.runs/synth_1

launch_runs synth_1 -jobs 8
[Wed Nov 13 21:51:17 2024] Launched synth_1...
Run output will be captured here: H:/FPGA_basicproject/mig_color/project/project_migcolorbar/project_migcolorbar.runs/synth_1/runme.log
launch_runs impl_1 -to_step write_bitstream -jobs 8
[Wed Nov 13 21:52:23 2024] Launched impl_1...
Run output will be captured here: H:/FPGA_basicproject/mig_color/project/project_migcolorbar/project_migcolorbar.runs/impl_1/runme.log
open_hw_manager
connect_hw_server -allow_non_jtag
INFO: [Labtools 27-2285] Connecting to hw_server url TCP:localhost:3121
INFO: [Labtools 27-2222] Launching hw_server...
INFO: [Labtools 27-2221] Launch Output:

****** Xilinx hw_server v2019.2
  **** Build date : Nov  6 2019 at 22:12:23
    ** Copyright 1986-2019 Xilinx, Inc. All Rights Reserved.


INFO: [Labtools 27-3415] Connecting to cs_server url TCP:localhost:3042
INFO: [Labtools 27-3417] Launching cs_server...
INFO: [Labtools 27-2221] Launch Output:


****** Xilinx cs_server v2019.2.0
  **** Build date : Nov 07 2019-13:28:22
    ** Copyright 2017-2019 Xilinx, Inc. All Rights Reserved.



connect_hw_server: Time (s): cpu = 00:00:00 ; elapsed = 00:00:06 . Memory (MB): peak = 5367.098 ; gain = 0.000
open_hw_target
INFO: [Labtoolstcl 44-466] Opening hw_target localhost:3121/xilinx_tcf/Digilent/H200526FBD90
set_property PROGRAM.FILE {H:/FPGA_basicproject/mig_color/project/project_migcolorbar/project_migcolorbar.runs/impl_1/top_mig.bit} [get_hw_devices xc7a35t_0]
current_hw_device [get_hw_devices xc7a35t_0]
refresh_hw_device -update_hw_probes false [lindex [get_hw_devices xc7a35t_0] 0]
INFO: [Labtools 27-1434] Device xc7a35t (JTAG device index = 0) is programmed with a design that has no supported debug core(s) in it.
set_property PROBES.FILE {} [get_hw_devices xc7a35t_0]
set_property FULL_PROBES.FILE {} [get_hw_devices xc7a35t_0]
set_property PROGRAM.FILE {H:/FPGA_basicproject/mig_color/project/project_migcolorbar/project_migcolorbar.runs/impl_1/top_mig.bit} [get_hw_devices xc7a35t_0]
program_hw_devices [get_hw_devices xc7a35t_0]
INFO: [Labtools 27-3164] End of startup status: HIGH
refresh_hw_device [lindex [get_hw_devices xc7a35t_0] 0]
INFO: [Labtools 27-1434] Device xc7a35t (JTAG device index = 0) is programmed with a design that has no supported debug core(s) in it.
reset_run synth_1
WARNING: [Vivado 12-1017] Problems encountered:
1. Failed to delete one or more files in run directory H:/FPGA_basicproject/mig_color/project/project_migcolorbar/project_migcolorbar.runs/synth_1

launch_runs synth_1 -jobs 8
[Wed Nov 13 21:57:00 2024] Launched synth_1...
Run output will be captured here: H:/FPGA_basicproject/mig_color/project/project_migcolorbar/project_migcolorbar.runs/synth_1/runme.log
launch_runs impl_1 -to_step write_bitstream -jobs 8
[Wed Nov 13 21:57:55 2024] Launched impl_1...
Run output will be captured here: H:/FPGA_basicproject/mig_color/project/project_migcolorbar/project_migcolorbar.runs/impl_1/runme.log
set_property PROBES.FILE {} [get_hw_devices xc7a35t_0]
set_property FULL_PROBES.FILE {} [get_hw_devices xc7a35t_0]
set_property PROGRAM.FILE {H:/FPGA_basicproject/mig_color/project/project_migcolorbar/project_migcolorbar.runs/impl_1/top_mig.bit} [get_hw_devices xc7a35t_0]
program_hw_devices [get_hw_devices xc7a35t_0]
INFO: [Labtools 27-3164] End of startup status: HIGH
refresh_hw_device [lindex [get_hw_devices xc7a35t_0] 0]
INFO: [Labtools 27-1434] Device xc7a35t (JTAG device index = 0) is programmed with a design that has no supported debug core(s) in it.
